15:10:17 INFO  : Registering command handlers for SDK TCF services
15:10:17 INFO  : Launching XSCT server: xsct.bat -interactive D:\Drive_D\ELD2023\Lab10_HW\Lab10_HW.sdk\temp_xsdb_launch_script.tcl
15:10:19 INFO  : XSCT server has started successfully.
15:10:19 INFO  : Successfully done setting XSCT server connection channel  
15:10:20 INFO  : Successfully done setting SDK workspace  
15:10:20 INFO  : Processing command line option -hwspec D:/Drive_D/ELD2023/Lab10_HW/Lab10_HW.sdk/design_fft_wrapper.hdf.
16:00:59 INFO  : Refreshed build settings on project Lab10_fft
16:02:36 INFO  : Connected through redirection to target on host '192.168.226.142' and port '55043'.
16:02:40 INFO  : Jtag cable 'Digilent Zed 210248722230' is selected.
16:02:40 INFO  : 'jtag frequency' command is executed.
16:02:40 INFO  : Sourcing of 'D:/Drive_D/ELD2023/Lab10_HW/Lab10_HW.sdk/design_fft_wrapper_hw_platform_0/ps7_init.tcl' is done.
16:02:46 INFO  : Context for 'APU' is selected.
16:02:47 INFO  : System reset is completed.
16:02:50 INFO  : 'after 3000' command is executed.
16:03:00 INFO  : 'targets -set -filter {jtag_cable_name =~ "Digilent Zed 210248722230" && level==0} -index 1' command is executed.
16:03:05 INFO  : FPGA configured successfully with bitstream "D:/Drive_D/ELD2023/Lab10_HW/Lab10_HW.sdk/design_fft_wrapper_hw_platform_0/design_fft_wrapper.bit"
16:03:05 INFO  : Context for 'APU' is selected.
16:03:05 INFO  : Hardware design information is loaded from 'D:/Drive_D/ELD2023/Lab10_HW/Lab10_HW.sdk/design_fft_wrapper_hw_platform_0/system.hdf'.
16:03:05 INFO  : 'configparams force-mem-access 1' command is executed.
16:03:06 INFO  : Context for 'APU' is selected.
16:03:17 INFO  : 'ps7_init' command is executed.
16:03:17 INFO  : 'ps7_post_config' command is executed.
16:03:18 INFO  : Context for processor 'ps7_cortexa9_0' is selected.
16:03:18 INFO  : The application 'D:/Drive_D/ELD2023/Lab10_HW/Lab10_HW.sdk/Lab10_fft/Debug/Lab10_fft.elf' is downloaded to processor 'ps7_cortexa9_0'.
16:03:18 INFO  : 'configparams force-mem-access 0' command is executed.
16:03:18 INFO  : ----------------XSDB Script----------------
connect -path [list tcp::1534 tcp:192.168.226.142:55043]
source D:/Drive_D/ELD2023/Lab10_HW/Lab10_HW.sdk/design_fft_wrapper_hw_platform_0/ps7_init.tcl
targets -set -nocase -filter {name =~"APU*" && jtag_cable_name =~ "Digilent Zed 210248722230"} -index 0
rst -system
after 3000
targets -set -filter {jtag_cable_name =~ "Digilent Zed 210248722230" && level==0} -index 1
fpga -file D:/Drive_D/ELD2023/Lab10_HW/Lab10_HW.sdk/design_fft_wrapper_hw_platform_0/design_fft_wrapper.bit
targets -set -nocase -filter {name =~"APU*" && jtag_cable_name =~ "Digilent Zed 210248722230"} -index 0
loadhw -hw D:/Drive_D/ELD2023/Lab10_HW/Lab10_HW.sdk/design_fft_wrapper_hw_platform_0/system.hdf -mem-ranges [list {0x40000000 0xbfffffff}]
configparams force-mem-access 1
targets -set -nocase -filter {name =~"APU*" && jtag_cable_name =~ "Digilent Zed 210248722230"} -index 0
ps7_init
ps7_post_config
targets -set -nocase -filter {name =~ "ARM*#0" && jtag_cable_name =~ "Digilent Zed 210248722230"} -index 0
dow D:/Drive_D/ELD2023/Lab10_HW/Lab10_HW.sdk/Lab10_fft/Debug/Lab10_fft.elf
configparams force-mem-access 0
----------------End of Script----------------

16:03:19 INFO  : Memory regions updated for context APU
16:03:19 INFO  : Launch script is exported to file 'D:\Drive_D\ELD2023\Lab10_HW\Lab10_HW.sdk\.sdk\launch_scripts\xilinx_c-c++_application_(system_debugger)\system_debugger_using_debug_lab10_fft.elf_on_zedb.tcl'
16:09:13 INFO  : Disconnected from the channel tcfchan#1.
20:12:19 INFO  : Launching XSCT server: xsct.bat -interactive D:\Drive_D\ELD2023\Lab10_HW\Lab10_HW.sdk\temp_xsdb_launch_script.tcl
20:12:19 INFO  : Registering command handlers for SDK TCF services
20:12:22 INFO  : XSCT server has started successfully.
20:12:22 INFO  : Successfully done setting XSCT server connection channel  
20:12:22 INFO  : Successfully done setting SDK workspace  
20:12:22 INFO  : Processing command line option -hwspec D:/Drive_D/ELD2023/Lab10_HW/Lab10_HW.sdk/design_fft_wrapper.hdf.
20:12:22 INFO  : Checking for hwspec changes in the project design_fft_wrapper_hw_platform_0.
20:16:08 INFO  : Connected through redirection to target on host '192.168.226.142' and port '64509'.
20:16:14 INFO  : Jtag cable 'Digilent Zed 210248722230' is selected.
20:16:14 INFO  : 'jtag frequency' command is executed.
20:16:14 INFO  : Sourcing of 'D:/Drive_D/ELD2023/Lab10_HW/Lab10_HW.sdk/design_fft_wrapper_hw_platform_0/ps7_init.tcl' is done.
20:16:21 INFO  : Context for 'APU' is selected.
20:16:21 INFO  : System reset is completed.
20:16:24 INFO  : 'after 3000' command is executed.
20:16:29 INFO  : 'targets -set -filter {jtag_cable_name =~ "Digilent Zed 210248722230" && level==0} -index 1' command is executed.
20:16:33 INFO  : FPGA configured successfully with bitstream "D:/Drive_D/ELD2023/Lab10_HW/Lab10_HW.sdk/design_fft_wrapper_hw_platform_0/design_fft_wrapper.bit"
20:16:33 INFO  : Context for 'APU' is selected.
20:16:33 INFO  : Hardware design information is loaded from 'D:/Drive_D/ELD2023/Lab10_HW/Lab10_HW.sdk/design_fft_wrapper_hw_platform_0/system.hdf'.
20:16:33 INFO  : 'configparams force-mem-access 1' command is executed.
20:16:33 INFO  : Context for 'APU' is selected.
20:16:50 INFO  : 'ps7_init' command is executed.
20:16:51 INFO  : 'ps7_post_config' command is executed.
20:16:51 INFO  : Context for processor 'ps7_cortexa9_0' is selected.
20:16:52 INFO  : The application 'D:/Drive_D/ELD2023/Lab10_HW/Lab10_HW.sdk/Lab10_fft/Debug/Lab10_fft.elf' is downloaded to processor 'ps7_cortexa9_0'.
20:16:52 INFO  : 'configparams force-mem-access 0' command is executed.
20:16:52 INFO  : ----------------XSDB Script----------------
connect -path [list tcp::1534 tcp:192.168.226.142:64509]
source D:/Drive_D/ELD2023/Lab10_HW/Lab10_HW.sdk/design_fft_wrapper_hw_platform_0/ps7_init.tcl
targets -set -nocase -filter {name =~"APU*" && jtag_cable_name =~ "Digilent Zed 210248722230"} -index 0
rst -system
after 3000
targets -set -filter {jtag_cable_name =~ "Digilent Zed 210248722230" && level==0} -index 1
fpga -file D:/Drive_D/ELD2023/Lab10_HW/Lab10_HW.sdk/design_fft_wrapper_hw_platform_0/design_fft_wrapper.bit
targets -set -nocase -filter {name =~"APU*" && jtag_cable_name =~ "Digilent Zed 210248722230"} -index 0
loadhw -hw D:/Drive_D/ELD2023/Lab10_HW/Lab10_HW.sdk/design_fft_wrapper_hw_platform_0/system.hdf -mem-ranges [list {0x40000000 0xbfffffff}]
configparams force-mem-access 1
targets -set -nocase -filter {name =~"APU*" && jtag_cable_name =~ "Digilent Zed 210248722230"} -index 0
ps7_init
ps7_post_config
targets -set -nocase -filter {name =~ "ARM*#0" && jtag_cable_name =~ "Digilent Zed 210248722230"} -index 0
dow D:/Drive_D/ELD2023/Lab10_HW/Lab10_HW.sdk/Lab10_fft/Debug/Lab10_fft.elf
configparams force-mem-access 0
----------------End of Script----------------

20:16:52 INFO  : Memory regions updated for context APU
20:16:52 INFO  : Launch script is exported to file 'D:\Drive_D\ELD2023\Lab10_HW\Lab10_HW.sdk\.sdk\launch_scripts\xilinx_c-c++_application_(system_debugger)\system_debugger_using_debug_lab10_fft.elf_on_zedb.tcl'
20:27:01 INFO  : Disconnected from the channel tcfchan#1.
20:27:02 INFO  : Connected through redirection to target on host '192.168.226.142' and port '64509'.
20:27:03 INFO  : Jtag cable 'Digilent Zed 210248722230' is selected.
20:27:03 INFO  : 'jtag frequency' command is executed.
20:27:03 INFO  : Sourcing of 'D:/Drive_D/ELD2023/Lab10_HW/Lab10_HW.sdk/design_fft_wrapper_hw_platform_0/ps7_init.tcl' is done.
20:27:03 INFO  : Context for 'APU' is selected.
20:27:05 INFO  : System reset is completed.
20:27:08 INFO  : 'after 3000' command is executed.
20:27:08 INFO  : 'targets -set -filter {jtag_cable_name =~ "Digilent Zed 210248722230" && level==0} -index 1' command is executed.
20:27:12 INFO  : FPGA configured successfully with bitstream "D:/Drive_D/ELD2023/Lab10_HW/Lab10_HW.sdk/design_fft_wrapper_hw_platform_0/design_fft_wrapper.bit"
20:27:12 INFO  : Context for 'APU' is selected.
20:27:13 INFO  : Hardware design information is loaded from 'D:/Drive_D/ELD2023/Lab10_HW/Lab10_HW.sdk/design_fft_wrapper_hw_platform_0/system.hdf'.
20:27:13 INFO  : 'configparams force-mem-access 1' command is executed.
20:27:13 INFO  : Context for 'APU' is selected.
20:27:29 INFO  : 'ps7_init' command is executed.
20:27:29 INFO  : 'ps7_post_config' command is executed.
20:27:29 INFO  : Context for processor 'ps7_cortexa9_0' is selected.
20:27:30 INFO  : The application 'D:/Drive_D/ELD2023/Lab10_HW/Lab10_HW.sdk/Lab10_fft/Debug/Lab10_fft.elf' is downloaded to processor 'ps7_cortexa9_0'.
20:27:30 INFO  : 'configparams force-mem-access 0' command is executed.
20:27:30 INFO  : ----------------XSDB Script----------------
connect -path [list tcp::1534 tcp:192.168.226.142:64509]
source D:/Drive_D/ELD2023/Lab10_HW/Lab10_HW.sdk/design_fft_wrapper_hw_platform_0/ps7_init.tcl
targets -set -nocase -filter {name =~"APU*" && jtag_cable_name =~ "Digilent Zed 210248722230"} -index 0
rst -system
after 3000
targets -set -filter {jtag_cable_name =~ "Digilent Zed 210248722230" && level==0} -index 1
fpga -file D:/Drive_D/ELD2023/Lab10_HW/Lab10_HW.sdk/design_fft_wrapper_hw_platform_0/design_fft_wrapper.bit
targets -set -nocase -filter {name =~"APU*" && jtag_cable_name =~ "Digilent Zed 210248722230"} -index 0
loadhw -hw D:/Drive_D/ELD2023/Lab10_HW/Lab10_HW.sdk/design_fft_wrapper_hw_platform_0/system.hdf -mem-ranges [list {0x40000000 0xbfffffff}]
configparams force-mem-access 1
targets -set -nocase -filter {name =~"APU*" && jtag_cable_name =~ "Digilent Zed 210248722230"} -index 0
ps7_init
ps7_post_config
targets -set -nocase -filter {name =~ "ARM*#0" && jtag_cable_name =~ "Digilent Zed 210248722230"} -index 0
dow D:/Drive_D/ELD2023/Lab10_HW/Lab10_HW.sdk/Lab10_fft/Debug/Lab10_fft.elf
configparams force-mem-access 0
----------------End of Script----------------

20:27:31 INFO  : Memory regions updated for context APU
20:27:31 INFO  : Launch script is exported to file 'D:\Drive_D\ELD2023\Lab10_HW\Lab10_HW.sdk\.sdk\launch_scripts\xilinx_c-c++_application_(system_debugger)\system_debugger_using_debug_lab10_fft.elf_on_zedb.tcl'
20:30:15 WARN  : channel "tcfchan#2" closed
23:23:42 INFO  : Registering command handlers for SDK TCF services
23:23:47 INFO  : Launching XSCT server: xsct.bat -interactive D:\Drive_D\ELD2023\Lab10_HW\Lab10_HW.sdk\temp_xsdb_launch_script.tcl
23:23:57 INFO  : XSCT server has started successfully.
23:23:59 INFO  : Successfully done setting XSCT server connection channel  
23:23:59 INFO  : Processing command line option -hwspec D:/Drive_D/ELD2023/Lab10_HW/Lab10_HW.sdk/design_fft_wrapper.hdf.
23:23:59 INFO  : Successfully done setting SDK workspace  
23:23:59 INFO  : Checking for hwspec changes in the project design_fft_wrapper_hw_platform_0.
23:31:04 INFO  : Connected to target on host '192.168.226.142' and port '62159'.
23:31:37 INFO  : Connected through redirection to target on host '192.168.226.142' and port '62159'.
23:31:38 INFO  : Jtag cable 'Digilent Zed 210248722230' is selected.
23:31:38 INFO  : 'jtag frequency' command is executed.
23:31:38 INFO  : Sourcing of 'D:/Drive_D/ELD2023/Lab10_HW/Lab10_HW.sdk/design_fft_wrapper_hw_platform_0/ps7_init.tcl' is done.
23:31:39 INFO  : Context for 'APU' is selected.
23:31:40 INFO  : System reset is completed.
23:31:43 INFO  : 'after 3000' command is executed.
23:31:43 INFO  : 'targets -set -filter {jtag_cable_name =~ "Digilent Zed 210248722230" && level==0} -index 1' command is executed.
23:31:47 INFO  : FPGA configured successfully with bitstream "D:/Drive_D/ELD2023/Lab10_HW/Lab10_HW.sdk/design_fft_wrapper_hw_platform_0/design_fft_wrapper.bit"
23:31:47 INFO  : Context for 'APU' is selected.
23:31:48 INFO  : Hardware design information is loaded from 'D:/Drive_D/ELD2023/Lab10_HW/Lab10_HW.sdk/design_fft_wrapper_hw_platform_0/system.hdf'.
23:31:48 INFO  : 'configparams force-mem-access 1' command is executed.
23:31:48 INFO  : Context for 'APU' is selected.
23:32:37 INFO  : 'ps7_init' command is executed.
23:32:39 INFO  : 'ps7_post_config' command is executed.
23:32:39 INFO  : Context for processor 'ps7_cortexa9_0' is selected.
23:32:40 INFO  : The application 'D:/Drive_D/ELD2023/Lab10_HW/Lab10_HW.sdk/Lab10_fft/Debug/Lab10_fft.elf' is downloaded to processor 'ps7_cortexa9_0'.
23:32:40 INFO  : 'configparams force-mem-access 0' command is executed.
23:32:40 INFO  : ----------------XSDB Script----------------
connect -path [list tcp::1534 tcp:192.168.226.142:62159]
source D:/Drive_D/ELD2023/Lab10_HW/Lab10_HW.sdk/design_fft_wrapper_hw_platform_0/ps7_init.tcl
targets -set -nocase -filter {name =~"APU*" && jtag_cable_name =~ "Digilent Zed 210248722230"} -index 0
rst -system
after 3000
targets -set -filter {jtag_cable_name =~ "Digilent Zed 210248722230" && level==0} -index 1
fpga -file D:/Drive_D/ELD2023/Lab10_HW/Lab10_HW.sdk/design_fft_wrapper_hw_platform_0/design_fft_wrapper.bit
targets -set -nocase -filter {name =~"APU*" && jtag_cable_name =~ "Digilent Zed 210248722230"} -index 0
loadhw -hw D:/Drive_D/ELD2023/Lab10_HW/Lab10_HW.sdk/design_fft_wrapper_hw_platform_0/system.hdf -mem-ranges [list {0x40000000 0xbfffffff}]
configparams force-mem-access 1
targets -set -nocase -filter {name =~"APU*" && jtag_cable_name =~ "Digilent Zed 210248722230"} -index 0
ps7_init
ps7_post_config
targets -set -nocase -filter {name =~ "ARM*#0" && jtag_cable_name =~ "Digilent Zed 210248722230"} -index 0
dow D:/Drive_D/ELD2023/Lab10_HW/Lab10_HW.sdk/Lab10_fft/Debug/Lab10_fft.elf
configparams force-mem-access 0
----------------End of Script----------------

23:32:41 INFO  : Memory regions updated for context APU
23:32:41 INFO  : Launch script is exported to file 'D:\Drive_D\ELD2023\Lab10_HW\Lab10_HW.sdk\.sdk\launch_scripts\xilinx_c-c++_application_(system_debugger)\system_debugger_using_debug_lab10_fft.elf_on_zedb.tcl'
23:37:46 INFO  : Disconnected from the channel tcfchan#2.
17:03:28 INFO  : Registering command handlers for SDK TCF services
17:03:29 INFO  : Launching XSCT server: xsct.bat -interactive D:\Drive_D\ELD2023\Lab10_HW\Lab10_HW.sdk\temp_xsdb_launch_script.tcl
17:03:31 INFO  : XSCT server has started successfully.
17:03:31 INFO  : Successfully done setting XSCT server connection channel  
17:03:31 INFO  : Successfully done setting SDK workspace  
17:03:31 INFO  : Processing command line option -hwspec D:/Drive_D/ELD2023/Lab10_HW/Lab10_HW.sdk/design_fft_wrapper.hdf.
17:03:31 INFO  : Checking for hwspec changes in the project design_fft_wrapper_hw_platform_0.
17:13:44 INFO  : Connected through redirection to target on host '192.168.226.142' and port '63753'.
17:13:44 INFO  : Jtag cable 'Digilent Zed 210248685247' is selected.
17:13:44 INFO  : 'jtag frequency' command is executed.
17:13:44 INFO  : Sourcing of 'D:/Drive_D/ELD2023/Lab10_HW/Lab10_HW.sdk/design_fft_wrapper_hw_platform_0/ps7_init.tcl' is done.
17:13:47 ERROR : no targets found with "name =~"APU*" && jtag_cable_name =~ "Digilent Zed 210248685247"". available targets:
  1  DAP (JTAG port open error. AP transaction error, DAP status 30000021)
  2  xc7z020
     3  Legacy Debug Hub
17:13:47 INFO  : ----------------XSDB Script----------------
connect -path [list tcp::1534 tcp:192.168.226.142:63753]
source D:/Drive_D/ELD2023/Lab10_HW/Lab10_HW.sdk/design_fft_wrapper_hw_platform_0/ps7_init.tcl
targets -set -nocase -filter {name =~"APU*" && jtag_cable_name =~ "Digilent Zed 210248685247"} -index 0
----------------End of Script----------------

17:16:55 INFO  : Connected through redirection to target on host '192.168.226.142' and port '53586'.
17:17:02 INFO  : Jtag cable 'Digilent Zed 210248722230' is selected.
17:17:02 INFO  : 'jtag frequency' command is executed.
17:17:02 INFO  : Sourcing of 'D:/Drive_D/ELD2023/Lab10_HW/Lab10_HW.sdk/design_fft_wrapper_hw_platform_0/ps7_init.tcl' is done.
17:17:02 INFO  : Context for 'APU' is selected.
17:17:03 INFO  : System reset is completed.
17:17:06 INFO  : 'after 3000' command is executed.
17:17:06 INFO  : 'targets -set -filter {jtag_cable_name =~ "Digilent Zed 210248722230" && level==0} -index 1' command is executed.
17:17:08 INFO  : FPGA configured successfully with bitstream "D:/Drive_D/ELD2023/Lab10_HW/Lab10_HW.sdk/design_fft_wrapper_hw_platform_0/design_fft_wrapper.bit"
17:17:08 INFO  : Context for 'APU' is selected.
17:17:08 INFO  : Hardware design information is loaded from 'D:/Drive_D/ELD2023/Lab10_HW/Lab10_HW.sdk/design_fft_wrapper_hw_platform_0/system.hdf'.
17:17:08 INFO  : 'configparams force-mem-access 1' command is executed.
17:17:08 INFO  : Context for 'APU' is selected.
17:17:11 INFO  : 'ps7_init' command is executed.
17:17:11 INFO  : 'ps7_post_config' command is executed.
17:17:11 INFO  : Context for processor 'ps7_cortexa9_0' is selected.
17:17:12 INFO  : The application 'D:/Drive_D/ELD2023/Lab10_HW/Lab10_HW.sdk/Lab10_fft/Debug/Lab10_fft.elf' is downloaded to processor 'ps7_cortexa9_0'.
17:17:12 INFO  : 'configparams force-mem-access 0' command is executed.
17:17:12 INFO  : ----------------XSDB Script----------------
connect -path [list tcp::1534 tcp:192.168.226.142:53586]
source D:/Drive_D/ELD2023/Lab10_HW/Lab10_HW.sdk/design_fft_wrapper_hw_platform_0/ps7_init.tcl
targets -set -nocase -filter {name =~"APU*" && jtag_cable_name =~ "Digilent Zed 210248722230"} -index 0
rst -system
after 3000
targets -set -filter {jtag_cable_name =~ "Digilent Zed 210248722230" && level==0} -index 1
fpga -file D:/Drive_D/ELD2023/Lab10_HW/Lab10_HW.sdk/design_fft_wrapper_hw_platform_0/design_fft_wrapper.bit
targets -set -nocase -filter {name =~"APU*" && jtag_cable_name =~ "Digilent Zed 210248722230"} -index 0
loadhw -hw D:/Drive_D/ELD2023/Lab10_HW/Lab10_HW.sdk/design_fft_wrapper_hw_platform_0/system.hdf -mem-ranges [list {0x40000000 0xbfffffff}]
configparams force-mem-access 1
targets -set -nocase -filter {name =~"APU*" && jtag_cable_name =~ "Digilent Zed 210248722230"} -index 0
ps7_init
ps7_post_config
targets -set -nocase -filter {name =~ "ARM*#0" && jtag_cable_name =~ "Digilent Zed 210248722230"} -index 0
dow D:/Drive_D/ELD2023/Lab10_HW/Lab10_HW.sdk/Lab10_fft/Debug/Lab10_fft.elf
configparams force-mem-access 0
----------------End of Script----------------

17:17:12 INFO  : Memory regions updated for context APU
17:17:12 INFO  : Launch script is exported to file 'D:\Drive_D\ELD2023\Lab10_HW\Lab10_HW.sdk\.sdk\launch_scripts\xilinx_c-c++_application_(system_debugger)\system_debugger_using_debug_lab10_fft.elf_on_zedb.tcl'
17:30:10 WARN  : channel "tcfchan#2" closed
14:00:41 INFO  : Registering command handlers for SDK TCF services
14:00:41 INFO  : Launching XSCT server: xsct.bat -interactive D:\Drive_D\ELD2023\Lab10_HW\Lab10_HW.sdk\temp_xsdb_launch_script.tcl
14:00:42 INFO  : XSCT server has started successfully.
14:00:43 INFO  : Successfully done setting XSCT server connection channel  
14:00:43 INFO  : Successfully done setting SDK workspace  
14:00:43 INFO  : Processing command line option -hwspec D:/Drive_D/ELD2023/Lab10_HW/Lab10_HW.sdk/design_fft_wrapper.hdf.
14:00:43 INFO  : Checking for hwspec changes in the project design_fft_wrapper_hw_platform_0.
14:05:57 INFO  : Connected to target on host '192.168.226.142' and port '63908'.
14:06:30 INFO  : Connected through redirection to target on host '192.168.226.142' and port '63908'.
14:06:30 INFO  : Jtag cable 'Digilent Zed 210248722230' is selected.
14:06:30 INFO  : 'jtag frequency' command is executed.
14:06:30 INFO  : Sourcing of 'D:/Drive_D/ELD2023/Lab10_HW/Lab10_HW.sdk/design_fft_wrapper_hw_platform_0/ps7_init.tcl' is done.
14:06:30 INFO  : Context for 'APU' is selected.
14:06:30 INFO  : System reset is completed.
14:06:33 INFO  : 'after 3000' command is executed.
14:06:33 INFO  : 'targets -set -filter {jtag_cable_name =~ "Digilent Zed 210248722230" && level==0} -index 1' command is executed.
14:06:36 INFO  : FPGA configured successfully with bitstream "D:/Drive_D/ELD2023/Lab10_HW/Lab10_HW.sdk/design_fft_wrapper_hw_platform_0/design_fft_wrapper.bit"
14:06:36 INFO  : Context for 'APU' is selected.
14:06:36 INFO  : Hardware design information is loaded from 'D:/Drive_D/ELD2023/Lab10_HW/Lab10_HW.sdk/design_fft_wrapper_hw_platform_0/system.hdf'.
14:06:36 INFO  : 'configparams force-mem-access 1' command is executed.
14:06:36 INFO  : Context for 'APU' is selected.
14:06:38 INFO  : 'ps7_init' command is executed.
14:06:38 INFO  : 'ps7_post_config' command is executed.
14:06:38 INFO  : Context for processor 'ps7_cortexa9_0' is selected.
14:06:38 INFO  : The application 'D:/Drive_D/ELD2023/Lab10_HW/Lab10_HW.sdk/Lab10_fft/Debug/Lab10_fft.elf' is downloaded to processor 'ps7_cortexa9_0'.
14:06:38 INFO  : 'configparams force-mem-access 0' command is executed.
14:06:38 INFO  : ----------------XSDB Script----------------
connect -path [list tcp::1534 tcp:192.168.226.142:63908]
source D:/Drive_D/ELD2023/Lab10_HW/Lab10_HW.sdk/design_fft_wrapper_hw_platform_0/ps7_init.tcl
targets -set -nocase -filter {name =~"APU*" && jtag_cable_name =~ "Digilent Zed 210248722230"} -index 0
rst -system
after 3000
targets -set -filter {jtag_cable_name =~ "Digilent Zed 210248722230" && level==0} -index 1
fpga -file D:/Drive_D/ELD2023/Lab10_HW/Lab10_HW.sdk/design_fft_wrapper_hw_platform_0/design_fft_wrapper.bit
targets -set -nocase -filter {name =~"APU*" && jtag_cable_name =~ "Digilent Zed 210248722230"} -index 0
loadhw -hw D:/Drive_D/ELD2023/Lab10_HW/Lab10_HW.sdk/design_fft_wrapper_hw_platform_0/system.hdf -mem-ranges [list {0x40000000 0xbfffffff}]
configparams force-mem-access 1
targets -set -nocase -filter {name =~"APU*" && jtag_cable_name =~ "Digilent Zed 210248722230"} -index 0
ps7_init
ps7_post_config
targets -set -nocase -filter {name =~ "ARM*#0" && jtag_cable_name =~ "Digilent Zed 210248722230"} -index 0
dow D:/Drive_D/ELD2023/Lab10_HW/Lab10_HW.sdk/Lab10_fft/Debug/Lab10_fft.elf
configparams force-mem-access 0
----------------End of Script----------------

14:06:38 INFO  : Memory regions updated for context APU
14:06:38 INFO  : Launch script is exported to file 'D:\Drive_D\ELD2023\Lab10_HW\Lab10_HW.sdk\.sdk\launch_scripts\xilinx_c-c++_application_(system_debugger)\system_debugger_using_debug_lab10_fft.elf_on_zedb.tcl'
14:15:03 WARN  : channel "tcfchan#2" closed
10:07:50 INFO  : Registering command handlers for SDK TCF services
10:07:50 INFO  : Launching XSCT server: xsct.bat -interactive D:\Drive_D\ELD2023\Lab10_HW\Lab10_HW.sdk\temp_xsdb_launch_script.tcl
10:07:51 INFO  : XSCT server has started successfully.
10:07:51 INFO  : Successfully done setting XSCT server connection channel  
10:07:51 INFO  : Successfully done setting SDK workspace  
10:07:51 INFO  : Processing command line option -hwspec D:/Drive_D/ELD2023/Lab10_HW/Lab10_HW.sdk/design_fft_wrapper.hdf.
10:07:51 INFO  : Checking for hwspec changes in the project design_fft_wrapper_hw_platform_0.
10:28:15 INFO  : Registering command handlers for SDK TCF services
10:28:15 INFO  : Launching XSCT server: xsct.bat -interactive D:\Drive_D\ELD2023\Lab10_HW\Lab10_HW.sdk\temp_xsdb_launch_script.tcl
10:28:16 INFO  : XSCT server has started successfully.
10:28:16 INFO  : Successfully done setting XSCT server connection channel  
10:28:16 INFO  : Successfully done setting SDK workspace  
10:28:16 INFO  : Processing command line option -hwspec D:/Drive_D/ELD2023/Lab10_HW/Lab10_HW.sdk/design_fft_wrapper.hdf.
10:28:16 INFO  : Checking for hwspec changes in the project design_fft_wrapper_hw_platform_0.
10:28:18 INFO  : SDK has detected change in the last modified timestamps for source hardware specification file Source:1701493058183,  Project:1700300352112
10:28:18 INFO  : The hardware specification for project 'design_fft_wrapper_hw_platform_0' is different from D:/Drive_D/ELD2023/Lab10_HW/Lab10_HW.sdk/design_fft_wrapper.hdf.
10:28:18 INFO  : Copied contents of D:/Drive_D/ELD2023/Lab10_HW/Lab10_HW.sdk/design_fft_wrapper.hdf into \design_fft_wrapper_hw_platform_0\system.hdf.
10:28:45 INFO  : Synchronizing projects in the workspace with the hardware platform specification changes.
10:28:48 INFO  : 
10:28:49 INFO  : Updating hardware inferred compiler options for Lab10_fft.
10:28:49 INFO  : Clearing existing target manager status.
10:34:23 INFO  : Registering command handlers for SDK TCF services
10:34:23 INFO  : Launching XSCT server: xsct.bat -interactive D:\Drive_D\ELD2023\Lab10_HW\Lab10_HW.sdk\temp_xsdb_launch_script.tcl
10:34:24 INFO  : XSCT server has started successfully.
10:34:24 INFO  : Successfully done setting XSCT server connection channel  
10:34:24 INFO  : Successfully done setting SDK workspace  
10:34:24 INFO  : Processing command line option -hwspec D:/Drive_D/ELD2023/Lab10_HW/Lab10_HW.sdk/design_fft_wrapper.hdf.
10:34:24 INFO  : Checking for hwspec changes in the project design_fft_wrapper_hw_platform_0.
10:36:13 INFO  : Connected through redirection to target on host '192.168.226.142' and port '57268'.
10:36:21 INFO  : Jtag cable 'Digilent Zed 210248722230' is selected.
10:36:21 INFO  : 'jtag frequency' command is executed.
10:36:21 INFO  : Sourcing of 'D:/Drive_D/ELD2023/Lab10_HW/Lab10_HW.sdk/design_fft_wrapper_hw_platform_0/ps7_init.tcl' is done.
10:36:21 INFO  : Context for 'APU' is selected.
10:36:21 INFO  : System reset is completed.
10:36:24 INFO  : 'after 3000' command is executed.
10:36:24 INFO  : 'targets -set -filter {jtag_cable_name =~ "Digilent Zed 210248722230" && level==0} -index 1' command is executed.
10:36:27 INFO  : FPGA configured successfully with bitstream "D:/Drive_D/ELD2023/Lab10_HW/Lab10_HW.sdk/design_fft_wrapper_hw_platform_0/design_fft_wrapper.bit"
10:36:27 INFO  : Context for 'APU' is selected.
10:36:27 INFO  : Hardware design information is loaded from 'D:/Drive_D/ELD2023/Lab10_HW/Lab10_HW.sdk/design_fft_wrapper_hw_platform_0/system.hdf'.
10:36:27 INFO  : 'configparams force-mem-access 1' command is executed.
10:36:27 INFO  : Context for 'APU' is selected.
10:36:29 INFO  : 'ps7_init' command is executed.
10:36:29 INFO  : 'ps7_post_config' command is executed.
10:36:29 INFO  : Context for processor 'ps7_cortexa9_0' is selected.
10:36:29 INFO  : The application 'D:/Drive_D/ELD2023/Lab10_HW/Lab10_HW.sdk/Lab10_fft/Debug/Lab10_fft.elf' is downloaded to processor 'ps7_cortexa9_0'.
10:36:29 INFO  : 'configparams force-mem-access 0' command is executed.
10:36:29 INFO  : ----------------XSDB Script----------------
connect -path [list tcp::1534 tcp:192.168.226.142:57268]
source D:/Drive_D/ELD2023/Lab10_HW/Lab10_HW.sdk/design_fft_wrapper_hw_platform_0/ps7_init.tcl
targets -set -nocase -filter {name =~"APU*" && jtag_cable_name =~ "Digilent Zed 210248722230"} -index 0
rst -system
after 3000
targets -set -filter {jtag_cable_name =~ "Digilent Zed 210248722230" && level==0} -index 1
fpga -file D:/Drive_D/ELD2023/Lab10_HW/Lab10_HW.sdk/design_fft_wrapper_hw_platform_0/design_fft_wrapper.bit
targets -set -nocase -filter {name =~"APU*" && jtag_cable_name =~ "Digilent Zed 210248722230"} -index 0
loadhw -hw D:/Drive_D/ELD2023/Lab10_HW/Lab10_HW.sdk/design_fft_wrapper_hw_platform_0/system.hdf -mem-ranges [list {0x40000000 0xbfffffff}]
configparams force-mem-access 1
targets -set -nocase -filter {name =~"APU*" && jtag_cable_name =~ "Digilent Zed 210248722230"} -index 0
ps7_init
ps7_post_config
targets -set -nocase -filter {name =~ "ARM*#0" && jtag_cable_name =~ "Digilent Zed 210248722230"} -index 0
dow D:/Drive_D/ELD2023/Lab10_HW/Lab10_HW.sdk/Lab10_fft/Debug/Lab10_fft.elf
configparams force-mem-access 0
----------------End of Script----------------

10:36:29 INFO  : Memory regions updated for context APU
10:36:29 INFO  : Launch script is exported to file 'D:\Drive_D\ELD2023\Lab10_HW\Lab10_HW.sdk\.sdk\launch_scripts\xilinx_c-c++_application_(system_debugger)\system_debugger_using_debug_lab10_fft.elf_on_zedb.tcl'
10:41:45 INFO  : Disconnected from the channel tcfchan#1.
10:41:50 INFO  : Connected through redirection to target on host '192.168.226.142' and port '57268'.
10:41:50 INFO  : Jtag cable 'Digilent Zed 210248722230' is selected.
10:41:50 INFO  : 'jtag frequency' command is executed.
10:41:50 INFO  : Sourcing of 'D:/Drive_D/ELD2023/Lab10_HW/Lab10_HW.sdk/design_fft_wrapper_hw_platform_0/ps7_init.tcl' is done.
10:41:54 INFO  : Context for 'APU' is selected.
10:41:54 INFO  : System reset is completed.
10:41:57 INFO  : 'after 3000' command is executed.
10:42:00 INFO  : 'targets -set -filter {jtag_cable_name =~ "Digilent Zed 210248722230" && level==0} -index 1' command is executed.
10:42:02 INFO  : FPGA configured successfully with bitstream "D:/Drive_D/ELD2023/Lab10_HW/Lab10_HW.sdk/design_fft_wrapper_hw_platform_0/design_fft_wrapper.bit"
10:42:02 INFO  : Context for 'APU' is selected.
10:42:03 INFO  : Hardware design information is loaded from 'D:/Drive_D/ELD2023/Lab10_HW/Lab10_HW.sdk/design_fft_wrapper_hw_platform_0/system.hdf'.
10:42:03 INFO  : 'configparams force-mem-access 1' command is executed.
10:42:03 INFO  : Context for 'APU' is selected.
10:42:04 INFO  : 'ps7_init' command is executed.
10:42:04 INFO  : 'ps7_post_config' command is executed.
10:42:04 INFO  : Context for processor 'ps7_cortexa9_0' is selected.
10:42:05 INFO  : The application 'D:/Drive_D/ELD2023/Lab10_HW/Lab10_HW.sdk/Lab10_fft/Debug/Lab10_fft.elf' is downloaded to processor 'ps7_cortexa9_0'.
10:42:05 INFO  : 'configparams force-mem-access 0' command is executed.
10:42:05 INFO  : ----------------XSDB Script----------------
connect -path [list tcp::1534 tcp:192.168.226.142:57268]
source D:/Drive_D/ELD2023/Lab10_HW/Lab10_HW.sdk/design_fft_wrapper_hw_platform_0/ps7_init.tcl
targets -set -nocase -filter {name =~"APU*" && jtag_cable_name =~ "Digilent Zed 210248722230"} -index 0
rst -system
after 3000
targets -set -filter {jtag_cable_name =~ "Digilent Zed 210248722230" && level==0} -index 1
fpga -file D:/Drive_D/ELD2023/Lab10_HW/Lab10_HW.sdk/design_fft_wrapper_hw_platform_0/design_fft_wrapper.bit
targets -set -nocase -filter {name =~"APU*" && jtag_cable_name =~ "Digilent Zed 210248722230"} -index 0
loadhw -hw D:/Drive_D/ELD2023/Lab10_HW/Lab10_HW.sdk/design_fft_wrapper_hw_platform_0/system.hdf -mem-ranges [list {0x40000000 0xbfffffff}]
configparams force-mem-access 1
targets -set -nocase -filter {name =~"APU*" && jtag_cable_name =~ "Digilent Zed 210248722230"} -index 0
ps7_init
ps7_post_config
targets -set -nocase -filter {name =~ "ARM*#0" && jtag_cable_name =~ "Digilent Zed 210248722230"} -index 0
dow D:/Drive_D/ELD2023/Lab10_HW/Lab10_HW.sdk/Lab10_fft/Debug/Lab10_fft.elf
configparams force-mem-access 0
----------------End of Script----------------

10:42:05 INFO  : Memory regions updated for context APU
10:42:05 INFO  : Launch script is exported to file 'D:\Drive_D\ELD2023\Lab10_HW\Lab10_HW.sdk\.sdk\launch_scripts\xilinx_c-c++_application_(system_debugger)\system_debugger_using_debug_lab10_fft.elf_on_zedb.tcl'
10:45:14 WARN  : channel "tcfchan#2" closed
10:47:13 INFO  : Connected to target on host '192.168.226.142' and port '49181'.
10:47:34 INFO  : Connected through redirection to target on host '192.168.226.142' and port '49181'.
10:47:34 INFO  : Jtag cable 'Digilent Zed 210248722230' is selected.
10:47:34 INFO  : 'jtag frequency' command is executed.
10:47:34 INFO  : Sourcing of 'D:/Drive_D/ELD2023/Lab10_HW/Lab10_HW.sdk/design_fft_wrapper_hw_platform_0/ps7_init.tcl' is done.
10:47:34 INFO  : Context for 'APU' is selected.
10:47:34 INFO  : System reset is completed.
10:47:37 INFO  : 'after 3000' command is executed.
10:47:37 INFO  : 'targets -set -filter {jtag_cable_name =~ "Digilent Zed 210248722230" && level==0} -index 1' command is executed.
10:47:40 INFO  : FPGA configured successfully with bitstream "D:/Drive_D/ELD2023/Lab10_HW/Lab10_HW.sdk/design_fft_wrapper_hw_platform_0/design_fft_wrapper.bit"
10:47:40 INFO  : Context for 'APU' is selected.
10:47:40 INFO  : Hardware design information is loaded from 'D:/Drive_D/ELD2023/Lab10_HW/Lab10_HW.sdk/design_fft_wrapper_hw_platform_0/system.hdf'.
10:47:40 INFO  : 'configparams force-mem-access 1' command is executed.
10:47:40 INFO  : Context for 'APU' is selected.
10:47:41 INFO  : 'ps7_init' command is executed.
10:47:41 INFO  : 'ps7_post_config' command is executed.
10:47:41 INFO  : Context for processor 'ps7_cortexa9_0' is selected.
10:47:41 INFO  : The application 'D:/Drive_D/ELD2023/Lab10_HW/Lab10_HW.sdk/Lab10_fft/Debug/Lab10_fft.elf' is downloaded to processor 'ps7_cortexa9_0'.
10:47:41 INFO  : 'configparams force-mem-access 0' command is executed.
10:47:41 INFO  : ----------------XSDB Script----------------
connect -path [list tcp::1534 tcp:192.168.226.142:49181]
source D:/Drive_D/ELD2023/Lab10_HW/Lab10_HW.sdk/design_fft_wrapper_hw_platform_0/ps7_init.tcl
targets -set -nocase -filter {name =~"APU*" && jtag_cable_name =~ "Digilent Zed 210248722230"} -index 0
rst -system
after 3000
targets -set -filter {jtag_cable_name =~ "Digilent Zed 210248722230" && level==0} -index 1
fpga -file D:/Drive_D/ELD2023/Lab10_HW/Lab10_HW.sdk/design_fft_wrapper_hw_platform_0/design_fft_wrapper.bit
targets -set -nocase -filter {name =~"APU*" && jtag_cable_name =~ "Digilent Zed 210248722230"} -index 0
loadhw -hw D:/Drive_D/ELD2023/Lab10_HW/Lab10_HW.sdk/design_fft_wrapper_hw_platform_0/system.hdf -mem-ranges [list {0x40000000 0xbfffffff}]
configparams force-mem-access 1
targets -set -nocase -filter {name =~"APU*" && jtag_cable_name =~ "Digilent Zed 210248722230"} -index 0
ps7_init
ps7_post_config
targets -set -nocase -filter {name =~ "ARM*#0" && jtag_cable_name =~ "Digilent Zed 210248722230"} -index 0
dow D:/Drive_D/ELD2023/Lab10_HW/Lab10_HW.sdk/Lab10_fft/Debug/Lab10_fft.elf
configparams force-mem-access 0
----------------End of Script----------------

10:47:41 INFO  : Memory regions updated for context APU
10:47:41 INFO  : Launch script is exported to file 'D:\Drive_D\ELD2023\Lab10_HW\Lab10_HW.sdk\.sdk\launch_scripts\xilinx_c-c++_application_(system_debugger)\system_debugger_using_debug_lab10_fft.elf_on_zedb.tcl'
10:52:46 INFO  : Disconnected from the channel tcfchan#4.
10:52:47 INFO  : Connected through redirection to target on host '192.168.226.142' and port '49181'.
10:52:47 INFO  : Jtag cable 'Digilent Zed 210248722230' is selected.
10:52:47 INFO  : 'jtag frequency' command is executed.
10:52:47 INFO  : Sourcing of 'D:/Drive_D/ELD2023/Lab10_HW/Lab10_HW.sdk/design_fft_wrapper_hw_platform_0/ps7_init.tcl' is done.
10:52:47 INFO  : Context for 'APU' is selected.
10:52:47 INFO  : System reset is completed.
10:52:50 INFO  : 'after 3000' command is executed.
10:52:50 INFO  : 'targets -set -filter {jtag_cable_name =~ "Digilent Zed 210248722230" && level==0} -index 1' command is executed.
10:52:53 INFO  : FPGA configured successfully with bitstream "D:/Drive_D/ELD2023/Lab10_HW/Lab10_HW.sdk/design_fft_wrapper_hw_platform_0/design_fft_wrapper.bit"
10:52:53 INFO  : Context for 'APU' is selected.
10:52:53 INFO  : Hardware design information is loaded from 'D:/Drive_D/ELD2023/Lab10_HW/Lab10_HW.sdk/design_fft_wrapper_hw_platform_0/system.hdf'.
10:52:53 INFO  : 'configparams force-mem-access 1' command is executed.
10:52:53 INFO  : Context for 'APU' is selected.
10:52:55 INFO  : 'ps7_init' command is executed.
10:52:55 INFO  : 'ps7_post_config' command is executed.
10:52:55 INFO  : Context for processor 'ps7_cortexa9_0' is selected.
10:52:55 INFO  : The application 'D:/Drive_D/ELD2023/Lab10_HW/Lab10_HW.sdk/Lab10_fft/Debug/Lab10_fft.elf' is downloaded to processor 'ps7_cortexa9_0'.
10:52:55 INFO  : 'configparams force-mem-access 0' command is executed.
10:52:55 INFO  : ----------------XSDB Script----------------
connect -path [list tcp::1534 tcp:192.168.226.142:49181]
source D:/Drive_D/ELD2023/Lab10_HW/Lab10_HW.sdk/design_fft_wrapper_hw_platform_0/ps7_init.tcl
targets -set -nocase -filter {name =~"APU*" && jtag_cable_name =~ "Digilent Zed 210248722230"} -index 0
rst -system
after 3000
targets -set -filter {jtag_cable_name =~ "Digilent Zed 210248722230" && level==0} -index 1
fpga -file D:/Drive_D/ELD2023/Lab10_HW/Lab10_HW.sdk/design_fft_wrapper_hw_platform_0/design_fft_wrapper.bit
targets -set -nocase -filter {name =~"APU*" && jtag_cable_name =~ "Digilent Zed 210248722230"} -index 0
loadhw -hw D:/Drive_D/ELD2023/Lab10_HW/Lab10_HW.sdk/design_fft_wrapper_hw_platform_0/system.hdf -mem-ranges [list {0x40000000 0xbfffffff}]
configparams force-mem-access 1
targets -set -nocase -filter {name =~"APU*" && jtag_cable_name =~ "Digilent Zed 210248722230"} -index 0
ps7_init
ps7_post_config
targets -set -nocase -filter {name =~ "ARM*#0" && jtag_cable_name =~ "Digilent Zed 210248722230"} -index 0
dow D:/Drive_D/ELD2023/Lab10_HW/Lab10_HW.sdk/Lab10_fft/Debug/Lab10_fft.elf
configparams force-mem-access 0
----------------End of Script----------------

10:52:55 INFO  : Memory regions updated for context APU
10:52:55 INFO  : Launch script is exported to file 'D:\Drive_D\ELD2023\Lab10_HW\Lab10_HW.sdk\.sdk\launch_scripts\xilinx_c-c++_application_(system_debugger)\system_debugger_using_debug_lab10_fft.elf_on_zedb.tcl'
10:57:48 INFO  : Disconnected from the channel tcfchan#5.
10:57:51 INFO  : Connected through redirection to target on host '192.168.226.142' and port '49181'.
10:57:51 INFO  : Jtag cable 'Digilent Zed 210248722230' is selected.
10:57:51 INFO  : 'jtag frequency' command is executed.
10:57:51 INFO  : Sourcing of 'D:/Drive_D/ELD2023/Lab10_HW/Lab10_HW.sdk/design_fft_wrapper_hw_platform_0/ps7_init.tcl' is done.
10:57:57 INFO  : Context for 'APU' is selected.
10:57:57 INFO  : System reset is completed.
10:58:00 INFO  : 'after 3000' command is executed.
10:58:02 INFO  : 'targets -set -filter {jtag_cable_name =~ "Digilent Zed 210248722230" && level==0} -index 1' command is executed.
10:58:04 INFO  : FPGA configured successfully with bitstream "D:/Drive_D/ELD2023/Lab10_HW/Lab10_HW.sdk/design_fft_wrapper_hw_platform_0/design_fft_wrapper.bit"
10:58:04 INFO  : Context for 'APU' is selected.
10:58:05 INFO  : Hardware design information is loaded from 'D:/Drive_D/ELD2023/Lab10_HW/Lab10_HW.sdk/design_fft_wrapper_hw_platform_0/system.hdf'.
10:58:05 INFO  : 'configparams force-mem-access 1' command is executed.
10:58:05 INFO  : Context for 'APU' is selected.
10:58:06 INFO  : 'ps7_init' command is executed.
10:58:06 INFO  : 'ps7_post_config' command is executed.
10:58:06 INFO  : Context for processor 'ps7_cortexa9_0' is selected.
10:58:06 INFO  : The application 'D:/Drive_D/ELD2023/Lab10_HW/Lab10_HW.sdk/Lab10_fft/Debug/Lab10_fft.elf' is downloaded to processor 'ps7_cortexa9_0'.
10:58:06 INFO  : 'configparams force-mem-access 0' command is executed.
10:58:06 INFO  : ----------------XSDB Script----------------
connect -path [list tcp::1534 tcp:192.168.226.142:49181]
source D:/Drive_D/ELD2023/Lab10_HW/Lab10_HW.sdk/design_fft_wrapper_hw_platform_0/ps7_init.tcl
targets -set -nocase -filter {name =~"APU*" && jtag_cable_name =~ "Digilent Zed 210248722230"} -index 0
rst -system
after 3000
targets -set -filter {jtag_cable_name =~ "Digilent Zed 210248722230" && level==0} -index 1
fpga -file D:/Drive_D/ELD2023/Lab10_HW/Lab10_HW.sdk/design_fft_wrapper_hw_platform_0/design_fft_wrapper.bit
targets -set -nocase -filter {name =~"APU*" && jtag_cable_name =~ "Digilent Zed 210248722230"} -index 0
loadhw -hw D:/Drive_D/ELD2023/Lab10_HW/Lab10_HW.sdk/design_fft_wrapper_hw_platform_0/system.hdf -mem-ranges [list {0x40000000 0xbfffffff}]
configparams force-mem-access 1
targets -set -nocase -filter {name =~"APU*" && jtag_cable_name =~ "Digilent Zed 210248722230"} -index 0
ps7_init
ps7_post_config
targets -set -nocase -filter {name =~ "ARM*#0" && jtag_cable_name =~ "Digilent Zed 210248722230"} -index 0
dow D:/Drive_D/ELD2023/Lab10_HW/Lab10_HW.sdk/Lab10_fft/Debug/Lab10_fft.elf
configparams force-mem-access 0
----------------End of Script----------------

10:58:06 INFO  : Memory regions updated for context APU
10:58:06 INFO  : Launch script is exported to file 'D:\Drive_D\ELD2023\Lab10_HW\Lab10_HW.sdk\.sdk\launch_scripts\xilinx_c-c++_application_(system_debugger)\system_debugger_using_debug_lab10_fft.elf_on_zedb.tcl'
11:00:02 WARN  : channel "tcfchan#6" closed
11:00:37 INFO  : Connected through redirection to target on host '192.168.226.142' and port '49830'.
11:00:46 INFO  : ----------------XSDB Script----------------
connect -path [list tcp::1534 tcp:192.168.226.142:49830]
----------------End of Script----------------

11:01:46 INFO  : Connected through redirection to target on host '192.168.226.142' and port '49830'.
11:01:48 INFO  : Jtag cable 'Digilent Zed 210248722230' is selected.
11:01:48 INFO  : 'jtag frequency' command is executed.
11:01:48 INFO  : Sourcing of 'D:/Drive_D/ELD2023/Lab10_HW/Lab10_HW.sdk/design_fft_wrapper_hw_platform_0/ps7_init.tcl' is done.
11:01:56 INFO  : Context for 'APU' is selected.
11:01:56 INFO  : System reset is completed.
11:01:59 INFO  : 'after 3000' command is executed.
11:02:00 INFO  : 'targets -set -filter {jtag_cable_name =~ "Digilent Zed 210248722230" && level==0} -index 1' command is executed.
11:02:02 INFO  : FPGA configured successfully with bitstream "D:/Drive_D/ELD2023/Lab10_HW/Lab10_HW.sdk/design_fft_wrapper_hw_platform_0/design_fft_wrapper.bit"
11:02:02 INFO  : Context for 'APU' is selected.
11:02:02 INFO  : Hardware design information is loaded from 'D:/Drive_D/ELD2023/Lab10_HW/Lab10_HW.sdk/design_fft_wrapper_hw_platform_0/system.hdf'.
11:02:02 INFO  : 'configparams force-mem-access 1' command is executed.
11:02:02 INFO  : Context for 'APU' is selected.
11:02:04 INFO  : 'ps7_init' command is executed.
11:02:04 INFO  : 'ps7_post_config' command is executed.
11:02:04 INFO  : Context for processor 'ps7_cortexa9_0' is selected.
11:02:04 INFO  : The application 'D:/Drive_D/ELD2023/Lab10_HW/Lab10_HW.sdk/Lab10_fft/Debug/Lab10_fft.elf' is downloaded to processor 'ps7_cortexa9_0'.
11:02:04 INFO  : 'configparams force-mem-access 0' command is executed.
11:02:04 INFO  : ----------------XSDB Script----------------
connect -path [list tcp::1534 tcp:192.168.226.142:49830]
source D:/Drive_D/ELD2023/Lab10_HW/Lab10_HW.sdk/design_fft_wrapper_hw_platform_0/ps7_init.tcl
targets -set -nocase -filter {name =~"APU*" && jtag_cable_name =~ "Digilent Zed 210248722230"} -index 0
rst -system
after 3000
targets -set -filter {jtag_cable_name =~ "Digilent Zed 210248722230" && level==0} -index 1
fpga -file D:/Drive_D/ELD2023/Lab10_HW/Lab10_HW.sdk/design_fft_wrapper_hw_platform_0/design_fft_wrapper.bit
targets -set -nocase -filter {name =~"APU*" && jtag_cable_name =~ "Digilent Zed 210248722230"} -index 0
loadhw -hw D:/Drive_D/ELD2023/Lab10_HW/Lab10_HW.sdk/design_fft_wrapper_hw_platform_0/system.hdf -mem-ranges [list {0x40000000 0xbfffffff}]
configparams force-mem-access 1
targets -set -nocase -filter {name =~"APU*" && jtag_cable_name =~ "Digilent Zed 210248722230"} -index 0
ps7_init
ps7_post_config
targets -set -nocase -filter {name =~ "ARM*#0" && jtag_cable_name =~ "Digilent Zed 210248722230"} -index 0
dow D:/Drive_D/ELD2023/Lab10_HW/Lab10_HW.sdk/Lab10_fft/Debug/Lab10_fft.elf
configparams force-mem-access 0
----------------End of Script----------------

11:02:05 INFO  : Memory regions updated for context APU
11:02:05 INFO  : Launch script is exported to file 'D:\Drive_D\ELD2023\Lab10_HW\Lab10_HW.sdk\.sdk\launch_scripts\xilinx_c-c++_application_(system_debugger)\system_debugger_using_debug_lab10_fft.elf_on_zedb.tcl'
11:12:31 INFO  : Disconnected from the channel tcfchan#7.
11:18:13 INFO  : Registering command handlers for SDK TCF services
11:18:13 INFO  : Launching XSCT server: xsct.bat -interactive D:\Drive_D\ELD2023\Lab10_HW\Lab10_HW.sdk\temp_xsdb_launch_script.tcl
11:18:14 INFO  : XSCT server has started successfully.
11:18:14 INFO  : Successfully done setting XSCT server connection channel  
11:18:14 INFO  : Successfully done setting SDK workspace  
11:18:14 INFO  : Processing command line option -hwspec D:/Drive_D/ELD2023/Lab10_HW/Lab10_HW.sdk/design_fft_wrapper.hdf.
11:18:14 INFO  : Checking for hwspec changes in the project design_fft_wrapper_hw_platform_0.
11:18:16 INFO  : SDK has detected change in the last modified timestamps for source hardware specification file Source:1701495980665,  Project:1701493058183
11:18:16 INFO  : The hardware specification for project 'design_fft_wrapper_hw_platform_0' is different from D:/Drive_D/ELD2023/Lab10_HW/Lab10_HW.sdk/design_fft_wrapper.hdf.
11:18:16 INFO  : Copied contents of D:/Drive_D/ELD2023/Lab10_HW/Lab10_HW.sdk/design_fft_wrapper.hdf into \design_fft_wrapper_hw_platform_0\system.hdf.
11:18:18 INFO  : Synchronizing projects in the workspace with the hardware platform specification changes.
11:18:19 INFO  : 
11:18:20 INFO  : Updating hardware inferred compiler options for Lab10_fft.
11:18:20 INFO  : Clearing existing target manager status.
11:23:26 INFO  : Connected through redirection to target on host '192.168.226.142' and port '60599'.
11:23:27 INFO  : Jtag cable 'Digilent Zed 210248722230' is selected.
11:23:27 INFO  : 'jtag frequency' command is executed.
11:23:27 INFO  : Sourcing of 'D:/Drive_D/ELD2023/Lab10_HW/Lab10_HW.sdk/design_fft_wrapper_hw_platform_0/ps7_init.tcl' is done.
11:23:29 INFO  : Context for 'APU' is selected.
11:23:29 INFO  : System reset is completed.
11:23:32 INFO  : 'after 3000' command is executed.
11:23:32 INFO  : 'targets -set -filter {jtag_cable_name =~ "Digilent Zed 210248722230" && level==0} -index 1' command is executed.
11:23:35 INFO  : FPGA configured successfully with bitstream "D:/Drive_D/ELD2023/Lab10_HW/Lab10_HW.sdk/design_fft_wrapper_hw_platform_0/design_fft_wrapper.bit"
11:23:35 INFO  : Context for 'APU' is selected.
11:23:35 INFO  : Hardware design information is loaded from 'D:/Drive_D/ELD2023/Lab10_HW/Lab10_HW.sdk/design_fft_wrapper_hw_platform_0/system.hdf'.
11:23:35 INFO  : 'configparams force-mem-access 1' command is executed.
11:23:35 INFO  : Context for 'APU' is selected.
11:23:37 INFO  : 'ps7_init' command is executed.
11:23:37 INFO  : 'ps7_post_config' command is executed.
11:23:37 INFO  : Context for processor 'ps7_cortexa9_0' is selected.
11:23:37 INFO  : The application 'D:/Drive_D/ELD2023/Lab10_HW/Lab10_HW.sdk/Lab10_fft/Debug/Lab10_fft.elf' is downloaded to processor 'ps7_cortexa9_0'.
11:23:37 INFO  : 'configparams force-mem-access 0' command is executed.
11:23:37 INFO  : ----------------XSDB Script----------------
connect -path [list tcp::1534 tcp:192.168.226.142:60599]
source D:/Drive_D/ELD2023/Lab10_HW/Lab10_HW.sdk/design_fft_wrapper_hw_platform_0/ps7_init.tcl
targets -set -nocase -filter {name =~"APU*" && jtag_cable_name =~ "Digilent Zed 210248722230"} -index 0
rst -system
after 3000
targets -set -filter {jtag_cable_name =~ "Digilent Zed 210248722230" && level==0} -index 1
fpga -file D:/Drive_D/ELD2023/Lab10_HW/Lab10_HW.sdk/design_fft_wrapper_hw_platform_0/design_fft_wrapper.bit
targets -set -nocase -filter {name =~"APU*" && jtag_cable_name =~ "Digilent Zed 210248722230"} -index 0
loadhw -hw D:/Drive_D/ELD2023/Lab10_HW/Lab10_HW.sdk/design_fft_wrapper_hw_platform_0/system.hdf -mem-ranges [list {0x40000000 0xbfffffff}]
configparams force-mem-access 1
targets -set -nocase -filter {name =~"APU*" && jtag_cable_name =~ "Digilent Zed 210248722230"} -index 0
ps7_init
ps7_post_config
targets -set -nocase -filter {name =~ "ARM*#0" && jtag_cable_name =~ "Digilent Zed 210248722230"} -index 0
dow D:/Drive_D/ELD2023/Lab10_HW/Lab10_HW.sdk/Lab10_fft/Debug/Lab10_fft.elf
configparams force-mem-access 0
----------------End of Script----------------

11:23:37 INFO  : Memory regions updated for context APU
11:23:37 INFO  : Launch script is exported to file 'D:\Drive_D\ELD2023\Lab10_HW\Lab10_HW.sdk\.sdk\launch_scripts\xilinx_c-c++_application_(system_debugger)\system_debugger_using_debug_lab10_fft.elf_on_zedb.tcl'
11:30:23 WARN  : channel "tcfchan#1" closed
11:50:06 INFO  : Registering command handlers for SDK TCF services
11:50:06 INFO  : Launching XSCT server: xsct.bat -interactive D:\Drive_D\ELD2023\Lab10_HW\Lab10_HW.sdk\temp_xsdb_launch_script.tcl
11:50:08 INFO  : XSCT server has started successfully.
11:50:08 INFO  : Successfully done setting XSCT server connection channel  
11:50:08 INFO  : Successfully done setting SDK workspace  
11:50:08 INFO  : Processing command line option -hwspec D:/Drive_D/ELD2023/Lab10_HW/Lab10_HW.sdk/design_fft_wrapper.hdf.
11:50:08 INFO  : Checking for hwspec changes in the project design_fft_wrapper_hw_platform_0.
11:50:11 INFO  : SDK has detected change in the last modified timestamps for source hardware specification file Source:1701497984502,  Project:1701495980665
11:50:11 INFO  : The hardware specification for project 'design_fft_wrapper_hw_platform_0' is different from D:/Drive_D/ELD2023/Lab10_HW/Lab10_HW.sdk/design_fft_wrapper.hdf.
11:50:11 INFO  : Copied contents of D:/Drive_D/ELD2023/Lab10_HW/Lab10_HW.sdk/design_fft_wrapper.hdf into \design_fft_wrapper_hw_platform_0\system.hdf.
11:50:34 INFO  : Synchronizing projects in the workspace with the hardware platform specification changes.
11:50:36 INFO  : 
11:50:36 INFO  : Updating hardware inferred compiler options for Lab10_fft.
11:50:36 INFO  : Clearing existing target manager status.
11:52:47 INFO  : Registering command handlers for SDK TCF services
11:52:48 INFO  : Launching XSCT server: xsct.bat -interactive D:\Drive_D\ELD2023\Lab10_HW\Lab10_HW.sdk\temp_xsdb_launch_script.tcl
11:52:50 INFO  : XSCT server has started successfully.
11:52:50 INFO  : Successfully done setting XSCT server connection channel  
11:52:50 INFO  : Successfully done setting SDK workspace  
11:52:50 INFO  : Processing command line option -hwspec D:/Drive_D/ELD2023/Lab10_HW/Lab10_HW.sdk/design_fft_wrapper.hdf.
11:52:50 INFO  : Checking for hwspec changes in the project design_fft_wrapper_hw_platform_0.
11:55:57 INFO  : Connected to target on host '127.0.0.1' and port '3121'.
11:56:19 ERROR : Failed to connect to hardware server on host '192.168.226.142' and port '60599'.
Reason: No connection could be made because the target machine actively refused it
11:56:50 ERROR : Failed to connect to hardware server on host '192.168.226.142' and port '60599'.
Reason: No connection could be made because the target machine actively refused it
11:56:56 ERROR : Failed to connect to hardware server on host '192.168.226.142' and port '60599'.
Reason: No connection could be made because the target machine actively refused it
12:01:56 ERROR : Failed to connect to hardware server on host '192.168.226.142' and port '60599'.
Reason: No connection could be made because the target machine actively refused it
12:03:39 INFO  : Connected to target on host '127.0.0.1' and port '3121'.
12:03:55 ERROR : Failed to redirect connection to hardware server on host '192.168.226.142' and port '60599'.
Reason: No connection could be made because the target machine actively refused it
12:03:55 INFO  : ----------------XSDB Script----------------
connect -path [list tcp::1534 tcp:192.168.226.142:60599]
----------------End of Script----------------

12:13:15 INFO  : Launching XSCT server: xsct.bat -interactive D:\Drive_D\ELD2023\Lab10_HW\Lab10_HW.sdk\temp_xsdb_launch_script.tcl
12:13:15 INFO  : Registering command handlers for SDK TCF services
12:13:16 INFO  : XSCT server has started successfully.
12:13:16 INFO  : Successfully done setting XSCT server connection channel  
12:13:16 INFO  : Successfully done setting SDK workspace  
12:13:16 INFO  : Processing command line option -hwspec D:/Drive_D/ELD2023/Lab10_HW/Lab10_HW.sdk/design_fft_wrapper.hdf.
12:13:16 INFO  : Checking for hwspec changes in the project design_fft_wrapper_hw_platform_0.
12:13:19 INFO  : SDK has detected change in the last modified timestamps for source hardware specification file Source:1701499358485,  Project:1701497984502
12:13:19 INFO  : The hardware specification for project 'design_fft_wrapper_hw_platform_0' is different from D:/Drive_D/ELD2023/Lab10_HW/Lab10_HW.sdk/design_fft_wrapper.hdf.
12:13:19 INFO  : Copied contents of D:/Drive_D/ELD2023/Lab10_HW/Lab10_HW.sdk/design_fft_wrapper.hdf into \design_fft_wrapper_hw_platform_0\system.hdf.
12:13:20 INFO  : Synchronizing projects in the workspace with the hardware platform specification changes.
12:13:22 INFO  : 
12:13:22 INFO  : Updating hardware inferred compiler options for Lab10_fft.
12:13:22 INFO  : Clearing existing target manager status.
12:38:26 INFO  : Registering command handlers for SDK TCF services
12:38:26 INFO  : Launching XSCT server: xsct.bat -interactive D:\Drive_D\ELD2023\Lab10_HW\Lab10_HW.sdk\temp_xsdb_launch_script.tcl
12:38:28 INFO  : XSCT server has started successfully.
12:38:29 INFO  : Successfully done setting XSCT server connection channel  
12:38:29 INFO  : Successfully done setting SDK workspace  
12:38:29 INFO  : Processing command line option -hwspec D:/Drive_D/ELD2023/Lab10_HW/Lab10_HW.sdk/design_fft_wrapper.hdf.
12:38:29 INFO  : Checking for hwspec changes in the project design_fft_wrapper_hw_platform_0.
12:39:26 ERROR : Failed to redirect connection to hardware server on host '192.168.226.142' and port '60599'.
Reason: No connection could be made because the target machine actively refused it
12:39:26 INFO  : ----------------XSDB Script----------------
connect -path [list tcp::1534 tcp:192.168.226.142:60599]
----------------End of Script----------------

12:39:44 INFO  : Connected to target on host '127.0.0.1' and port '3121'.
12:39:45 INFO  : Jtag cable 'Digilent Zed 210248722900' is selected.
12:39:45 INFO  : 'jtag frequency' command is executed.
12:39:45 INFO  : Sourcing of 'D:/Drive_D/ELD2023/Lab10_HW/Lab10_HW.sdk/design_fft_wrapper_hw_platform_0/ps7_init.tcl' is done.
12:39:45 INFO  : Context for 'APU' is selected.
12:39:45 INFO  : System reset is completed.
12:39:48 INFO  : 'after 3000' command is executed.
12:39:48 INFO  : 'targets -set -filter {jtag_cable_name =~ "Digilent Zed 210248722900" && level==0} -index 1' command is executed.
12:39:51 INFO  : FPGA configured successfully with bitstream "D:/Drive_D/ELD2023/Lab10_HW/Lab10_HW.sdk/design_fft_wrapper_hw_platform_0/design_fft_wrapper.bit"
12:39:51 INFO  : Context for 'APU' is selected.
12:39:51 INFO  : Hardware design information is loaded from 'D:/Drive_D/ELD2023/Lab10_HW/Lab10_HW.sdk/design_fft_wrapper_hw_platform_0/system.hdf'.
12:39:51 INFO  : 'configparams force-mem-access 1' command is executed.
12:39:51 INFO  : Context for 'APU' is selected.
12:39:51 INFO  : 'ps7_init' command is executed.
12:39:51 INFO  : 'ps7_post_config' command is executed.
12:39:51 INFO  : Context for processor 'ps7_cortexa9_0' is selected.
12:39:51 INFO  : The application 'D:/Drive_D/ELD2023/Lab10_HW/Lab10_HW.sdk/Lab10_fft/Debug/Lab10_fft.elf' is downloaded to processor 'ps7_cortexa9_0'.
12:39:51 INFO  : 'configparams force-mem-access 0' command is executed.
12:39:51 INFO  : ----------------XSDB Script----------------
connect -url tcp:127.0.0.1:3121
source D:/Drive_D/ELD2023/Lab10_HW/Lab10_HW.sdk/design_fft_wrapper_hw_platform_0/ps7_init.tcl
targets -set -nocase -filter {name =~"APU*" && jtag_cable_name =~ "Digilent Zed 210248722900"} -index 0
rst -system
after 3000
targets -set -filter {jtag_cable_name =~ "Digilent Zed 210248722900" && level==0} -index 1
fpga -file D:/Drive_D/ELD2023/Lab10_HW/Lab10_HW.sdk/design_fft_wrapper_hw_platform_0/design_fft_wrapper.bit
targets -set -nocase -filter {name =~"APU*" && jtag_cable_name =~ "Digilent Zed 210248722900"} -index 0
loadhw -hw D:/Drive_D/ELD2023/Lab10_HW/Lab10_HW.sdk/design_fft_wrapper_hw_platform_0/system.hdf -mem-ranges [list {0x40000000 0xbfffffff}]
configparams force-mem-access 1
targets -set -nocase -filter {name =~"APU*" && jtag_cable_name =~ "Digilent Zed 210248722900"} -index 0
ps7_init
ps7_post_config
targets -set -nocase -filter {name =~ "ARM*#0" && jtag_cable_name =~ "Digilent Zed 210248722900"} -index 0
dow D:/Drive_D/ELD2023/Lab10_HW/Lab10_HW.sdk/Lab10_fft/Debug/Lab10_fft.elf
configparams force-mem-access 0
----------------End of Script----------------

12:39:51 INFO  : Memory regions updated for context APU
12:39:51 INFO  : Launch script is exported to file 'D:\Drive_D\ELD2023\Lab10_HW\Lab10_HW.sdk\.sdk\launch_scripts\xilinx_c-c++_application_(system_debugger)\system_debugger_using_debug_lab10_fft.elf_on_zedb.tcl'
12:40:39 INFO  : Disconnected from the channel tcfchan#2.
12:40:40 INFO  : Connected to target on host '127.0.0.1' and port '3121'.
12:40:40 INFO  : Jtag cable 'Digilent Zed 210248722900' is selected.
12:40:40 INFO  : 'jtag frequency' command is executed.
12:40:40 INFO  : Sourcing of 'D:/Drive_D/ELD2023/Lab10_HW/Lab10_HW.sdk/design_fft_wrapper_hw_platform_0/ps7_init.tcl' is done.
12:40:40 INFO  : Context for 'APU' is selected.
12:40:40 INFO  : System reset is completed.
12:40:43 INFO  : 'after 3000' command is executed.
12:40:44 INFO  : 'targets -set -filter {jtag_cable_name =~ "Digilent Zed 210248722900" && level==0} -index 1' command is executed.
12:40:46 INFO  : FPGA configured successfully with bitstream "D:/Drive_D/ELD2023/Lab10_HW/Lab10_HW.sdk/design_fft_wrapper_hw_platform_0/design_fft_wrapper.bit"
12:40:46 INFO  : Context for 'APU' is selected.
12:40:47 INFO  : Hardware design information is loaded from 'D:/Drive_D/ELD2023/Lab10_HW/Lab10_HW.sdk/design_fft_wrapper_hw_platform_0/system.hdf'.
12:40:47 INFO  : 'configparams force-mem-access 1' command is executed.
12:40:47 INFO  : Context for 'APU' is selected.
12:40:47 INFO  : 'ps7_init' command is executed.
12:40:47 INFO  : 'ps7_post_config' command is executed.
12:40:47 INFO  : Context for processor 'ps7_cortexa9_0' is selected.
12:40:47 INFO  : The application 'D:/Drive_D/ELD2023/Lab10_HW/Lab10_HW.sdk/Lab10_fft/Debug/Lab10_fft.elf' is downloaded to processor 'ps7_cortexa9_0'.
12:40:47 INFO  : 'configparams force-mem-access 0' command is executed.
12:40:47 INFO  : ----------------XSDB Script----------------
connect -url tcp:127.0.0.1:3121
source D:/Drive_D/ELD2023/Lab10_HW/Lab10_HW.sdk/design_fft_wrapper_hw_platform_0/ps7_init.tcl
targets -set -nocase -filter {name =~"APU*" && jtag_cable_name =~ "Digilent Zed 210248722900"} -index 0
rst -system
after 3000
targets -set -filter {jtag_cable_name =~ "Digilent Zed 210248722900" && level==0} -index 1
fpga -file D:/Drive_D/ELD2023/Lab10_HW/Lab10_HW.sdk/design_fft_wrapper_hw_platform_0/design_fft_wrapper.bit
targets -set -nocase -filter {name =~"APU*" && jtag_cable_name =~ "Digilent Zed 210248722900"} -index 0
loadhw -hw D:/Drive_D/ELD2023/Lab10_HW/Lab10_HW.sdk/design_fft_wrapper_hw_platform_0/system.hdf -mem-ranges [list {0x40000000 0xbfffffff}]
configparams force-mem-access 1
targets -set -nocase -filter {name =~"APU*" && jtag_cable_name =~ "Digilent Zed 210248722900"} -index 0
ps7_init
ps7_post_config
targets -set -nocase -filter {name =~ "ARM*#0" && jtag_cable_name =~ "Digilent Zed 210248722900"} -index 0
dow D:/Drive_D/ELD2023/Lab10_HW/Lab10_HW.sdk/Lab10_fft/Debug/Lab10_fft.elf
configparams force-mem-access 0
----------------End of Script----------------

12:40:47 INFO  : Memory regions updated for context APU
12:40:47 INFO  : Context for processor 'ps7_cortexa9_0' is selected.
12:40:48 INFO  : 'con' command is executed.
12:40:48 INFO  : ----------------XSDB Script (After Launch)----------------
targets -set -nocase -filter {name =~ "ARM*#0" && jtag_cable_name =~ "Digilent Zed 210248722900"} -index 0
con
----------------End of Script----------------

12:40:48 INFO  : Launch script is exported to file 'D:\Drive_D\ELD2023\Lab10_HW\Lab10_HW.sdk\.sdk\launch_scripts\xilinx_c-c++_application_(system_debugger)\system_debugger_using_debug_lab10_fft.elf_on_local.tcl'
12:45:29 INFO  : Disconnected from the channel tcfchan#3.
01:21:36 INFO  : Launching XSCT server: xsct.bat -interactive D:\Drive_D\ELD2023\Lab10_HW\Lab10_HW.sdk\temp_xsdb_launch_script.tcl
01:21:36 INFO  : Registering command handlers for SDK TCF services
01:21:40 INFO  : XSCT server has started successfully.
01:21:41 INFO  : Successfully done setting XSCT server connection channel  
01:21:41 INFO  : Successfully done setting SDK workspace  
01:21:41 INFO  : Processing command line option -hwspec D:/Drive_D/ELD2023/Lab10_HW/Lab10_HW.sdk/design_fft_wrapper.hdf.
01:21:41 INFO  : Checking for hwspec changes in the project design_fft_wrapper_hw_platform_0.
