09:21:30 INFO  : Registering command handlers for SDK TCF services
09:21:31 INFO  : Launching XSCT server: xsct.bat -interactive D:\Drive_D\ELD2023\Lab9\Lab9.sdk\temp_xsdb_launch_script.tcl
09:21:33 INFO  : XSCT server has started successfully.
09:21:33 INFO  : Successfully done setting XSCT server connection channel  
09:21:33 INFO  : Successfully done setting SDK workspace  
09:21:33 INFO  : Processing command line option -hwspec D:/Drive_D/ELD2023/Lab9/Lab9.sdk/design_1_wrapper.hdf.
09:46:39 INFO  : Refreshed build settings on project Lab9
10:17:00 INFO  : Connected through redirection to target on host '192.168.226.142' and port '64949'.
10:17:03 INFO  : Jtag cable 'Digilent Zed 210248722230' is selected.
10:17:03 INFO  : 'jtag frequency' command is executed.
10:17:03 INFO  : Sourcing of 'D:/Drive_D/ELD2023/Lab9/Lab9.sdk/design_1_wrapper_hw_platform_0/ps7_init.tcl' is done.
10:17:06 INFO  : Context for 'APU' is selected.
10:17:06 INFO  : System reset is completed.
10:17:09 INFO  : 'after 3000' command is executed.
10:17:19 INFO  : Context for 'APU' is selected.
10:17:19 INFO  : Hardware design information is loaded from 'D:/Drive_D/ELD2023/Lab9/Lab9.sdk/design_1_wrapper_hw_platform_0/system.hdf'.
10:17:19 INFO  : 'configparams force-mem-access 1' command is executed.
10:17:19 INFO  : Context for 'APU' is selected.
10:17:20 INFO  : 'ps7_init' command is executed.
10:17:20 INFO  : 'ps7_post_config' command is executed.
10:17:20 INFO  : Context for processor 'ps7_cortexa9_0' is selected.
10:17:21 INFO  : The application 'D:/Drive_D/ELD2023/Lab9/Lab9.sdk/Lab9/Debug/Lab9.elf' is downloaded to processor 'ps7_cortexa9_0'.
10:17:21 INFO  : 'configparams force-mem-access 0' command is executed.
10:17:21 INFO  : ----------------XSDB Script----------------
connect -path [list tcp::1534 tcp:192.168.226.142:64949]
source D:/Drive_D/ELD2023/Lab9/Lab9.sdk/design_1_wrapper_hw_platform_0/ps7_init.tcl
targets -set -nocase -filter {name =~"APU*" && jtag_cable_name =~ "Digilent Zed 210248722230"} -index 0
rst -system
after 3000
targets -set -nocase -filter {name =~"APU*" && jtag_cable_name =~ "Digilent Zed 210248722230"} -index 0
loadhw -hw D:/Drive_D/ELD2023/Lab9/Lab9.sdk/design_1_wrapper_hw_platform_0/system.hdf -mem-ranges [list {0x40000000 0xbfffffff}]
configparams force-mem-access 1
targets -set -nocase -filter {name =~"APU*" && jtag_cable_name =~ "Digilent Zed 210248722230"} -index 0
ps7_init
ps7_post_config
targets -set -nocase -filter {name =~ "ARM*#0" && jtag_cable_name =~ "Digilent Zed 210248722230"} -index 0
dow D:/Drive_D/ELD2023/Lab9/Lab9.sdk/Lab9/Debug/Lab9.elf
configparams force-mem-access 0
----------------End of Script----------------

10:17:21 INFO  : Launch script is exported to file 'D:\Drive_D\ELD2023\Lab9\Lab9.sdk\.sdk\launch_scripts\xilinx_c-c++_application_(system_debugger)\system_debugger_using_debug_lab9.elf_on_zedb_(1).tcl'
10:21:00 INFO  : Disconnected from the channel tcfchan#1.
10:21:01 INFO  : Connected through redirection to target on host '192.168.226.142' and port '64949'.
10:21:02 INFO  : Jtag cable 'Digilent Zed 210248722230' is selected.
10:21:02 INFO  : 'jtag frequency' command is executed.
10:21:02 INFO  : Sourcing of 'D:/Drive_D/ELD2023/Lab9/Lab9.sdk/design_1_wrapper_hw_platform_0/ps7_init.tcl' is done.
10:21:02 INFO  : Context for 'APU' is selected.
10:21:02 INFO  : System reset is completed.
10:21:05 INFO  : 'after 3000' command is executed.
10:21:05 INFO  : Context for 'APU' is selected.
10:21:06 INFO  : Hardware design information is loaded from 'D:/Drive_D/ELD2023/Lab9/Lab9.sdk/design_1_wrapper_hw_platform_0/system.hdf'.
10:21:06 INFO  : 'configparams force-mem-access 1' command is executed.
10:21:06 INFO  : Context for 'APU' is selected.
10:21:07 INFO  : 'ps7_init' command is executed.
10:21:07 INFO  : 'ps7_post_config' command is executed.
10:21:07 INFO  : Context for processor 'ps7_cortexa9_0' is selected.
10:21:08 INFO  : The application 'D:/Drive_D/ELD2023/Lab9/Lab9.sdk/Lab9/Debug/Lab9.elf' is downloaded to processor 'ps7_cortexa9_0'.
10:21:08 INFO  : 'configparams force-mem-access 0' command is executed.
10:21:08 INFO  : ----------------XSDB Script----------------
connect -path [list tcp::1534 tcp:192.168.226.142:64949]
source D:/Drive_D/ELD2023/Lab9/Lab9.sdk/design_1_wrapper_hw_platform_0/ps7_init.tcl
targets -set -nocase -filter {name =~"APU*" && jtag_cable_name =~ "Digilent Zed 210248722230"} -index 0
rst -system
after 3000
targets -set -nocase -filter {name =~"APU*" && jtag_cable_name =~ "Digilent Zed 210248722230"} -index 0
loadhw -hw D:/Drive_D/ELD2023/Lab9/Lab9.sdk/design_1_wrapper_hw_platform_0/system.hdf -mem-ranges [list {0x40000000 0xbfffffff}]
configparams force-mem-access 1
targets -set -nocase -filter {name =~"APU*" && jtag_cable_name =~ "Digilent Zed 210248722230"} -index 0
ps7_init
ps7_post_config
targets -set -nocase -filter {name =~ "ARM*#0" && jtag_cable_name =~ "Digilent Zed 210248722230"} -index 0
dow D:/Drive_D/ELD2023/Lab9/Lab9.sdk/Lab9/Debug/Lab9.elf
configparams force-mem-access 0
----------------End of Script----------------

10:21:08 INFO  : Launch script is exported to file 'D:\Drive_D\ELD2023\Lab9\Lab9.sdk\.sdk\launch_scripts\xilinx_c-c++_application_(system_debugger)\system_debugger_using_debug_lab9.elf_on_zedb_(1).tcl'
10:22:08 INFO  : No changes in MSS file content so not generating sources.
10:23:04 INFO  : Connected to target on host '192.168.226.142' and port '64949'.
10:23:24 INFO  : Disconnected from the channel tcfchan#2.
10:23:25 INFO  : Connected through redirection to target on host '192.168.226.142' and port '64949'.
10:23:25 INFO  : Jtag cable 'Digilent Zed 210248722230' is selected.
10:23:25 INFO  : 'jtag frequency' command is executed.
10:23:25 INFO  : Sourcing of 'D:/Drive_D/ELD2023/Lab9/Lab9.sdk/design_1_wrapper_hw_platform_0/ps7_init.tcl' is done.
10:23:25 INFO  : Context for 'APU' is selected.
10:23:26 INFO  : System reset is completed.
10:23:29 INFO  : 'after 3000' command is executed.
10:23:29 INFO  : Context for 'APU' is selected.
10:23:29 INFO  : Hardware design information is loaded from 'D:/Drive_D/ELD2023/Lab9/Lab9.sdk/design_1_wrapper_hw_platform_0/system.hdf'.
10:23:29 INFO  : 'configparams force-mem-access 1' command is executed.
10:23:30 INFO  : Context for 'APU' is selected.
10:23:33 INFO  : 'ps7_init' command is executed.
10:23:33 INFO  : 'ps7_post_config' command is executed.
10:23:33 INFO  : Context for processor 'ps7_cortexa9_0' is selected.
10:23:34 INFO  : The application 'D:/Drive_D/ELD2023/Lab9/Lab9.sdk/Lab9/Debug/Lab9.elf' is downloaded to processor 'ps7_cortexa9_0'.
10:23:34 INFO  : 'configparams force-mem-access 0' command is executed.
10:23:34 INFO  : ----------------XSDB Script----------------
connect -path [list tcp::1534 tcp:192.168.226.142:64949]
source D:/Drive_D/ELD2023/Lab9/Lab9.sdk/design_1_wrapper_hw_platform_0/ps7_init.tcl
targets -set -nocase -filter {name =~"APU*" && jtag_cable_name =~ "Digilent Zed 210248722230"} -index 0
rst -system
after 3000
targets -set -nocase -filter {name =~"APU*" && jtag_cable_name =~ "Digilent Zed 210248722230"} -index 0
loadhw -hw D:/Drive_D/ELD2023/Lab9/Lab9.sdk/design_1_wrapper_hw_platform_0/system.hdf -mem-ranges [list {0x40000000 0xbfffffff}]
configparams force-mem-access 1
targets -set -nocase -filter {name =~"APU*" && jtag_cable_name =~ "Digilent Zed 210248722230"} -index 0
ps7_init
ps7_post_config
targets -set -nocase -filter {name =~ "ARM*#0" && jtag_cable_name =~ "Digilent Zed 210248722230"} -index 0
dow D:/Drive_D/ELD2023/Lab9/Lab9.sdk/Lab9/Debug/Lab9.elf
configparams force-mem-access 0
----------------End of Script----------------

10:23:34 INFO  : Launch script is exported to file 'D:\Drive_D\ELD2023\Lab9\Lab9.sdk\.sdk\launch_scripts\xilinx_c-c++_application_(system_debugger)\system_debugger_using_debug_lab9.elf_on_zedb_(1).tcl'
10:26:59 INFO  : Disconnected from the channel tcfchan#4.
10:27:00 INFO  : Connected through redirection to target on host '192.168.226.142' and port '64949'.
10:27:00 INFO  : Jtag cable 'Digilent Zed 210248722230' is selected.
10:27:00 INFO  : 'jtag frequency' command is executed.
10:27:00 INFO  : Sourcing of 'D:/Drive_D/ELD2023/Lab9/Lab9.sdk/design_1_wrapper_hw_platform_0/ps7_init.tcl' is done.
10:27:00 INFO  : Context for 'APU' is selected.
10:27:01 INFO  : System reset is completed.
10:27:04 INFO  : 'after 3000' command is executed.
10:27:04 INFO  : Context for 'APU' is selected.
10:27:05 INFO  : Hardware design information is loaded from 'D:/Drive_D/ELD2023/Lab9/Lab9.sdk/design_1_wrapper_hw_platform_0/system.hdf'.
10:27:05 INFO  : 'configparams force-mem-access 1' command is executed.
10:27:05 INFO  : Context for 'APU' is selected.
10:27:10 INFO  : 'ps7_init' command is executed.
10:27:10 INFO  : 'ps7_post_config' command is executed.
10:27:10 INFO  : Context for processor 'ps7_cortexa9_0' is selected.
10:27:10 INFO  : The application 'D:/Drive_D/ELD2023/Lab9/Lab9.sdk/Lab9/Debug/Lab9.elf' is downloaded to processor 'ps7_cortexa9_0'.
10:27:10 INFO  : 'configparams force-mem-access 0' command is executed.
10:27:10 INFO  : ----------------XSDB Script----------------
connect -path [list tcp::1534 tcp:192.168.226.142:64949]
source D:/Drive_D/ELD2023/Lab9/Lab9.sdk/design_1_wrapper_hw_platform_0/ps7_init.tcl
targets -set -nocase -filter {name =~"APU*" && jtag_cable_name =~ "Digilent Zed 210248722230"} -index 0
rst -system
after 3000
targets -set -nocase -filter {name =~"APU*" && jtag_cable_name =~ "Digilent Zed 210248722230"} -index 0
loadhw -hw D:/Drive_D/ELD2023/Lab9/Lab9.sdk/design_1_wrapper_hw_platform_0/system.hdf -mem-ranges [list {0x40000000 0xbfffffff}]
configparams force-mem-access 1
targets -set -nocase -filter {name =~"APU*" && jtag_cable_name =~ "Digilent Zed 210248722230"} -index 0
ps7_init
ps7_post_config
targets -set -nocase -filter {name =~ "ARM*#0" && jtag_cable_name =~ "Digilent Zed 210248722230"} -index 0
dow D:/Drive_D/ELD2023/Lab9/Lab9.sdk/Lab9/Debug/Lab9.elf
configparams force-mem-access 0
----------------End of Script----------------

10:27:10 INFO  : Launch script is exported to file 'D:\Drive_D\ELD2023\Lab9\Lab9.sdk\.sdk\launch_scripts\xilinx_c-c++_application_(system_debugger)\system_debugger_using_debug_lab9.elf_on_zedb_(1).tcl'
10:30:25 WARN  : channel "tcfchan#5" closed
13:19:07 INFO  : Registering command handlers for SDK TCF services
13:19:07 INFO  : Launching XSCT server: xsct.bat -interactive D:\Drive_D\ELD2023\Lab9\Lab9.sdk\temp_xsdb_launch_script.tcl
13:19:10 INFO  : XSCT server has started successfully.
13:19:10 INFO  : Successfully done setting XSCT server connection channel  
13:19:10 INFO  : Successfully done setting SDK workspace  
13:19:10 INFO  : Processing command line option -hwspec D:/Drive_D/ELD2023/Lab9/Lab9.sdk/design_1_wrapper.hdf.
13:19:10 INFO  : Checking for hwspec changes in the project design_1_wrapper_hw_platform_0.
13:19:12 INFO  : SDK has detected change in the last modified timestamps for source hardware specification file Source:1699688921725,  Project:1699329076442
13:19:12 INFO  : The hardware specification for project 'design_1_wrapper_hw_platform_0' is different from D:/Drive_D/ELD2023/Lab9/Lab9.sdk/design_1_wrapper.hdf.
13:19:12 INFO  : Copied contents of D:/Drive_D/ELD2023/Lab9/Lab9.sdk/design_1_wrapper.hdf into \design_1_wrapper_hw_platform_0\system.hdf.
13:19:14 INFO  : Synchronizing projects in the workspace with the hardware platform specification changes.
13:19:16 INFO  : 
13:19:16 INFO  : Updating hardware inferred compiler options for Lab9.
13:19:16 INFO  : Clearing existing target manager status.
14:42:49 INFO  : Registering command handlers for SDK TCF services
14:42:50 INFO  : Launching XSCT server: xsct.bat -interactive D:\Drive_D\ELD2023\Lab9\Lab9.sdk\temp_xsdb_launch_script.tcl
14:42:52 INFO  : XSCT server has started successfully.
14:42:52 INFO  : Successfully done setting XSCT server connection channel  
14:42:52 INFO  : Successfully done setting SDK workspace  
14:42:52 INFO  : Processing command line option -hwspec D:/Drive_D/ELD2023/Lab9/Lab9.sdk/design_1_wrapper.hdf.
14:42:52 INFO  : Checking for hwspec changes in the project design_1_wrapper_hw_platform_0.
14:42:54 INFO  : SDK has detected change in the last modified timestamps for source hardware specification file Source:1699693960384,  Project:1699688921725
14:42:54 INFO  : The hardware specification for project 'design_1_wrapper_hw_platform_0' is different from D:/Drive_D/ELD2023/Lab9/Lab9.sdk/design_1_wrapper.hdf.
14:42:54 INFO  : Copied contents of D:/Drive_D/ELD2023/Lab9/Lab9.sdk/design_1_wrapper.hdf into \design_1_wrapper_hw_platform_0\system.hdf.
14:43:13 INFO  : Synchronizing projects in the workspace with the hardware platform specification changes.
14:43:15 INFO  : 
14:43:15 INFO  : Updating hardware inferred compiler options for Lab9.
14:43:15 INFO  : Clearing existing target manager status.
23:05:56 INFO  : Registering command handlers for SDK TCF services
23:05:57 INFO  : Launching XSCT server: xsct.bat -interactive D:\Drive_D\ELD2023\Lab9\Lab9.sdk\temp_xsdb_launch_script.tcl
23:05:59 INFO  : XSCT server has started successfully.
23:05:59 INFO  : Successfully done setting XSCT server connection channel  
23:05:59 INFO  : Successfully done setting SDK workspace  
23:05:59 INFO  : Processing command line option -hwspec D:/Drive_D/ELD2023/Lab9/Lab9.sdk/design_1_wrapper.hdf.
23:05:59 INFO  : Checking for hwspec changes in the project design_1_wrapper_hw_platform_0.
23:06:02 INFO  : SDK has detected change in the last modified timestamps for source hardware specification file Source:1699724144472,  Project:1699693960384
23:06:02 INFO  : The hardware specification for project 'design_1_wrapper_hw_platform_0' is different from D:/Drive_D/ELD2023/Lab9/Lab9.sdk/design_1_wrapper.hdf.
23:06:02 INFO  : Copied contents of D:/Drive_D/ELD2023/Lab9/Lab9.sdk/design_1_wrapper.hdf into \design_1_wrapper_hw_platform_0\system.hdf.
23:06:28 ERROR : Interrupted exception while waiting for the completion of command '::hsi::utils::openhw C:/Users/SHIVAM~1/AppData/Local/Temp/system8067758183661242528.hdf'
23:06:28 ERROR : Failed to openhw "C:/Users/SHIVAM~1/AppData/Local/Temp/system8067758183661242528.hdf"
java.lang.InterruptedException
	at java.lang.Object.wait(Native Method)
	at java.lang.Object.wait(Object.java:502)
	at com.xilinx.sdk.xsdb.XsdbCommandWaitHandler.waitForCompletion(XsdbCommandWaitHandler.java:52)
	at com.xilinx.sdk.xsdb.XSDBCommandManager.issueAndWait(XSDBCommandManager.java:402)
	at com.xilinx.sdk.xsdb.XsdbCommandUtils.executeAndRespond(XsdbCommandUtils.java:308)
	at com.xilinx.sdk.hw.internal.HwPlatform.openHw(HwPlatform.java:372)
	at com.xilinx.sdk.hw.internal.HwPlatform.<init>(HwPlatform.java:357)
	at com.xilinx.sdk.hw.internal.HwSpecFactory.createHwSpec(HwSpecFactory.java:56)
	at com.xilinx.sdk.hw.sync.HwSpecChangeUtil.performChange(HwSpecChangeUtil.java:125)
	at com.xilinx.sdk.startup.InitSDK$16.run(InitSDK.java:546)
	at org.eclipse.swt.widgets.RunnableLock.run(RunnableLock.java:35)
	at org.eclipse.swt.widgets.Synchronizer.runAsyncMessages(Synchronizer.java:182)
	at org.eclipse.swt.widgets.Display.runAsyncMessages(Display.java:4203)
	at org.eclipse.swt.widgets.Display.readAndDispatch(Display.java:3819)
	at org.eclipse.e4.ui.internal.workbench.swt.PartRenderingEngine$4.run(PartRenderingEngine.java:1121)
	at org.eclipse.core.databinding.observable.Realm.runWithDefault(Realm.java:336)
	at org.eclipse.e4.ui.internal.workbench.swt.PartRenderingEngine.run(PartRenderingEngine.java:1022)
	at org.eclipse.e4.ui.internal.workbench.E4Workbench.createAndRunUI(E4Workbench.java:150)
	at org.eclipse.ui.internal.Workbench$5.run(Workbench.java:687)
	at org.eclipse.core.databinding.observable.Realm.runWithDefault(Realm.java:336)
	at org.eclipse.ui.internal.Workbench.createAndRunWorkbench(Workbench.java:604)
	at org.eclipse.ui.PlatformUI.createAndRunWorkbench(PlatformUI.java:148)
	at org.eclipse.ui.internal.ide.application.IDEApplication.start(IDEApplication.java:138)
	at org.eclipse.equinox.internal.app.EclipseAppHandle.run(EclipseAppHandle.java:196)
	at org.eclipse.core.runtime.internal.adaptor.EclipseAppLauncher.runApplication(EclipseAppLauncher.java:134)
	at org.eclipse.core.runtime.internal.adaptor.EclipseAppLauncher.start(EclipseAppLauncher.java:104)
	at org.eclipse.core.runtime.adaptor.EclipseStarter.run(EclipseStarter.java:388)
	at org.eclipse.core.runtime.adaptor.EclipseStarter.run(EclipseStarter.java:243)
	at sun.reflect.NativeMethodAccessorImpl.invoke0(Native Method)
	at sun.reflect.NativeMethodAccessorImpl.invoke(NativeMethodAccessorImpl.java:62)
	at sun.reflect.DelegatingMethodAccessorImpl.invoke(DelegatingMethodAccessorImpl.java:43)
	at java.lang.reflect.Method.invoke(Method.java:498)
	at org.eclipse.equinox.launcher.Main.invokeFramework(Main.java:673)
	at org.eclipse.equinox.launcher.Main.basicRun(Main.java:610)
	at org.eclipse.equinox.launcher.Main.run(Main.java:1519)
23:06:28 INFO  : Synchronizing projects in the workspace with the hardware platform specification changes.
23:19:17 INFO  : Connected through redirection to target on host '192.168.226.142' and port '54901'.
23:19:17 INFO  : Jtag cable 'Digilent Zed 210248722230' is selected.
23:19:17 INFO  : 'jtag frequency' command is executed.
23:19:17 INFO  : Sourcing of 'D:/Drive_D/ELD2023/Lab9/Lab9.sdk/design_1_wrapper_hw_platform_0/ps7_init.tcl' is done.
23:19:22 INFO  : Context for 'APU' is selected.
23:19:22 INFO  : System reset is completed.
23:19:25 INFO  : 'after 3000' command is executed.
23:19:25 INFO  : Context for 'APU' is selected.
23:19:25 INFO  : Hardware design information is loaded from 'D:/Drive_D/ELD2023/Lab9/Lab9.sdk/design_1_wrapper_hw_platform_0/system.hdf'.
23:19:25 INFO  : 'configparams force-mem-access 1' command is executed.
23:19:25 INFO  : Context for 'APU' is selected.
23:19:34 INFO  : 'ps7_init' command is executed.
23:19:34 INFO  : 'ps7_post_config' command is executed.
23:19:37 INFO  : Context for processor 'ps7_cortexa9_0' is selected.
23:19:37 INFO  : The application 'D:/Drive_D/ELD2023/Lab9/Lab9.sdk/Lab9/Debug/Lab9.elf' is downloaded to processor 'ps7_cortexa9_0'.
23:19:37 INFO  : 'configparams force-mem-access 0' command is executed.
23:19:37 INFO  : ----------------XSDB Script----------------
connect -path [list tcp::1541 tcp:192.168.226.142:54901]
source D:/Drive_D/ELD2023/Lab9/Lab9.sdk/design_1_wrapper_hw_platform_0/ps7_init.tcl
targets -set -nocase -filter {name =~"APU*" && jtag_cable_name =~ "Digilent Zed 210248722230"} -index 0
rst -system
after 3000
targets -set -nocase -filter {name =~"APU*" && jtag_cable_name =~ "Digilent Zed 210248722230"} -index 0
loadhw -hw D:/Drive_D/ELD2023/Lab9/Lab9.sdk/design_1_wrapper_hw_platform_0/system.hdf -mem-ranges [list {0x40000000 0xbfffffff}]
configparams force-mem-access 1
targets -set -nocase -filter {name =~"APU*" && jtag_cable_name =~ "Digilent Zed 210248722230"} -index 0
ps7_init
ps7_post_config
targets -set -nocase -filter {name =~ "ARM*#0" && jtag_cable_name =~ "Digilent Zed 210248722230"} -index 0
dow D:/Drive_D/ELD2023/Lab9/Lab9.sdk/Lab9/Debug/Lab9.elf
configparams force-mem-access 0
----------------End of Script----------------

23:19:38 INFO  : Launch script is exported to file 'D:\Drive_D\ELD2023\Lab9\Lab9.sdk\.sdk\launch_scripts\xilinx_c-c++_application_(system_debugger)\system_debugger_using_debug_lab9.elf_on_zedb_(1).tcl'
23:24:26 INFO  : Disconnected from the channel tcfchan#1.
23:24:32 INFO  : Connected through redirection to target on host '192.168.226.142' and port '54901'.
23:24:32 INFO  : Jtag cable 'Digilent Zed 210248722230' is selected.
23:24:32 INFO  : 'jtag frequency' command is executed.
23:24:32 INFO  : Sourcing of 'D:/Drive_D/ELD2023/Lab9/Lab9.sdk/design_1_wrapper_hw_platform_0/ps7_init.tcl' is done.
23:24:35 INFO  : Context for 'APU' is selected.
23:24:36 INFO  : System reset is completed.
23:24:39 INFO  : 'after 3000' command is executed.
23:24:39 INFO  : Context for 'APU' is selected.
23:24:40 INFO  : Hardware design information is loaded from 'D:/Drive_D/ELD2023/Lab9/Lab9.sdk/design_1_wrapper_hw_platform_0/system.hdf'.
23:24:40 INFO  : 'configparams force-mem-access 1' command is executed.
23:24:40 INFO  : Context for 'APU' is selected.
23:24:48 INFO  : 'ps7_init' command is executed.
23:24:48 INFO  : 'ps7_post_config' command is executed.
23:24:48 INFO  : Context for processor 'ps7_cortexa9_0' is selected.
23:24:48 INFO  : The application 'D:/Drive_D/ELD2023/Lab9/Lab9.sdk/Lab9/Debug/Lab9.elf' is downloaded to processor 'ps7_cortexa9_0'.
23:24:48 INFO  : 'configparams force-mem-access 0' command is executed.
23:24:48 INFO  : ----------------XSDB Script----------------
connect -path [list tcp::1541 tcp:192.168.226.142:54901]
source D:/Drive_D/ELD2023/Lab9/Lab9.sdk/design_1_wrapper_hw_platform_0/ps7_init.tcl
targets -set -nocase -filter {name =~"APU*" && jtag_cable_name =~ "Digilent Zed 210248722230"} -index 0
rst -system
after 3000
targets -set -nocase -filter {name =~"APU*" && jtag_cable_name =~ "Digilent Zed 210248722230"} -index 0
loadhw -hw D:/Drive_D/ELD2023/Lab9/Lab9.sdk/design_1_wrapper_hw_platform_0/system.hdf -mem-ranges [list {0x40000000 0xbfffffff}]
configparams force-mem-access 1
targets -set -nocase -filter {name =~"APU*" && jtag_cable_name =~ "Digilent Zed 210248722230"} -index 0
ps7_init
ps7_post_config
targets -set -nocase -filter {name =~ "ARM*#0" && jtag_cable_name =~ "Digilent Zed 210248722230"} -index 0
dow D:/Drive_D/ELD2023/Lab9/Lab9.sdk/Lab9/Debug/Lab9.elf
configparams force-mem-access 0
----------------End of Script----------------

23:24:48 INFO  : Launch script is exported to file 'D:\Drive_D\ELD2023\Lab9\Lab9.sdk\.sdk\launch_scripts\xilinx_c-c++_application_(system_debugger)\system_debugger_using_debug_lab9.elf_on_zedb_(1).tcl'
23:26:49 INFO  : Disconnected from the channel tcfchan#2.
23:26:50 INFO  : Connected through redirection to target on host '192.168.226.142' and port '54901'.
23:26:50 INFO  : Jtag cable 'Digilent Zed 210248722230' is selected.
23:26:50 INFO  : 'jtag frequency' command is executed.
23:26:50 INFO  : Sourcing of 'D:/Drive_D/ELD2023/Lab9/Lab9.sdk/design_1_wrapper_hw_platform_0/ps7_init.tcl' is done.
23:26:50 INFO  : Context for 'APU' is selected.
23:26:50 INFO  : System reset is completed.
23:26:53 INFO  : 'after 3000' command is executed.
23:26:54 INFO  : Context for 'APU' is selected.
23:26:54 INFO  : Hardware design information is loaded from 'D:/Drive_D/ELD2023/Lab9/Lab9.sdk/design_1_wrapper_hw_platform_0/system.hdf'.
23:26:54 INFO  : 'configparams force-mem-access 1' command is executed.
23:26:54 INFO  : Context for 'APU' is selected.
23:27:01 INFO  : 'ps7_init' command is executed.
23:27:01 INFO  : 'ps7_post_config' command is executed.
23:27:01 INFO  : Context for processor 'ps7_cortexa9_0' is selected.
23:27:01 INFO  : The application 'D:/Drive_D/ELD2023/Lab9/Lab9.sdk/Lab9/Debug/Lab9.elf' is downloaded to processor 'ps7_cortexa9_0'.
23:27:01 INFO  : 'configparams force-mem-access 0' command is executed.
23:27:01 INFO  : ----------------XSDB Script----------------
connect -path [list tcp::1541 tcp:192.168.226.142:54901]
source D:/Drive_D/ELD2023/Lab9/Lab9.sdk/design_1_wrapper_hw_platform_0/ps7_init.tcl
targets -set -nocase -filter {name =~"APU*" && jtag_cable_name =~ "Digilent Zed 210248722230"} -index 0
rst -system
after 3000
targets -set -nocase -filter {name =~"APU*" && jtag_cable_name =~ "Digilent Zed 210248722230"} -index 0
loadhw -hw D:/Drive_D/ELD2023/Lab9/Lab9.sdk/design_1_wrapper_hw_platform_0/system.hdf -mem-ranges [list {0x40000000 0xbfffffff}]
configparams force-mem-access 1
targets -set -nocase -filter {name =~"APU*" && jtag_cable_name =~ "Digilent Zed 210248722230"} -index 0
ps7_init
ps7_post_config
targets -set -nocase -filter {name =~ "ARM*#0" && jtag_cable_name =~ "Digilent Zed 210248722230"} -index 0
dow D:/Drive_D/ELD2023/Lab9/Lab9.sdk/Lab9/Debug/Lab9.elf
configparams force-mem-access 0
----------------End of Script----------------

23:27:02 INFO  : Launch script is exported to file 'D:\Drive_D\ELD2023\Lab9\Lab9.sdk\.sdk\launch_scripts\xilinx_c-c++_application_(system_debugger)\system_debugger_using_debug_lab9.elf_on_zedb_(1).tcl'
23:30:17 WARN  : channel "tcfchan#3" closed
15:39:49 INFO  : Registering command handlers for SDK TCF services
15:39:50 INFO  : Launching XSCT server: xsct.bat -interactive D:\Drive_D\ELD2023\Lab9\Lab9.sdk\temp_xsdb_launch_script.tcl
15:39:52 INFO  : XSCT server has started successfully.
15:39:52 INFO  : Successfully done setting XSCT server connection channel  
15:39:52 INFO  : Successfully done setting SDK workspace  
15:39:52 INFO  : Processing command line option -hwspec D:/Drive_D/ELD2023/Lab9/Lab9.sdk/design_1_wrapper.hdf.
15:39:52 INFO  : Checking for hwspec changes in the project design_1_wrapper_hw_platform_0.
15:39:55 INFO  : SDK has detected change in the last modified timestamps for source hardware specification file Source:1700042956769,  Project:1699724144472
15:39:55 INFO  : The hardware specification for project 'design_1_wrapper_hw_platform_0' is different from D:/Drive_D/ELD2023/Lab9/Lab9.sdk/design_1_wrapper.hdf.
15:39:55 INFO  : Copied contents of D:/Drive_D/ELD2023/Lab9/Lab9.sdk/design_1_wrapper.hdf into \design_1_wrapper_hw_platform_0\system.hdf.
15:39:57 INFO  : Synchronizing projects in the workspace with the hardware platform specification changes.
15:39:59 INFO  : 
15:40:00 INFO  : Updating hardware inferred compiler options for Lab9.
15:40:00 INFO  : Clearing existing target manager status.
15:46:53 ERROR : Failed to connect to hardware server on host '192.168.226.142' and port '62027'.
Reason: No connection could be made because the target machine actively refused it
15:48:14 ERROR : Failed to connect to hardware server on host '192.168.226.142' and port '62027'.
Reason: No connection could be made because the target machine actively refused it
15:48:27 ERROR : Failed to connect to hardware server on host '192.168.226.142' and port '62027'.
Reason: No connection could be made because the target machine actively refused it
15:48:49 ERROR : Failed to connect to hardware server on host '192.168.226.14' and port '62027'.
Reason: A connection attempt failed because the connected party did not properly respond after a period of time, or established connection failed because connected host has failed to respond
15:48:51 ERROR : Failed to connect to hardware server on host '192.168.226.142' and port '62027'.
Reason: No connection could be made because the target machine actively refused it
15:48:54 ERROR : Failed to connect to hardware server on host '192.168.226.142' and port '62027'.
Reason: No connection could be made because the target machine actively refused it
15:48:57 ERROR : Failed to connect to hardware server on host '192.168.226.142' and port '62027'.
Reason: No connection could be made because the target machine actively refused it
17:29:05 INFO  : Connected through redirection to target on host '192.168.226.142' and port '62921'.
17:29:05 INFO  : Jtag cable 'Digilent Zed 210248722230' is selected.
17:29:05 INFO  : 'jtag frequency' command is executed.
17:29:05 INFO  : Sourcing of 'D:/Drive_D/ELD2023/Lab9/Lab9.sdk/design_1_wrapper_hw_platform_0/ps7_init.tcl' is done.
17:29:06 INFO  : Context for 'APU' is selected.
17:29:06 INFO  : System reset is completed.
17:29:10 INFO  : 'after 3000' command is executed.
17:29:10 INFO  : Context for 'APU' is selected.
17:29:10 INFO  : Hardware design information is loaded from 'D:/Drive_D/ELD2023/Lab9/Lab9.sdk/design_1_wrapper_hw_platform_0/system.hdf'.
17:29:10 INFO  : 'configparams force-mem-access 1' command is executed.
17:29:10 INFO  : Context for 'APU' is selected.
17:29:26 INFO  : 'ps7_init' command is executed.
17:29:27 INFO  : 'ps7_post_config' command is executed.
17:29:27 INFO  : Context for processor 'ps7_cortexa9_0' is selected.
17:29:27 INFO  : The application 'D:/Drive_D/ELD2023/Lab9/Lab9.sdk/Lab9/Debug/Lab9.elf' is downloaded to processor 'ps7_cortexa9_0'.
17:29:27 INFO  : 'configparams force-mem-access 0' command is executed.
17:29:27 INFO  : ----------------XSDB Script----------------
connect -path [list tcp::1541 tcp:192.168.226.142:62921]
source D:/Drive_D/ELD2023/Lab9/Lab9.sdk/design_1_wrapper_hw_platform_0/ps7_init.tcl
targets -set -nocase -filter {name =~"APU*" && jtag_cable_name =~ "Digilent Zed 210248722230"} -index 0
rst -system
after 3000
targets -set -nocase -filter {name =~"APU*" && jtag_cable_name =~ "Digilent Zed 210248722230"} -index 0
loadhw -hw D:/Drive_D/ELD2023/Lab9/Lab9.sdk/design_1_wrapper_hw_platform_0/system.hdf -mem-ranges [list {0x40000000 0xbfffffff}]
configparams force-mem-access 1
targets -set -nocase -filter {name =~"APU*" && jtag_cable_name =~ "Digilent Zed 210248722230"} -index 0
ps7_init
ps7_post_config
targets -set -nocase -filter {name =~ "ARM*#0" && jtag_cable_name =~ "Digilent Zed 210248722230"} -index 0
dow D:/Drive_D/ELD2023/Lab9/Lab9.sdk/Lab9/Debug/Lab9.elf
configparams force-mem-access 0
----------------End of Script----------------

17:29:28 INFO  : Launch script is exported to file 'D:\Drive_D\ELD2023\Lab9\Lab9.sdk\.sdk\launch_scripts\xilinx_c-c++_application_(system_debugger)\system_debugger_using_debug_lab9.elf_on_zedb_(1).tcl'
17:29:50 ERROR : (XSDB Server)invalid command name "jtagetrminal"

17:30:10 WARN  : channel "tcfchan#1" closed
