09:45:02 INFO  : Registering command handlers for SDK TCF services
09:45:03 INFO  : Launching XSCT server: xsct.bat -interactive D:\Drive_D\ELD2023\Lab8\Lab8.sdk\temp_xsdb_launch_script.tcl
09:45:05 INFO  : XSCT server has started successfully.
09:45:05 INFO  : Successfully done setting XSCT server connection channel  
09:45:05 INFO  : Successfully done setting SDK workspace  
09:45:05 INFO  : Processing command line option -hwspec D:/Drive_D/ELD2023/Lab8/Lab8.sdk/design_t_wrapper.hdf.
10:01:56 INFO  : Connected to target on host '127.0.0.1' and port '3121'.
10:04:07 INFO  : Symbol server is running on the port '1534'.
10:06:55 ERROR : (XSDB Server)invalid command name "jtabterminal"

10:07:06 ERROR : (XSDB Server)Invalid target. Use "targets" command to select a target

10:08:45 INFO  : Connected through redirection to target on host '192.168.226.142' and port '56925'.
10:08:45 INFO  : Jtag cable 'Digilent Zybo Z7 210351A7817DA' is selected.
10:08:45 INFO  : 'jtag frequency' command is executed.
10:08:45 INFO  : Sourcing of 'D:/Drive_D/ELD2023/Lab8/Lab8.sdk/design_t_wrapper_hw_platform_0/ps7_init.tcl' is done.
10:08:45 INFO  : Context for 'APU' is selected.
10:08:45 INFO  : System reset is completed.
10:08:48 INFO  : 'after 3000' command is executed.
10:08:48 INFO  : Context for 'APU' is selected.
10:08:48 INFO  : Hardware design information is loaded from 'D:/Drive_D/ELD2023/Lab8/Lab8.sdk/design_t_wrapper_hw_platform_0/system.hdf'.
10:08:48 INFO  : 'configparams force-mem-access 1' command is executed.
10:08:48 INFO  : Context for 'APU' is selected.
10:08:51 INFO  : 'ps7_init' command is executed.
10:08:51 INFO  : 'ps7_post_config' command is executed.
10:08:51 INFO  : Context for processor 'ps7_cortexa9_0' is selected.
10:08:51 INFO  : The application 'D:/Drive_D/ELD2023/Lab8/Lab8.sdk/Lab_8/Debug/Lab_8.elf' is downloaded to processor 'ps7_cortexa9_0'.
10:08:51 INFO  : 'configparams force-mem-access 0' command is executed.
10:08:51 INFO  : ----------------XSDB Script----------------
connect -path [list tcp::1534 tcp:192.168.226.142:56925]
source D:/Drive_D/ELD2023/Lab8/Lab8.sdk/design_t_wrapper_hw_platform_0/ps7_init.tcl
targets -set -nocase -filter {name =~"APU*" && jtag_cable_name =~ "Digilent Zybo Z7 210351A7817DA"} -index 0
rst -system
after 3000
targets -set -nocase -filter {name =~"APU*" && jtag_cable_name =~ "Digilent Zybo Z7 210351A7817DA"} -index 0
loadhw -hw D:/Drive_D/ELD2023/Lab8/Lab8.sdk/design_t_wrapper_hw_platform_0/system.hdf -mem-ranges [list {0x40000000 0xbfffffff}]
configparams force-mem-access 1
targets -set -nocase -filter {name =~"APU*" && jtag_cable_name =~ "Digilent Zybo Z7 210351A7817DA"} -index 0
ps7_init
ps7_post_config
targets -set -nocase -filter {name =~ "ARM*#0" && jtag_cable_name =~ "Digilent Zybo Z7 210351A7817DA"} -index 0
dow D:/Drive_D/ELD2023/Lab8/Lab8.sdk/Lab_8/Debug/Lab_8.elf
configparams force-mem-access 0
----------------End of Script----------------

10:08:51 INFO  : Context for processor 'ps7_cortexa9_0' is selected.
10:08:51 INFO  : 'con' command is executed.
10:08:51 INFO  : ----------------XSDB Script (After Launch)----------------
targets -set -nocase -filter {name =~ "ARM*#0" && jtag_cable_name =~ "Digilent Zybo Z7 210351A7817DA"} -index 0
con
----------------End of Script----------------

10:08:51 INFO  : Launch script is exported to file 'D:\Drive_D\ELD2023\Lab8\Lab8.sdk\.sdk\launch_scripts\xilinx_c-c++_application_(system_debugger)\system_debugger_on_local.tcl'
10:11:41 INFO  : Disconnected from the channel tcfchan#2.
10:11:43 INFO  : Connected through redirection to target on host '192.168.226.142' and port '56925'.
10:11:44 INFO  : Jtag cable 'Digilent Zybo Z7 210351A7817DA' is selected.
10:11:44 INFO  : 'jtag frequency' command is executed.
10:11:44 INFO  : Sourcing of 'D:/Drive_D/ELD2023/Lab8/Lab8.sdk/design_t_wrapper_hw_platform_0/ps7_init.tcl' is done.
10:11:44 INFO  : Context for 'APU' is selected.
10:11:44 INFO  : System reset is completed.
10:11:47 INFO  : 'after 3000' command is executed.
10:11:47 INFO  : Context for 'APU' is selected.
10:11:49 INFO  : Hardware design information is loaded from 'D:/Drive_D/ELD2023/Lab8/Lab8.sdk/design_t_wrapper_hw_platform_0/system.hdf'.
10:11:49 INFO  : 'configparams force-mem-access 1' command is executed.
10:11:49 INFO  : Context for 'APU' is selected.
10:11:51 INFO  : 'ps7_init' command is executed.
10:11:51 INFO  : 'ps7_post_config' command is executed.
10:11:51 INFO  : Context for processor 'ps7_cortexa9_0' is selected.
10:11:52 INFO  : The application 'D:/Drive_D/ELD2023/Lab8/Lab8.sdk/Lab_8/Debug/Lab_8.elf' is downloaded to processor 'ps7_cortexa9_0'.
10:11:52 INFO  : 'configparams force-mem-access 0' command is executed.
10:11:52 INFO  : ----------------XSDB Script----------------
connect -path [list tcp::1534 tcp:192.168.226.142:56925]
source D:/Drive_D/ELD2023/Lab8/Lab8.sdk/design_t_wrapper_hw_platform_0/ps7_init.tcl
targets -set -nocase -filter {name =~"APU*" && jtag_cable_name =~ "Digilent Zybo Z7 210351A7817DA"} -index 0
rst -system
after 3000
targets -set -nocase -filter {name =~"APU*" && jtag_cable_name =~ "Digilent Zybo Z7 210351A7817DA"} -index 0
loadhw -hw D:/Drive_D/ELD2023/Lab8/Lab8.sdk/design_t_wrapper_hw_platform_0/system.hdf -mem-ranges [list {0x40000000 0xbfffffff}]
configparams force-mem-access 1
targets -set -nocase -filter {name =~"APU*" && jtag_cable_name =~ "Digilent Zybo Z7 210351A7817DA"} -index 0
ps7_init
ps7_post_config
targets -set -nocase -filter {name =~ "ARM*#0" && jtag_cable_name =~ "Digilent Zybo Z7 210351A7817DA"} -index 0
dow D:/Drive_D/ELD2023/Lab8/Lab8.sdk/Lab_8/Debug/Lab_8.elf
configparams force-mem-access 0
----------------End of Script----------------

10:11:52 INFO  : Context for processor 'ps7_cortexa9_0' is selected.
10:11:52 INFO  : 'con' command is executed.
10:11:52 INFO  : ----------------XSDB Script (After Launch)----------------
targets -set -nocase -filter {name =~ "ARM*#0" && jtag_cable_name =~ "Digilent Zybo Z7 210351A7817DA"} -index 0
con
----------------End of Script----------------

10:11:52 INFO  : Launch script is exported to file 'D:\Drive_D\ELD2023\Lab8\Lab8.sdk\.sdk\launch_scripts\xilinx_c-c++_application_(system_debugger)\system_debugger_on_local.tcl'
10:13:14 INFO  : Disconnected from the channel tcfchan#3.
10:13:15 INFO  : Connected through redirection to target on host '192.168.226.142' and port '56925'.
10:13:15 INFO  : Jtag cable 'Digilent Zybo Z7 210351A7817DA' is selected.
10:13:15 INFO  : 'jtag frequency' command is executed.
10:13:15 INFO  : Sourcing of 'D:/Drive_D/ELD2023/Lab8/Lab8.sdk/design_t_wrapper_hw_platform_0/ps7_init.tcl' is done.
10:13:16 INFO  : Context for 'APU' is selected.
10:13:16 INFO  : System reset is completed.
10:13:19 INFO  : 'after 3000' command is executed.
10:13:19 INFO  : Context for 'APU' is selected.
10:13:20 INFO  : Hardware design information is loaded from 'D:/Drive_D/ELD2023/Lab8/Lab8.sdk/design_t_wrapper_hw_platform_0/system.hdf'.
10:13:20 INFO  : 'configparams force-mem-access 1' command is executed.
10:13:20 INFO  : Context for 'APU' is selected.
10:13:23 INFO  : 'ps7_init' command is executed.
10:13:23 INFO  : 'ps7_post_config' command is executed.
10:13:23 INFO  : Context for processor 'ps7_cortexa9_0' is selected.
10:13:23 INFO  : The application 'D:/Drive_D/ELD2023/Lab8/Lab8.sdk/Lab_8/Debug/Lab_8.elf' is downloaded to processor 'ps7_cortexa9_0'.
10:13:23 INFO  : 'configparams force-mem-access 0' command is executed.
10:13:23 INFO  : ----------------XSDB Script----------------
connect -path [list tcp::1534 tcp:192.168.226.142:56925]
source D:/Drive_D/ELD2023/Lab8/Lab8.sdk/design_t_wrapper_hw_platform_0/ps7_init.tcl
targets -set -nocase -filter {name =~"APU*" && jtag_cable_name =~ "Digilent Zybo Z7 210351A7817DA"} -index 0
rst -system
after 3000
targets -set -nocase -filter {name =~"APU*" && jtag_cable_name =~ "Digilent Zybo Z7 210351A7817DA"} -index 0
loadhw -hw D:/Drive_D/ELD2023/Lab8/Lab8.sdk/design_t_wrapper_hw_platform_0/system.hdf -mem-ranges [list {0x40000000 0xbfffffff}]
configparams force-mem-access 1
targets -set -nocase -filter {name =~"APU*" && jtag_cable_name =~ "Digilent Zybo Z7 210351A7817DA"} -index 0
ps7_init
ps7_post_config
targets -set -nocase -filter {name =~ "ARM*#0" && jtag_cable_name =~ "Digilent Zybo Z7 210351A7817DA"} -index 0
dow D:/Drive_D/ELD2023/Lab8/Lab8.sdk/Lab_8/Debug/Lab_8.elf
configparams force-mem-access 0
----------------End of Script----------------

10:13:23 INFO  : Context for processor 'ps7_cortexa9_0' is selected.
10:13:23 INFO  : 'con' command is executed.
10:13:23 INFO  : ----------------XSDB Script (After Launch)----------------
targets -set -nocase -filter {name =~ "ARM*#0" && jtag_cable_name =~ "Digilent Zybo Z7 210351A7817DA"} -index 0
con
----------------End of Script----------------

10:13:23 INFO  : Launch script is exported to file 'D:\Drive_D\ELD2023\Lab8\Lab8.sdk\.sdk\launch_scripts\xilinx_c-c++_application_(system_debugger)\system_debugger_on_local.tcl'
10:14:00 INFO  : Disconnected from the channel tcfchan#4.
10:14:39 INFO  : Connected through redirection to target on host '192.168.226.142' and port '56925'.
10:14:43 INFO  : Jtag cable 'Digilent Zybo Z7 210351A7817DA' is selected.
10:14:43 INFO  : 'jtag frequency' command is executed.
10:14:43 INFO  : Sourcing of 'D:/Drive_D/ELD2023/Lab8/Lab8.sdk/design_t_wrapper_hw_platform_0/ps7_init.tcl' is done.
10:14:43 INFO  : Context for 'APU' is selected.
10:14:43 INFO  : System reset is completed.
10:14:46 INFO  : 'after 3000' command is executed.
10:14:46 INFO  : Context for 'APU' is selected.
10:14:46 INFO  : Hardware design information is loaded from 'D:/Drive_D/ELD2023/Lab8/Lab8.sdk/design_t_wrapper_hw_platform_0/system.hdf'.
10:14:46 INFO  : 'configparams force-mem-access 1' command is executed.
10:14:46 INFO  : Context for 'APU' is selected.
10:14:49 INFO  : 'ps7_init' command is executed.
10:14:50 INFO  : 'ps7_post_config' command is executed.
10:14:50 INFO  : Context for processor 'ps7_cortexa9_0' is selected.
10:14:50 INFO  : The application 'D:/Drive_D/ELD2023/Lab8/Lab8.sdk/Lab_8/Debug/Lab_8.elf' is downloaded to processor 'ps7_cortexa9_0'.
10:14:50 INFO  : 'configparams force-mem-access 0' command is executed.
10:14:50 INFO  : ----------------XSDB Script----------------
connect -path [list tcp::1534 tcp:192.168.226.142:56925]
source D:/Drive_D/ELD2023/Lab8/Lab8.sdk/design_t_wrapper_hw_platform_0/ps7_init.tcl
targets -set -nocase -filter {name =~"APU*" && jtag_cable_name =~ "Digilent Zybo Z7 210351A7817DA"} -index 0
rst -system
after 3000
targets -set -nocase -filter {name =~"APU*" && jtag_cable_name =~ "Digilent Zybo Z7 210351A7817DA"} -index 0
loadhw -hw D:/Drive_D/ELD2023/Lab8/Lab8.sdk/design_t_wrapper_hw_platform_0/system.hdf -mem-ranges [list {0x40000000 0xbfffffff}]
configparams force-mem-access 1
targets -set -nocase -filter {name =~"APU*" && jtag_cable_name =~ "Digilent Zybo Z7 210351A7817DA"} -index 0
ps7_init
ps7_post_config
targets -set -nocase -filter {name =~ "ARM*#0" && jtag_cable_name =~ "Digilent Zybo Z7 210351A7817DA"} -index 0
dow D:/Drive_D/ELD2023/Lab8/Lab8.sdk/Lab_8/Debug/Lab_8.elf
configparams force-mem-access 0
----------------End of Script----------------

10:14:50 INFO  : Context for processor 'ps7_cortexa9_0' is selected.
10:14:50 INFO  : 'con' command is executed.
10:14:50 INFO  : ----------------XSDB Script (After Launch)----------------
targets -set -nocase -filter {name =~ "ARM*#0" && jtag_cable_name =~ "Digilent Zybo Z7 210351A7817DA"} -index 0
con
----------------End of Script----------------

10:14:50 INFO  : Launch script is exported to file 'D:\Drive_D\ELD2023\Lab8\Lab8.sdk\.sdk\launch_scripts\xilinx_c-c++_application_(system_debugger)\system_debugger_on_local.tcl'
10:15:04 ERROR : (XSDB Server)Invalid context

10:15:05 WARN  : channel "tcfchan#5" closed
10:15:20 ERROR : (XSDB Server)Invalid target. Use "connect" command to connect to hw_server/TCF agent

16:06:38 INFO  : Connected through redirection to target on host '192.168.226.142' and port '62165'.
16:06:47 INFO  : Jtag cable 'Digilent Zybo Z7 210351A7817DA' is selected.
16:06:47 INFO  : 'jtag frequency' command is executed.
16:06:47 INFO  : Sourcing of 'D:/Drive_D/ELD2023/Lab8/Lab8.sdk/design_t_wrapper_hw_platform_0/ps7_init.tcl' is done.
16:06:47 INFO  : Context for 'APU' is selected.
16:06:47 INFO  : System reset is completed.
16:06:50 INFO  : 'after 3000' command is executed.
16:06:50 ERROR : (XSDB Server)Target doesn't support Jtag Uart

16:06:50 INFO  : Context for 'APU' is selected.
16:06:50 INFO  : Hardware design information is loaded from 'D:/Drive_D/ELD2023/Lab8/Lab8.sdk/design_t_wrapper_hw_platform_0/system.hdf'.
16:06:50 INFO  : 'configparams force-mem-access 1' command is executed.
16:06:50 INFO  : Context for 'APU' is selected.
16:06:53 INFO  : 'ps7_init' command is executed.
16:06:53 INFO  : 'ps7_post_config' command is executed.
16:06:53 INFO  : Context for processor 'ps7_cortexa9_0' is selected.
16:06:53 INFO  : The application 'D:/Drive_D/ELD2023/Lab8/Lab8.sdk/Lab_8/Debug/Lab_8.elf' is downloaded to processor 'ps7_cortexa9_0'.
16:06:53 INFO  : 'configparams force-mem-access 0' command is executed.
16:06:53 INFO  : ----------------XSDB Script----------------
connect -path [list tcp::1534 tcp:192.168.226.142:62165]
source D:/Drive_D/ELD2023/Lab8/Lab8.sdk/design_t_wrapper_hw_platform_0/ps7_init.tcl
targets -set -nocase -filter {name =~"APU*" && jtag_cable_name =~ "Digilent Zybo Z7 210351A7817DA"} -index 0
rst -system
after 3000
targets -set -nocase -filter {name =~"APU*" && jtag_cable_name =~ "Digilent Zybo Z7 210351A7817DA"} -index 0
loadhw -hw D:/Drive_D/ELD2023/Lab8/Lab8.sdk/design_t_wrapper_hw_platform_0/system.hdf -mem-ranges [list {0x40000000 0xbfffffff}]
configparams force-mem-access 1
targets -set -nocase -filter {name =~"APU*" && jtag_cable_name =~ "Digilent Zybo Z7 210351A7817DA"} -index 0
ps7_init
ps7_post_config
targets -set -nocase -filter {name =~ "ARM*#0" && jtag_cable_name =~ "Digilent Zybo Z7 210351A7817DA"} -index 0
dow D:/Drive_D/ELD2023/Lab8/Lab8.sdk/Lab_8/Debug/Lab_8.elf
configparams force-mem-access 0
----------------End of Script----------------

16:06:53 INFO  : Context for processor 'ps7_cortexa9_0' is selected.
16:06:53 INFO  : 'con' command is executed.
16:06:53 INFO  : ----------------XSDB Script (After Launch)----------------
targets -set -nocase -filter {name =~ "ARM*#0" && jtag_cable_name =~ "Digilent Zybo Z7 210351A7817DA"} -index 0
con
----------------End of Script----------------

16:06:53 INFO  : Launch script is exported to file 'D:\Drive_D\ELD2023\Lab8\Lab8.sdk\.sdk\launch_scripts\xilinx_c-c++_application_(system_debugger)\system_debugger_on_local.tcl'
16:08:00 INFO  : Disconnected from the channel tcfchan#6.
16:08:02 INFO  : Connected through redirection to target on host '192.168.226.142' and port '62165'.
16:08:02 INFO  : Jtag cable 'Digilent Zybo Z7 210351A7817DA' is selected.
16:08:02 INFO  : 'jtag frequency' command is executed.
16:08:02 INFO  : Sourcing of 'D:/Drive_D/ELD2023/Lab8/Lab8.sdk/design_t_wrapper_hw_platform_0/ps7_init.tcl' is done.
16:08:02 INFO  : Context for 'APU' is selected.
16:08:02 INFO  : System reset is completed.
16:08:05 INFO  : 'after 3000' command is executed.
16:08:05 INFO  : Context for 'APU' is selected.
16:08:06 INFO  : Hardware design information is loaded from 'D:/Drive_D/ELD2023/Lab8/Lab8.sdk/design_t_wrapper_hw_platform_0/system.hdf'.
16:08:06 INFO  : 'configparams force-mem-access 1' command is executed.
16:08:06 INFO  : Context for 'APU' is selected.
16:08:09 INFO  : 'ps7_init' command is executed.
16:08:09 INFO  : 'ps7_post_config' command is executed.
16:08:09 INFO  : Context for processor 'ps7_cortexa9_0' is selected.
16:08:09 INFO  : The application 'D:/Drive_D/ELD2023/Lab8/Lab8.sdk/Lab_8/Debug/Lab_8.elf' is downloaded to processor 'ps7_cortexa9_0'.
16:08:09 INFO  : 'configparams force-mem-access 0' command is executed.
16:08:09 INFO  : ----------------XSDB Script----------------
connect -path [list tcp::1534 tcp:192.168.226.142:62165]
source D:/Drive_D/ELD2023/Lab8/Lab8.sdk/design_t_wrapper_hw_platform_0/ps7_init.tcl
targets -set -nocase -filter {name =~"APU*" && jtag_cable_name =~ "Digilent Zybo Z7 210351A7817DA"} -index 0
rst -system
after 3000
targets -set -nocase -filter {name =~"APU*" && jtag_cable_name =~ "Digilent Zybo Z7 210351A7817DA"} -index 0
loadhw -hw D:/Drive_D/ELD2023/Lab8/Lab8.sdk/design_t_wrapper_hw_platform_0/system.hdf -mem-ranges [list {0x40000000 0xbfffffff}]
configparams force-mem-access 1
targets -set -nocase -filter {name =~"APU*" && jtag_cable_name =~ "Digilent Zybo Z7 210351A7817DA"} -index 0
ps7_init
ps7_post_config
targets -set -nocase -filter {name =~ "ARM*#0" && jtag_cable_name =~ "Digilent Zybo Z7 210351A7817DA"} -index 0
dow D:/Drive_D/ELD2023/Lab8/Lab8.sdk/Lab_8/Debug/Lab_8.elf
configparams force-mem-access 0
----------------End of Script----------------

16:08:09 INFO  : Context for processor 'ps7_cortexa9_0' is selected.
16:08:09 INFO  : 'con' command is executed.
16:08:09 INFO  : ----------------XSDB Script (After Launch)----------------
targets -set -nocase -filter {name =~ "ARM*#0" && jtag_cable_name =~ "Digilent Zybo Z7 210351A7817DA"} -index 0
con
----------------End of Script----------------

16:08:09 INFO  : Launch script is exported to file 'D:\Drive_D\ELD2023\Lab8\Lab8.sdk\.sdk\launch_scripts\xilinx_c-c++_application_(system_debugger)\system_debugger_on_local.tcl'
16:09:19 INFO  : Disconnected from the channel tcfchan#7.
16:09:20 INFO  : Connected through redirection to target on host '192.168.226.142' and port '62165'.
16:09:20 INFO  : Jtag cable 'Digilent Zybo Z7 210351A7817DA' is selected.
16:09:20 INFO  : 'jtag frequency' command is executed.
16:09:20 INFO  : Sourcing of 'D:/Drive_D/ELD2023/Lab8/Lab8.sdk/design_t_wrapper_hw_platform_0/ps7_init.tcl' is done.
16:09:20 INFO  : Context for 'APU' is selected.
16:09:21 INFO  : System reset is completed.
16:09:24 INFO  : 'after 3000' command is executed.
16:09:24 INFO  : Context for 'APU' is selected.
16:09:25 INFO  : Hardware design information is loaded from 'D:/Drive_D/ELD2023/Lab8/Lab8.sdk/design_t_wrapper_hw_platform_0/system.hdf'.
16:09:25 INFO  : 'configparams force-mem-access 1' command is executed.
16:09:25 INFO  : Context for 'APU' is selected.
16:09:28 INFO  : 'ps7_init' command is executed.
16:09:28 INFO  : 'ps7_post_config' command is executed.
16:09:28 INFO  : Context for processor 'ps7_cortexa9_0' is selected.
16:09:28 INFO  : The application 'D:/Drive_D/ELD2023/Lab8/Lab8.sdk/Lab_8/Debug/Lab_8.elf' is downloaded to processor 'ps7_cortexa9_0'.
16:09:28 INFO  : 'configparams force-mem-access 0' command is executed.
16:09:28 INFO  : ----------------XSDB Script----------------
connect -path [list tcp::1534 tcp:192.168.226.142:62165]
source D:/Drive_D/ELD2023/Lab8/Lab8.sdk/design_t_wrapper_hw_platform_0/ps7_init.tcl
targets -set -nocase -filter {name =~"APU*" && jtag_cable_name =~ "Digilent Zybo Z7 210351A7817DA"} -index 0
rst -system
after 3000
targets -set -nocase -filter {name =~"APU*" && jtag_cable_name =~ "Digilent Zybo Z7 210351A7817DA"} -index 0
loadhw -hw D:/Drive_D/ELD2023/Lab8/Lab8.sdk/design_t_wrapper_hw_platform_0/system.hdf -mem-ranges [list {0x40000000 0xbfffffff}]
configparams force-mem-access 1
targets -set -nocase -filter {name =~"APU*" && jtag_cable_name =~ "Digilent Zybo Z7 210351A7817DA"} -index 0
ps7_init
ps7_post_config
targets -set -nocase -filter {name =~ "ARM*#0" && jtag_cable_name =~ "Digilent Zybo Z7 210351A7817DA"} -index 0
dow D:/Drive_D/ELD2023/Lab8/Lab8.sdk/Lab_8/Debug/Lab_8.elf
configparams force-mem-access 0
----------------End of Script----------------

16:09:28 INFO  : Context for processor 'ps7_cortexa9_0' is selected.
16:09:28 INFO  : 'con' command is executed.
16:09:28 INFO  : ----------------XSDB Script (After Launch)----------------
targets -set -nocase -filter {name =~ "ARM*#0" && jtag_cable_name =~ "Digilent Zybo Z7 210351A7817DA"} -index 0
con
----------------End of Script----------------

16:09:28 INFO  : Launch script is exported to file 'D:\Drive_D\ELD2023\Lab8\Lab8.sdk\.sdk\launch_scripts\xilinx_c-c++_application_(system_debugger)\system_debugger_on_local.tcl'
16:15:14 WARN  : channel "tcfchan#8" closed
16:17:44 INFO  : Connected through redirection to target on host '192.168.226.142' and port '54711'.
16:17:52 INFO  : Jtag cable 'Digilent Zybo Z7 210351A7817DA' is selected.
16:17:52 INFO  : 'jtag frequency' command is executed.
16:17:52 INFO  : Sourcing of 'D:/Drive_D/ELD2023/Lab8/Lab8.sdk/design_t_wrapper_hw_platform_0/ps7_init.tcl' is done.
16:17:52 INFO  : Context for 'APU' is selected.
16:17:53 INFO  : System reset is completed.
16:17:56 INFO  : 'after 3000' command is executed.
16:17:56 INFO  : Context for 'APU' is selected.
16:17:56 INFO  : Hardware design information is loaded from 'D:/Drive_D/ELD2023/Lab8/Lab8.sdk/design_t_wrapper_hw_platform_0/system.hdf'.
16:17:56 INFO  : 'configparams force-mem-access 1' command is executed.
16:17:56 INFO  : Context for 'APU' is selected.
16:17:59 INFO  : 'ps7_init' command is executed.
16:17:59 INFO  : 'ps7_post_config' command is executed.
16:17:59 INFO  : Context for processor 'ps7_cortexa9_0' is selected.
16:17:59 INFO  : The application 'D:/Drive_D/ELD2023/Lab8/Lab8.sdk/Lab_8/Debug/Lab_8.elf' is downloaded to processor 'ps7_cortexa9_0'.
16:17:59 INFO  : 'configparams force-mem-access 0' command is executed.
16:17:59 INFO  : ----------------XSDB Script----------------
connect -path [list tcp::1534 tcp:192.168.226.142:54711]
source D:/Drive_D/ELD2023/Lab8/Lab8.sdk/design_t_wrapper_hw_platform_0/ps7_init.tcl
targets -set -nocase -filter {name =~"APU*" && jtag_cable_name =~ "Digilent Zybo Z7 210351A7817DA"} -index 0
rst -system
after 3000
targets -set -nocase -filter {name =~"APU*" && jtag_cable_name =~ "Digilent Zybo Z7 210351A7817DA"} -index 0
loadhw -hw D:/Drive_D/ELD2023/Lab8/Lab8.sdk/design_t_wrapper_hw_platform_0/system.hdf -mem-ranges [list {0x40000000 0xbfffffff}]
configparams force-mem-access 1
targets -set -nocase -filter {name =~"APU*" && jtag_cable_name =~ "Digilent Zybo Z7 210351A7817DA"} -index 0
ps7_init
ps7_post_config
targets -set -nocase -filter {name =~ "ARM*#0" && jtag_cable_name =~ "Digilent Zybo Z7 210351A7817DA"} -index 0
dow D:/Drive_D/ELD2023/Lab8/Lab8.sdk/Lab_8/Debug/Lab_8.elf
configparams force-mem-access 0
----------------End of Script----------------

16:17:59 INFO  : Context for processor 'ps7_cortexa9_0' is selected.
16:17:59 INFO  : 'con' command is executed.
16:17:59 INFO  : ----------------XSDB Script (After Launch)----------------
targets -set -nocase -filter {name =~ "ARM*#0" && jtag_cable_name =~ "Digilent Zybo Z7 210351A7817DA"} -index 0
con
----------------End of Script----------------

16:17:59 INFO  : Launch script is exported to file 'D:\Drive_D\ELD2023\Lab8\Lab8.sdk\.sdk\launch_scripts\xilinx_c-c++_application_(system_debugger)\system_debugger_on_local.tcl'
16:19:51 INFO  : Disconnected from the channel tcfchan#9.
15:01:02 INFO  : Launching XSCT server: xsct.bat -interactive D:\Drive_D\ELD2023\Lab8\Lab8.sdk\temp_xsdb_launch_script.tcl
15:01:02 INFO  : Registering command handlers for SDK TCF services
15:01:05 INFO  : XSCT server has started successfully.
15:01:06 INFO  : Successfully done setting XSCT server connection channel  
15:01:06 INFO  : Successfully done setting SDK workspace  
15:01:06 INFO  : Processing command line option -hwspec D:/Drive_D/ELD2023/Lab8/Lab8.sdk/design_t_wrapper.hdf.
15:01:06 INFO  : Checking for hwspec changes in the project design_t_wrapper_hw_platform_0.
15:02:08 ERROR : (XSDB Server)Invalid target. Use "connect" command to connect to hw_server/TCF agent

15:02:41 ERROR : (XSDB Server)unexpected arguments: test

15:02:55 ERROR : (XSDB Server)Invalid target. Use "targets" command to select a target

15:03:07 ERROR : (XSDB Server)Invalid target. Use "targets" command to select a target

15:03:54 INFO  : Connected through redirection to target on host '192.168.226.142' and port '63016'.
15:04:04 INFO  : Jtag cable 'Digilent Zybo Z7 210351A77B93A' is selected.
15:04:04 INFO  : 'jtag frequency' command is executed.
15:04:04 INFO  : Sourcing of 'D:/Drive_D/ELD2023/Lab8/Lab8.sdk/design_t_wrapper_hw_platform_0/ps7_init.tcl' is done.
15:04:04 INFO  : Context for 'APU' is selected.
15:04:06 INFO  : System reset is completed.
15:04:09 INFO  : 'after 3000' command is executed.
15:04:09 INFO  : Context for 'APU' is selected.
15:04:09 INFO  : Hardware design information is loaded from 'D:/Drive_D/ELD2023/Lab8/Lab8.sdk/design_t_wrapper_hw_platform_0/system.hdf'.
15:04:09 INFO  : 'configparams force-mem-access 1' command is executed.
15:04:09 INFO  : Context for 'APU' is selected.
15:04:25 INFO  : 'ps7_init' command is executed.
15:04:26 INFO  : 'ps7_post_config' command is executed.
15:04:26 INFO  : Context for processor 'ps7_cortexa9_0' is selected.
15:04:26 INFO  : The application 'D:/Drive_D/ELD2023/Lab8/Lab8.sdk/Lab_8/Debug/Lab_8.elf' is downloaded to processor 'ps7_cortexa9_0'.
15:04:26 INFO  : 'configparams force-mem-access 0' command is executed.
15:04:26 INFO  : ----------------XSDB Script----------------
connect -path [list tcp::1534 tcp:192.168.226.142:63016]
source D:/Drive_D/ELD2023/Lab8/Lab8.sdk/design_t_wrapper_hw_platform_0/ps7_init.tcl
targets -set -nocase -filter {name =~"APU*" && jtag_cable_name =~ "Digilent Zybo Z7 210351A77B93A"} -index 0
rst -system
after 3000
targets -set -nocase -filter {name =~"APU*" && jtag_cable_name =~ "Digilent Zybo Z7 210351A77B93A"} -index 0
loadhw -hw D:/Drive_D/ELD2023/Lab8/Lab8.sdk/design_t_wrapper_hw_platform_0/system.hdf -mem-ranges [list {0x40000000 0xbfffffff}]
configparams force-mem-access 1
targets -set -nocase -filter {name =~"APU*" && jtag_cable_name =~ "Digilent Zybo Z7 210351A77B93A"} -index 0
ps7_init
ps7_post_config
targets -set -nocase -filter {name =~ "ARM*#0" && jtag_cable_name =~ "Digilent Zybo Z7 210351A77B93A"} -index 0
dow D:/Drive_D/ELD2023/Lab8/Lab8.sdk/Lab_8/Debug/Lab_8.elf
configparams force-mem-access 0
----------------End of Script----------------

15:04:27 INFO  : Context for processor 'ps7_cortexa9_0' is selected.
15:04:27 INFO  : 'con' command is executed.
15:04:27 INFO  : ----------------XSDB Script (After Launch)----------------
targets -set -nocase -filter {name =~ "ARM*#0" && jtag_cable_name =~ "Digilent Zybo Z7 210351A77B93A"} -index 0
con
----------------End of Script----------------

15:04:27 INFO  : Launch script is exported to file 'D:\Drive_D\ELD2023\Lab8\Lab8.sdk\.sdk\launch_scripts\xilinx_c-c++_application_(system_debugger)\system_debugger_on_local.tcl'
15:05:37 INFO  : Refreshed build settings on project Lab_8
15:06:17 INFO  : Disconnected from the channel tcfchan#2.
15:06:18 INFO  : Connected through redirection to target on host '192.168.226.142' and port '63016'.
15:06:19 INFO  : Jtag cable 'Digilent Zybo Z7 210351A77B93A' is selected.
15:06:19 INFO  : 'jtag frequency' command is executed.
15:06:19 INFO  : Sourcing of 'D:/Drive_D/ELD2023/Lab8/Lab8.sdk/design_t_wrapper_hw_platform_0/ps7_init.tcl' is done.
15:06:19 INFO  : Context for 'APU' is selected.
15:06:20 INFO  : System reset is completed.
15:06:23 INFO  : 'after 3000' command is executed.
15:06:23 INFO  : Context for 'APU' is selected.
15:06:24 INFO  : Hardware design information is loaded from 'D:/Drive_D/ELD2023/Lab8/Lab8.sdk/design_t_wrapper_hw_platform_0/system.hdf'.
15:06:24 INFO  : 'configparams force-mem-access 1' command is executed.
15:06:24 INFO  : Context for 'APU' is selected.
15:06:39 INFO  : 'ps7_init' command is executed.
15:06:40 INFO  : 'ps7_post_config' command is executed.
15:06:40 INFO  : Context for processor 'ps7_cortexa9_0' is selected.
15:06:40 INFO  : The application 'D:/Drive_D/ELD2023/Lab8/Lab8.sdk/Lab_8/Debug/Lab_8.elf' is downloaded to processor 'ps7_cortexa9_0'.
15:06:40 INFO  : 'configparams force-mem-access 0' command is executed.
15:06:40 INFO  : ----------------XSDB Script----------------
connect -path [list tcp::1534 tcp:192.168.226.142:63016]
source D:/Drive_D/ELD2023/Lab8/Lab8.sdk/design_t_wrapper_hw_platform_0/ps7_init.tcl
targets -set -nocase -filter {name =~"APU*" && jtag_cable_name =~ "Digilent Zybo Z7 210351A77B93A"} -index 0
rst -system
after 3000
targets -set -nocase -filter {name =~"APU*" && jtag_cable_name =~ "Digilent Zybo Z7 210351A77B93A"} -index 0
loadhw -hw D:/Drive_D/ELD2023/Lab8/Lab8.sdk/design_t_wrapper_hw_platform_0/system.hdf -mem-ranges [list {0x40000000 0xbfffffff}]
configparams force-mem-access 1
targets -set -nocase -filter {name =~"APU*" && jtag_cable_name =~ "Digilent Zybo Z7 210351A77B93A"} -index 0
ps7_init
ps7_post_config
targets -set -nocase -filter {name =~ "ARM*#0" && jtag_cable_name =~ "Digilent Zybo Z7 210351A77B93A"} -index 0
dow D:/Drive_D/ELD2023/Lab8/Lab8.sdk/Lab_8/Debug/Lab_8.elf
configparams force-mem-access 0
----------------End of Script----------------

15:06:41 INFO  : Context for processor 'ps7_cortexa9_0' is selected.
15:06:41 INFO  : 'con' command is executed.
15:06:41 INFO  : ----------------XSDB Script (After Launch)----------------
targets -set -nocase -filter {name =~ "ARM*#0" && jtag_cable_name =~ "Digilent Zybo Z7 210351A77B93A"} -index 0
con
----------------End of Script----------------

15:06:41 INFO  : Launch script is exported to file 'D:\Drive_D\ELD2023\Lab8\Lab8.sdk\.sdk\launch_scripts\xilinx_c-c++_application_(system_debugger)\system_debugger_on_local.tcl'
15:07:39 INFO  : No changes in MSS file content so not generating sources.
15:41:15 WARN  : channel "tcfchan#3" closed
21:47:07 ERROR : (XSDB Server)Invalid target. Use "connect" command to connect to hw_server/TCF agent

21:47:18 INFO  : Connected to target on host '192.168.226.142' and port '62372'.
21:47:44 INFO  : Connected through redirection to target on host '192.168.226.142' and port '62372'.
21:48:09 ERROR : (XSDB Server)Invalid context

21:48:10 INFO  : Jtag cable 'Digilent Zybo Z7 210351A7817DA' is selected.
21:48:10 INFO  : 'jtag frequency' command is executed.
21:48:10 INFO  : Sourcing of 'D:/Drive_D/ELD2023/Lab8/Lab8.sdk/design_t_wrapper_hw_platform_0/ps7_init.tcl' is done.
21:48:25 INFO  : Context for 'APU' is selected.
21:48:25 ERROR : (XSDB Server)Target doesn't support Jtag Uart

21:48:32 INFO  : System reset is completed.
21:48:35 INFO  : 'after 3000' command is executed.
21:48:36 INFO  : Context for 'APU' is selected.
21:48:36 INFO  : Hardware design information is loaded from 'D:/Drive_D/ELD2023/Lab8/Lab8.sdk/design_t_wrapper_hw_platform_0/system.hdf'.
21:48:36 INFO  : 'configparams force-mem-access 1' command is executed.
21:48:37 INFO  : Context for 'APU' is selected.
21:49:05 ERROR : Invalid context
21:49:05 INFO  : ----------------XSDB Script----------------
connect -path [list tcp::1534 tcp:192.168.226.142:62372]
source D:/Drive_D/ELD2023/Lab8/Lab8.sdk/design_t_wrapper_hw_platform_0/ps7_init.tcl
targets -set -nocase -filter {name =~"APU*" && jtag_cable_name =~ "Digilent Zybo Z7 210351A7817DA"} -index 0
rst -system
after 3000
targets -set -nocase -filter {name =~"APU*" && jtag_cable_name =~ "Digilent Zybo Z7 210351A7817DA"} -index 0
loadhw -hw D:/Drive_D/ELD2023/Lab8/Lab8.sdk/design_t_wrapper_hw_platform_0/system.hdf -mem-ranges [list {0x40000000 0xbfffffff}]
configparams force-mem-access 1
targets -set -nocase -filter {name =~"APU*" && jtag_cable_name =~ "Digilent Zybo Z7 210351A7817DA"} -index 0
ps7_init
----------------End of Script----------------

21:49:27 INFO  : Connected through redirection to target on host '192.168.226.142' and port '62372'.
21:49:27 INFO  : Jtag cable 'Digilent Zybo Z7 210351A7817DA' is selected.
21:49:27 INFO  : 'jtag frequency' command is executed.
21:49:27 INFO  : Sourcing of 'D:/Drive_D/ELD2023/Lab8/Lab8.sdk/design_t_wrapper_hw_platform_0/ps7_init.tcl' is done.
21:49:28 INFO  : Context for 'APU' is selected.
21:49:29 INFO  : System reset is completed.
21:49:39 INFO  : 'after 3000' command is executed.
21:49:41 INFO  : Context for 'APU' is selected.
21:49:44 INFO  : Hardware design information is loaded from 'D:/Drive_D/ELD2023/Lab8/Lab8.sdk/design_t_wrapper_hw_platform_0/system.hdf'.
21:49:44 INFO  : 'configparams force-mem-access 1' command is executed.
21:49:45 INFO  : Context for 'APU' is selected.
21:51:07 INFO  : 'ps7_init' command is executed.
21:51:07 ERROR : (XSDB Server)Target doesn't support Jtag Uart

21:51:12 INFO  : 'ps7_post_config' command is executed.
21:51:13 INFO  : Context for processor 'ps7_cortexa9_0' is selected.
21:51:23 INFO  : The application 'D:/Drive_D/ELD2023/Lab8/Lab8.sdk/Lab_8/Debug/Lab_8.elf' is downloaded to processor 'ps7_cortexa9_0'.
21:51:23 INFO  : 'configparams force-mem-access 0' command is executed.
21:51:23 INFO  : ----------------XSDB Script----------------
connect -path [list tcp::1534 tcp:192.168.226.142:62372]
source D:/Drive_D/ELD2023/Lab8/Lab8.sdk/design_t_wrapper_hw_platform_0/ps7_init.tcl
targets -set -nocase -filter {name =~"APU*" && jtag_cable_name =~ "Digilent Zybo Z7 210351A7817DA"} -index 0
rst -system
after 3000
targets -set -nocase -filter {name =~"APU*" && jtag_cable_name =~ "Digilent Zybo Z7 210351A7817DA"} -index 0
loadhw -hw D:/Drive_D/ELD2023/Lab8/Lab8.sdk/design_t_wrapper_hw_platform_0/system.hdf -mem-ranges [list {0x40000000 0xbfffffff}]
configparams force-mem-access 1
targets -set -nocase -filter {name =~"APU*" && jtag_cable_name =~ "Digilent Zybo Z7 210351A7817DA"} -index 0
ps7_init
ps7_post_config
targets -set -nocase -filter {name =~ "ARM*#0" && jtag_cable_name =~ "Digilent Zybo Z7 210351A7817DA"} -index 0
dow D:/Drive_D/ELD2023/Lab8/Lab8.sdk/Lab_8/Debug/Lab_8.elf
configparams force-mem-access 0
----------------End of Script----------------

21:51:27 INFO  : Context for processor 'ps7_cortexa9_0' is selected.
21:51:28 INFO  : 'con' command is executed.
21:51:28 INFO  : ----------------XSDB Script (After Launch)----------------
targets -set -nocase -filter {name =~ "ARM*#0" && jtag_cable_name =~ "Digilent Zybo Z7 210351A7817DA"} -index 0
con
----------------End of Script----------------

21:51:28 INFO  : Launch script is exported to file 'D:\Drive_D\ELD2023\Lab8\Lab8.sdk\.sdk\launch_scripts\xilinx_c-c++_application_(system_debugger)\system_debugger_on_local.tcl'
21:56:00 INFO  : Disconnected from the channel tcfchan#5.
21:56:07 INFO  : Connected through redirection to target on host '192.168.226.142' and port '62372'.
21:56:14 INFO  : Jtag cable 'Digilent Zybo Z7 210351A7817DA' is selected.
21:56:15 INFO  : 'jtag frequency' command is executed.
21:56:15 INFO  : Sourcing of 'D:/Drive_D/ELD2023/Lab8/Lab8.sdk/design_t_wrapper_hw_platform_0/ps7_init.tcl' is done.
21:56:22 INFO  : Context for 'APU' is selected.
21:56:23 INFO  : System reset is completed.
21:56:26 INFO  : 'after 3000' command is executed.
21:56:32 INFO  : Context for 'APU' is selected.
21:56:37 INFO  : Hardware design information is loaded from 'D:/Drive_D/ELD2023/Lab8/Lab8.sdk/design_t_wrapper_hw_platform_0/system.hdf'.
21:56:37 INFO  : 'configparams force-mem-access 1' command is executed.
21:56:38 INFO  : Context for 'APU' is selected.
21:58:15 INFO  : 'ps7_init' command is executed.
21:58:20 INFO  : 'ps7_post_config' command is executed.
21:58:23 INFO  : Context for processor 'ps7_cortexa9_0' is selected.
21:58:36 INFO  : The application 'D:/Drive_D/ELD2023/Lab8/Lab8.sdk/Lab_8/Debug/Lab_8.elf' is downloaded to processor 'ps7_cortexa9_0'.
21:58:36 INFO  : 'configparams force-mem-access 0' command is executed.
21:58:36 INFO  : ----------------XSDB Script----------------
connect -path [list tcp::1534 tcp:192.168.226.142:62372]
source D:/Drive_D/ELD2023/Lab8/Lab8.sdk/design_t_wrapper_hw_platform_0/ps7_init.tcl
targets -set -nocase -filter {name =~"APU*" && jtag_cable_name =~ "Digilent Zybo Z7 210351A7817DA"} -index 0
rst -system
after 3000
targets -set -nocase -filter {name =~"APU*" && jtag_cable_name =~ "Digilent Zybo Z7 210351A7817DA"} -index 0
loadhw -hw D:/Drive_D/ELD2023/Lab8/Lab8.sdk/design_t_wrapper_hw_platform_0/system.hdf -mem-ranges [list {0x40000000 0xbfffffff}]
configparams force-mem-access 1
targets -set -nocase -filter {name =~"APU*" && jtag_cable_name =~ "Digilent Zybo Z7 210351A7817DA"} -index 0
ps7_init
ps7_post_config
targets -set -nocase -filter {name =~ "ARM*#0" && jtag_cable_name =~ "Digilent Zybo Z7 210351A7817DA"} -index 0
dow D:/Drive_D/ELD2023/Lab8/Lab8.sdk/Lab_8/Debug/Lab_8.elf
configparams force-mem-access 0
----------------End of Script----------------

21:58:39 INFO  : Context for processor 'ps7_cortexa9_0' is selected.
21:58:39 INFO  : 'con' command is executed.
21:58:39 INFO  : ----------------XSDB Script (After Launch)----------------
targets -set -nocase -filter {name =~ "ARM*#0" && jtag_cable_name =~ "Digilent Zybo Z7 210351A7817DA"} -index 0
con
----------------End of Script----------------

21:58:39 INFO  : Launch script is exported to file 'D:\Drive_D\ELD2023\Lab8\Lab8.sdk\.sdk\launch_scripts\xilinx_c-c++_application_(system_debugger)\system_debugger_on_local.tcl'
22:00:03 WARN  : channel "tcfchan#6" closed
22:01:15 INFO  : Connected through redirection to target on host '192.168.226.142' and port '65401'.
22:01:33 INFO  : Jtag cable 'Digilent Zybo Z7 210351A7817DA' is selected.
22:01:37 INFO  : 'jtag frequency' command is executed.
22:01:37 INFO  : Sourcing of 'D:/Drive_D/ELD2023/Lab8/Lab8.sdk/design_t_wrapper_hw_platform_0/ps7_init.tcl' is done.
22:01:37 INFO  : Context for 'APU' is selected.
22:02:12 INFO  : System reset is completed.
22:02:15 INFO  : 'after 3000' command is executed.
22:02:16 INFO  : Context for 'APU' is selected.
22:02:17 INFO  : Hardware design information is loaded from 'D:/Drive_D/ELD2023/Lab8/Lab8.sdk/design_t_wrapper_hw_platform_0/system.hdf'.
22:02:18 INFO  : 'configparams force-mem-access 1' command is executed.
22:02:18 INFO  : Context for 'APU' is selected.
22:02:31 ERROR : Invalid context
22:02:31 INFO  : ----------------XSDB Script----------------
connect -path [list tcp::1534 tcp:192.168.226.142:65401]
source D:/Drive_D/ELD2023/Lab8/Lab8.sdk/design_t_wrapper_hw_platform_0/ps7_init.tcl
targets -set -nocase -filter {name =~"APU*" && jtag_cable_name =~ "Digilent Zybo Z7 210351A7817DA"} -index 0
rst -system
after 3000
targets -set -nocase -filter {name =~"APU*" && jtag_cable_name =~ "Digilent Zybo Z7 210351A7817DA"} -index 0
loadhw -hw D:/Drive_D/ELD2023/Lab8/Lab8.sdk/design_t_wrapper_hw_platform_0/system.hdf -mem-ranges [list {0x40000000 0xbfffffff}]
configparams force-mem-access 1
targets -set -nocase -filter {name =~"APU*" && jtag_cable_name =~ "Digilent Zybo Z7 210351A7817DA"} -index 0
ps7_init
----------------End of Script----------------

22:03:12 INFO  : Connected through redirection to target on host '192.168.226.142' and port '65401'.
22:03:13 INFO  : Jtag cable 'Digilent Zybo Z7 210351A7817DA' is selected.
22:03:13 INFO  : 'jtag frequency' command is executed.
22:03:13 INFO  : Sourcing of 'D:/Drive_D/ELD2023/Lab8/Lab8.sdk/design_t_wrapper_hw_platform_0/ps7_init.tcl' is done.
22:03:17 INFO  : Context for 'APU' is selected.
22:03:21 INFO  : System reset is completed.
22:03:24 INFO  : 'after 3000' command is executed.
22:03:25 INFO  : Context for 'APU' is selected.
22:03:25 INFO  : Hardware design information is loaded from 'D:/Drive_D/ELD2023/Lab8/Lab8.sdk/design_t_wrapper_hw_platform_0/system.hdf'.
22:03:26 INFO  : 'configparams force-mem-access 1' command is executed.
22:03:26 INFO  : Context for 'APU' is selected.
22:04:31 INFO  : 'ps7_init' command is executed.
22:04:39 INFO  : 'ps7_post_config' command is executed.
22:04:39 INFO  : Context for processor 'ps7_cortexa9_0' is selected.
22:04:45 INFO  : The application 'D:/Drive_D/ELD2023/Lab8/Lab8.sdk/Lab_8/Debug/Lab_8.elf' is downloaded to processor 'ps7_cortexa9_0'.
22:04:46 INFO  : 'configparams force-mem-access 0' command is executed.
22:04:46 INFO  : ----------------XSDB Script----------------
connect -path [list tcp::1534 tcp:192.168.226.142:65401]
source D:/Drive_D/ELD2023/Lab8/Lab8.sdk/design_t_wrapper_hw_platform_0/ps7_init.tcl
targets -set -nocase -filter {name =~"APU*" && jtag_cable_name =~ "Digilent Zybo Z7 210351A7817DA"} -index 0
rst -system
after 3000
targets -set -nocase -filter {name =~"APU*" && jtag_cable_name =~ "Digilent Zybo Z7 210351A7817DA"} -index 0
loadhw -hw D:/Drive_D/ELD2023/Lab8/Lab8.sdk/design_t_wrapper_hw_platform_0/system.hdf -mem-ranges [list {0x40000000 0xbfffffff}]
configparams force-mem-access 1
targets -set -nocase -filter {name =~"APU*" && jtag_cable_name =~ "Digilent Zybo Z7 210351A7817DA"} -index 0
ps7_init
ps7_post_config
targets -set -nocase -filter {name =~ "ARM*#0" && jtag_cable_name =~ "Digilent Zybo Z7 210351A7817DA"} -index 0
dow D:/Drive_D/ELD2023/Lab8/Lab8.sdk/Lab_8/Debug/Lab_8.elf
configparams force-mem-access 0
----------------End of Script----------------

22:04:51 INFO  : Context for processor 'ps7_cortexa9_0' is selected.
22:04:52 INFO  : 'con' command is executed.
22:04:52 INFO  : ----------------XSDB Script (After Launch)----------------
targets -set -nocase -filter {name =~ "ARM*#0" && jtag_cable_name =~ "Digilent Zybo Z7 210351A7817DA"} -index 0
con
----------------End of Script----------------

22:04:52 INFO  : Launch script is exported to file 'D:\Drive_D\ELD2023\Lab8\Lab8.sdk\.sdk\launch_scripts\xilinx_c-c++_application_(system_debugger)\system_debugger_on_local.tcl'
22:10:55 INFO  : Refreshed build settings on project Lab_8
22:12:57 INFO  : Disconnected from the channel tcfchan#7.
22:13:01 INFO  : Connected through redirection to target on host '192.168.226.142' and port '65401'.
22:13:09 INFO  : Jtag cable 'Digilent Zybo Z7 210351A7817DA' is selected.
22:13:09 INFO  : 'jtag frequency' command is executed.
22:13:09 INFO  : Sourcing of 'D:/Drive_D/ELD2023/Lab8/Lab8.sdk/design_t_wrapper_hw_platform_0/ps7_init.tcl' is done.
22:13:12 INFO  : Context for 'APU' is selected.
22:13:17 INFO  : System reset is completed.
22:13:20 INFO  : 'after 3000' command is executed.
22:13:21 INFO  : Context for 'APU' is selected.
22:13:22 INFO  : Hardware design information is loaded from 'D:/Drive_D/ELD2023/Lab8/Lab8.sdk/design_t_wrapper_hw_platform_0/system.hdf'.
22:13:23 INFO  : 'configparams force-mem-access 1' command is executed.
22:13:23 INFO  : Context for 'APU' is selected.
22:14:16 INFO  : 'ps7_init' command is executed.
22:14:17 INFO  : 'ps7_post_config' command is executed.
22:14:18 INFO  : Context for processor 'ps7_cortexa9_0' is selected.
22:14:20 INFO  : The application 'D:/Drive_D/ELD2023/Lab8/Lab8.sdk/Lab_8/Debug/Lab_8.elf' is downloaded to processor 'ps7_cortexa9_0'.
22:14:20 INFO  : 'configparams force-mem-access 0' command is executed.
22:14:20 INFO  : ----------------XSDB Script----------------
connect -path [list tcp::1534 tcp:192.168.226.142:65401]
source D:/Drive_D/ELD2023/Lab8/Lab8.sdk/design_t_wrapper_hw_platform_0/ps7_init.tcl
targets -set -nocase -filter {name =~"APU*" && jtag_cable_name =~ "Digilent Zybo Z7 210351A7817DA"} -index 0
rst -system
after 3000
targets -set -nocase -filter {name =~"APU*" && jtag_cable_name =~ "Digilent Zybo Z7 210351A7817DA"} -index 0
loadhw -hw D:/Drive_D/ELD2023/Lab8/Lab8.sdk/design_t_wrapper_hw_platform_0/system.hdf -mem-ranges [list {0x40000000 0xbfffffff}]
configparams force-mem-access 1
targets -set -nocase -filter {name =~"APU*" && jtag_cable_name =~ "Digilent Zybo Z7 210351A7817DA"} -index 0
ps7_init
ps7_post_config
targets -set -nocase -filter {name =~ "ARM*#0" && jtag_cable_name =~ "Digilent Zybo Z7 210351A7817DA"} -index 0
dow D:/Drive_D/ELD2023/Lab8/Lab8.sdk/Lab_8/Debug/Lab_8.elf
configparams force-mem-access 0
----------------End of Script----------------

22:14:24 INFO  : Context for processor 'ps7_cortexa9_0' is selected.
22:14:25 INFO  : 'con' command is executed.
22:14:25 INFO  : ----------------XSDB Script (After Launch)----------------
targets -set -nocase -filter {name =~ "ARM*#0" && jtag_cable_name =~ "Digilent Zybo Z7 210351A7817DA"} -index 0
con
----------------End of Script----------------

22:14:25 INFO  : Launch script is exported to file 'D:\Drive_D\ELD2023\Lab8\Lab8.sdk\.sdk\launch_scripts\xilinx_c-c++_application_(system_debugger)\system_debugger_on_local.tcl'
22:16:51 INFO  : Launching XSCT server: xsct.bat -interactive D:\Drive_D\ELD2023\Lab8\Lab8.sdk\temp_xsdb_launch_script.tcl
22:16:53 INFO  : XSCT server has started successfully.
22:16:54 INFO  : Successfully done setting XSCT server connection channel  
22:16:54 INFO  : Successfully done setting SDK workspace  
22:17:00 INFO  : Registering command handlers for SDK TCF services
22:17:00 INFO  : Processing command line option -hwspec D:/Drive_D/ELD2023/Lab8/Lab8.sdk/design_t_wrapper.hdf.
22:17:01 INFO  : Checking for hwspec changes in the project design_t_wrapper_hw_platform_0.
22:20:42 INFO  : Connected through redirection to target on host '192.168.226.142' and port '59339'.
22:20:50 INFO  : Jtag cable 'Digilent Zybo Z7 210351A7817DA' is selected.
22:20:51 INFO  : 'jtag frequency' command is executed.
22:20:51 INFO  : Sourcing of 'D:/Drive_D/ELD2023/Lab8/Lab8.sdk/design_t_wrapper_hw_platform_0/ps7_init.tcl' is done.
22:20:52 INFO  : Context for 'APU' is selected.
22:20:52 INFO  : System reset is completed.
22:20:57 INFO  : 'after 3000' command is executed.
22:20:58 INFO  : Context for 'APU' is selected.
22:20:58 INFO  : Hardware design information is loaded from 'D:/Drive_D/ELD2023/Lab8/Lab8.sdk/design_t_wrapper_hw_platform_0/system.hdf'.
22:20:58 INFO  : 'configparams force-mem-access 1' command is executed.
22:20:58 INFO  : Context for 'APU' is selected.
22:21:23 INFO  : 'ps7_init' command is executed.
22:21:24 INFO  : 'ps7_post_config' command is executed.
22:21:24 INFO  : Context for processor 'ps7_cortexa9_0' is selected.
22:21:25 INFO  : The application 'D:/Drive_D/ELD2023/Lab8/Lab8.sdk/Lab_8/Debug/Lab_8.elf' is downloaded to processor 'ps7_cortexa9_0'.
22:21:25 INFO  : 'configparams force-mem-access 0' command is executed.
22:21:25 INFO  : ----------------XSDB Script----------------
connect -path [list tcp::1534 tcp:192.168.226.142:59339]
source D:/Drive_D/ELD2023/Lab8/Lab8.sdk/design_t_wrapper_hw_platform_0/ps7_init.tcl
targets -set -nocase -filter {name =~"APU*" && jtag_cable_name =~ "Digilent Zybo Z7 210351A7817DA"} -index 0
rst -system
after 3000
targets -set -nocase -filter {name =~"APU*" && jtag_cable_name =~ "Digilent Zybo Z7 210351A7817DA"} -index 0
loadhw -hw D:/Drive_D/ELD2023/Lab8/Lab8.sdk/design_t_wrapper_hw_platform_0/system.hdf -mem-ranges [list {0x40000000 0xbfffffff}]
configparams force-mem-access 1
targets -set -nocase -filter {name =~"APU*" && jtag_cable_name =~ "Digilent Zybo Z7 210351A7817DA"} -index 0
ps7_init
ps7_post_config
targets -set -nocase -filter {name =~ "ARM*#0" && jtag_cable_name =~ "Digilent Zybo Z7 210351A7817DA"} -index 0
dow D:/Drive_D/ELD2023/Lab8/Lab8.sdk/Lab_8/Debug/Lab_8.elf
configparams force-mem-access 0
----------------End of Script----------------

22:21:26 INFO  : Context for processor 'ps7_cortexa9_0' is selected.
22:21:26 INFO  : 'con' command is executed.
22:21:26 INFO  : ----------------XSDB Script (After Launch)----------------
targets -set -nocase -filter {name =~ "ARM*#0" && jtag_cable_name =~ "Digilent Zybo Z7 210351A7817DA"} -index 0
con
----------------End of Script----------------

22:21:26 INFO  : Launch script is exported to file 'D:\Drive_D\ELD2023\Lab8\Lab8.sdk\.sdk\launch_scripts\xilinx_c-c++_application_(system_debugger)\system_debugger_on_local.tcl'
22:22:25 INFO  : Refreshed build settings on project Lab_8
22:23:14 INFO  : Disconnected from the channel tcfchan#1.
22:23:15 INFO  : Connected through redirection to target on host '192.168.226.142' and port '59339'.
22:23:16 INFO  : Jtag cable 'Digilent Zybo Z7 210351A7817DA' is selected.
22:23:16 INFO  : 'jtag frequency' command is executed.
22:23:16 INFO  : Sourcing of 'D:/Drive_D/ELD2023/Lab8/Lab8.sdk/design_t_wrapper_hw_platform_0/ps7_init.tcl' is done.
22:23:17 INFO  : Context for 'APU' is selected.
22:23:18 INFO  : System reset is completed.
22:23:21 INFO  : 'after 3000' command is executed.
22:23:21 INFO  : Context for 'APU' is selected.
22:23:22 INFO  : Hardware design information is loaded from 'D:/Drive_D/ELD2023/Lab8/Lab8.sdk/design_t_wrapper_hw_platform_0/system.hdf'.
22:23:22 INFO  : 'configparams force-mem-access 1' command is executed.
22:23:23 INFO  : Context for 'APU' is selected.
22:23:26 ERROR : Cannot flush JTAG server queue. FT_Write failed: io error
22:23:26 INFO  : ----------------XSDB Script----------------
connect -path [list tcp::1534 tcp:192.168.226.142:59339]
source D:/Drive_D/ELD2023/Lab8/Lab8.sdk/design_t_wrapper_hw_platform_0/ps7_init.tcl
targets -set -nocase -filter {name =~"APU*" && jtag_cable_name =~ "Digilent Zybo Z7 210351A7817DA"} -index 0
rst -system
after 3000
targets -set -nocase -filter {name =~"APU*" && jtag_cable_name =~ "Digilent Zybo Z7 210351A7817DA"} -index 0
loadhw -hw D:/Drive_D/ELD2023/Lab8/Lab8.sdk/design_t_wrapper_hw_platform_0/system.hdf -mem-ranges [list {0x40000000 0xbfffffff}]
configparams force-mem-access 1
targets -set -nocase -filter {name =~"APU*" && jtag_cable_name =~ "Digilent Zybo Z7 210351A7817DA"} -index 0
ps7_init
----------------End of Script----------------

22:23:56 INFO  : No changes in MSS file content so not generating sources.
22:24:38 INFO  : Connected through redirection to target on host '192.168.226.142' and port '59339'.
22:24:38 INFO  : Jtag cable 'Digilent Zybo Z7 210351A7817DA' is selected.
22:24:38 INFO  : 'jtag frequency' command is executed.
22:24:39 INFO  : Sourcing of 'D:/Drive_D/ELD2023/Lab8/Lab8.sdk/design_t_wrapper_hw_platform_0/ps7_init.tcl' is done.
22:24:39 INFO  : Context for 'APU' is selected.
22:24:40 INFO  : System reset is completed.
22:24:43 INFO  : 'after 3000' command is executed.
22:24:44 INFO  : Context for 'APU' is selected.
22:24:44 INFO  : Hardware design information is loaded from 'D:/Drive_D/ELD2023/Lab8/Lab8.sdk/design_t_wrapper_hw_platform_0/system.hdf'.
22:24:44 INFO  : 'configparams force-mem-access 1' command is executed.
22:24:44 INFO  : Context for 'APU' is selected.
22:25:10 INFO  : 'ps7_init' command is executed.
22:25:11 INFO  : 'ps7_post_config' command is executed.
22:25:11 INFO  : Context for processor 'ps7_cortexa9_0' is selected.
22:25:12 INFO  : The application 'D:/Drive_D/ELD2023/Lab8/Lab8.sdk/Lab_8/Debug/Lab_8.elf' is downloaded to processor 'ps7_cortexa9_0'.
22:25:12 INFO  : 'configparams force-mem-access 0' command is executed.
22:25:12 INFO  : ----------------XSDB Script----------------
connect -path [list tcp::1534 tcp:192.168.226.142:59339]
source D:/Drive_D/ELD2023/Lab8/Lab8.sdk/design_t_wrapper_hw_platform_0/ps7_init.tcl
targets -set -nocase -filter {name =~"APU*" && jtag_cable_name =~ "Digilent Zybo Z7 210351A7817DA"} -index 0
rst -system
after 3000
targets -set -nocase -filter {name =~"APU*" && jtag_cable_name =~ "Digilent Zybo Z7 210351A7817DA"} -index 0
loadhw -hw D:/Drive_D/ELD2023/Lab8/Lab8.sdk/design_t_wrapper_hw_platform_0/system.hdf -mem-ranges [list {0x40000000 0xbfffffff}]
configparams force-mem-access 1
targets -set -nocase -filter {name =~"APU*" && jtag_cable_name =~ "Digilent Zybo Z7 210351A7817DA"} -index 0
ps7_init
ps7_post_config
targets -set -nocase -filter {name =~ "ARM*#0" && jtag_cable_name =~ "Digilent Zybo Z7 210351A7817DA"} -index 0
dow D:/Drive_D/ELD2023/Lab8/Lab8.sdk/Lab_8/Debug/Lab_8.elf
configparams force-mem-access 0
----------------End of Script----------------

22:25:13 INFO  : Context for processor 'ps7_cortexa9_0' is selected.
22:25:13 INFO  : 'con' command is executed.
22:25:13 INFO  : ----------------XSDB Script (After Launch)----------------
targets -set -nocase -filter {name =~ "ARM*#0" && jtag_cable_name =~ "Digilent Zybo Z7 210351A7817DA"} -index 0
con
----------------End of Script----------------

22:25:13 INFO  : Launch script is exported to file 'D:\Drive_D\ELD2023\Lab8\Lab8.sdk\.sdk\launch_scripts\xilinx_c-c++_application_(system_debugger)\system_debugger_on_local.tcl'
22:29:56 INFO  : No changes in MSS file content so not generating sources.
22:30:10 INFO  : Disconnected from the channel tcfchan#2.
22:38:36 INFO  : Launching XSCT server: xsct.bat -interactive D:\Drive_D\ELD2023\Lab8\Lab8.sdk\temp_xsdb_launch_script.tcl
22:38:38 INFO  : XSCT server has started successfully.
22:38:38 INFO  : Successfully done setting XSCT server connection channel  
22:38:38 INFO  : Successfully done setting SDK workspace  
22:38:43 INFO  : Registering command handlers for SDK TCF services
22:38:43 INFO  : Processing command line option -hwspec D:/Drive_D/ELD2023/Lab8/Lab8.sdk/design_t_wrapper.hdf.
22:38:44 INFO  : Checking for hwspec changes in the project design_t_wrapper_hw_platform_0.
22:39:40 INFO  : No changes in MSS file content so not generating sources.
22:47:47 INFO  : Connected through redirection to target on host '192.168.226.142' and port '56903'.
22:48:01 INFO  : Jtag cable 'Digilent Zybo Z7 210351A77B99A' is selected.
22:48:01 INFO  : 'jtag frequency' command is executed.
22:48:01 INFO  : Sourcing of 'D:/Drive_D/ELD2023/Lab8/Lab8.sdk/design_t_wrapper_hw_platform_0/ps7_init.tcl' is done.
22:48:08 INFO  : Context for 'APU' is selected.
22:48:08 INFO  : Hardware design information is loaded from 'D:/Drive_D/ELD2023/Lab8/Lab8.sdk/design_t_wrapper_hw_platform_0/system.hdf'.
22:48:08 INFO  : 'configparams force-mem-access 1' command is executed.
22:48:09 INFO  : Context for 'APU' is selected.
22:48:09 INFO  : 'stop' command is executed.
22:48:24 INFO  : 'ps7_init' command is executed.
22:48:25 INFO  : 'ps7_post_config' command is executed.
22:48:25 INFO  : Context for processor 'ps7_cortexa9_0' is selected.
22:48:26 INFO  : Processor reset is completed for 'ps7_cortexa9_0'.
22:48:26 INFO  : Context for processor 'ps7_cortexa9_0' is selected.
22:48:26 INFO  : The application 'D:/Drive_D/ELD2023/Lab8/Lab8.sdk/Lab_8/Debug/Lab_8.elf' is downloaded to processor 'ps7_cortexa9_0'.
22:48:26 INFO  : 'configparams force-mem-access 0' command is executed.
22:48:26 INFO  : ----------------XSDB Script----------------
connect -path [list tcp::1534 tcp:192.168.226.142:56903]
source D:/Drive_D/ELD2023/Lab8/Lab8.sdk/design_t_wrapper_hw_platform_0/ps7_init.tcl
targets -set -nocase -filter {name =~"APU*" && jtag_cable_name =~ "Digilent Zybo Z7 210351A77B99A"} -index 0
loadhw -hw D:/Drive_D/ELD2023/Lab8/Lab8.sdk/design_t_wrapper_hw_platform_0/system.hdf -mem-ranges [list {0x40000000 0xbfffffff}]
configparams force-mem-access 1
targets -set -nocase -filter {name =~"APU*" && jtag_cable_name =~ "Digilent Zybo Z7 210351A77B99A"} -index 0
stop
ps7_init
ps7_post_config
targets -set -nocase -filter {name =~ "ARM*#0" && jtag_cable_name =~ "Digilent Zybo Z7 210351A77B99A"} -index 0
rst -processor
targets -set -nocase -filter {name =~ "ARM*#0" && jtag_cable_name =~ "Digilent Zybo Z7 210351A77B99A"} -index 0
dow D:/Drive_D/ELD2023/Lab8/Lab8.sdk/Lab_8/Debug/Lab_8.elf
configparams force-mem-access 0
----------------End of Script----------------

22:48:27 INFO  : Context for processor 'ps7_cortexa9_0' is selected.
22:48:27 INFO  : 'con' command is executed.
22:48:27 INFO  : ----------------XSDB Script (After Launch)----------------
targets -set -nocase -filter {name =~ "ARM*#0" && jtag_cable_name =~ "Digilent Zybo Z7 210351A77B99A"} -index 0
con
----------------End of Script----------------

22:48:27 INFO  : Launch script is exported to file 'D:\Drive_D\ELD2023\Lab8\Lab8.sdk\.sdk\launch_scripts\xilinx_c-c++_application_(system_debugger)\system_debugger_on_local.tcl'
22:52:26 INFO  : Disconnected from the channel tcfchan#1.
22:52:32 INFO  : Connected through redirection to target on host '192.168.226.142' and port '56903'.
22:52:33 INFO  : Jtag cable 'Digilent Zybo Z7 210351A77B99A' is selected.
22:52:33 INFO  : 'jtag frequency' command is executed.
22:52:33 INFO  : Sourcing of 'D:/Drive_D/ELD2023/Lab8/Lab8.sdk/design_t_wrapper_hw_platform_0/ps7_init.tcl' is done.
22:52:40 INFO  : Context for 'APU' is selected.
22:52:42 INFO  : System reset is completed.
22:52:45 INFO  : 'after 3000' command is executed.
22:52:46 INFO  : Context for 'APU' is selected.
22:52:47 INFO  : Hardware design information is loaded from 'D:/Drive_D/ELD2023/Lab8/Lab8.sdk/design_t_wrapper_hw_platform_0/system.hdf'.
22:52:47 INFO  : 'configparams force-mem-access 1' command is executed.
22:52:47 INFO  : Context for 'APU' is selected.
22:53:04 INFO  : 'ps7_init' command is executed.
22:53:04 INFO  : 'ps7_post_config' command is executed.
22:53:04 INFO  : Context for processor 'ps7_cortexa9_0' is selected.
22:53:05 INFO  : The application 'D:/Drive_D/ELD2023/Lab8/Lab8.sdk/Lab_8/Debug/Lab_8.elf' is downloaded to processor 'ps7_cortexa9_0'.
22:53:05 INFO  : 'configparams force-mem-access 0' command is executed.
22:53:05 INFO  : ----------------XSDB Script----------------
connect -path [list tcp::1534 tcp:192.168.226.142:56903]
source D:/Drive_D/ELD2023/Lab8/Lab8.sdk/design_t_wrapper_hw_platform_0/ps7_init.tcl
targets -set -nocase -filter {name =~"APU*" && jtag_cable_name =~ "Digilent Zybo Z7 210351A77B99A"} -index 0
rst -system
after 3000
targets -set -nocase -filter {name =~"APU*" && jtag_cable_name =~ "Digilent Zybo Z7 210351A77B99A"} -index 0
loadhw -hw D:/Drive_D/ELD2023/Lab8/Lab8.sdk/design_t_wrapper_hw_platform_0/system.hdf -mem-ranges [list {0x40000000 0xbfffffff}]
configparams force-mem-access 1
targets -set -nocase -filter {name =~"APU*" && jtag_cable_name =~ "Digilent Zybo Z7 210351A77B99A"} -index 0
ps7_init
ps7_post_config
targets -set -nocase -filter {name =~ "ARM*#0" && jtag_cable_name =~ "Digilent Zybo Z7 210351A77B99A"} -index 0
dow D:/Drive_D/ELD2023/Lab8/Lab8.sdk/Lab_8/Debug/Lab_8.elf
configparams force-mem-access 0
----------------End of Script----------------

22:53:06 INFO  : Context for processor 'ps7_cortexa9_0' is selected.
22:53:06 INFO  : 'con' command is executed.
22:53:06 INFO  : ----------------XSDB Script (After Launch)----------------
targets -set -nocase -filter {name =~ "ARM*#0" && jtag_cable_name =~ "Digilent Zybo Z7 210351A77B99A"} -index 0
con
----------------End of Script----------------

22:53:06 INFO  : Launch script is exported to file 'D:\Drive_D\ELD2023\Lab8\Lab8.sdk\.sdk\launch_scripts\xilinx_c-c++_application_(system_debugger)\system_debugger_on_local.tcl'
22:55:24 INFO  : Disconnected from the channel tcfchan#2.
22:55:25 INFO  : Connected through redirection to target on host '192.168.226.142' and port '56903'.
22:55:26 INFO  : Jtag cable 'Digilent Zybo Z7 210351A77B99A' is selected.
22:55:26 INFO  : 'jtag frequency' command is executed.
22:55:26 INFO  : Sourcing of 'D:/Drive_D/ELD2023/Lab8/Lab8.sdk/design_t_wrapper_hw_platform_0/ps7_init.tcl' is done.
22:55:27 INFO  : Context for 'APU' is selected.
22:55:29 INFO  : System reset is completed.
22:55:32 INFO  : 'after 3000' command is executed.
22:55:32 INFO  : Context for 'APU' is selected.
22:55:33 INFO  : Hardware design information is loaded from 'D:/Drive_D/ELD2023/Lab8/Lab8.sdk/design_t_wrapper_hw_platform_0/system.hdf'.
22:55:33 INFO  : 'configparams force-mem-access 1' command is executed.
22:55:33 INFO  : Context for 'APU' is selected.
22:55:52 INFO  : 'ps7_init' command is executed.
22:55:52 INFO  : 'ps7_post_config' command is executed.
22:55:52 INFO  : Context for processor 'ps7_cortexa9_0' is selected.
22:55:53 INFO  : The application 'D:/Drive_D/ELD2023/Lab8/Lab8.sdk/Lab_8/Debug/Lab_8.elf' is downloaded to processor 'ps7_cortexa9_0'.
22:55:53 INFO  : 'configparams force-mem-access 0' command is executed.
22:55:53 INFO  : ----------------XSDB Script----------------
connect -path [list tcp::1534 tcp:192.168.226.142:56903]
source D:/Drive_D/ELD2023/Lab8/Lab8.sdk/design_t_wrapper_hw_platform_0/ps7_init.tcl
targets -set -nocase -filter {name =~"APU*" && jtag_cable_name =~ "Digilent Zybo Z7 210351A77B99A"} -index 0
rst -system
after 3000
targets -set -nocase -filter {name =~"APU*" && jtag_cable_name =~ "Digilent Zybo Z7 210351A77B99A"} -index 0
loadhw -hw D:/Drive_D/ELD2023/Lab8/Lab8.sdk/design_t_wrapper_hw_platform_0/system.hdf -mem-ranges [list {0x40000000 0xbfffffff}]
configparams force-mem-access 1
targets -set -nocase -filter {name =~"APU*" && jtag_cable_name =~ "Digilent Zybo Z7 210351A77B99A"} -index 0
ps7_init
ps7_post_config
targets -set -nocase -filter {name =~ "ARM*#0" && jtag_cable_name =~ "Digilent Zybo Z7 210351A77B99A"} -index 0
dow D:/Drive_D/ELD2023/Lab8/Lab8.sdk/Lab_8/Debug/Lab_8.elf
configparams force-mem-access 0
----------------End of Script----------------

22:55:54 INFO  : Context for processor 'ps7_cortexa9_0' is selected.
22:55:54 INFO  : 'con' command is executed.
22:55:54 INFO  : ----------------XSDB Script (After Launch)----------------
targets -set -nocase -filter {name =~ "ARM*#0" && jtag_cable_name =~ "Digilent Zybo Z7 210351A77B99A"} -index 0
con
----------------End of Script----------------

22:55:54 INFO  : Launch script is exported to file 'D:\Drive_D\ELD2023\Lab8\Lab8.sdk\.sdk\launch_scripts\xilinx_c-c++_application_(system_debugger)\system_debugger_on_local.tcl'
22:57:25 INFO  : Connected to target on host '192.168.226.142' and port '56903'.
22:58:10 INFO  : Disconnected from the channel tcfchan#3.
22:58:11 INFO  : Connected through redirection to target on host '192.168.226.142' and port '56903'.
22:58:12 INFO  : Jtag cable 'Digilent Zybo Z7 210351A77B99A' is selected.
22:58:12 INFO  : 'jtag frequency' command is executed.
22:58:12 INFO  : Sourcing of 'D:/Drive_D/ELD2023/Lab8/Lab8.sdk/design_t_wrapper_hw_platform_0/ps7_init.tcl' is done.
22:58:13 INFO  : Context for 'APU' is selected.
22:58:14 INFO  : System reset is completed.
22:58:17 INFO  : 'after 3000' command is executed.
22:58:17 INFO  : Context for 'APU' is selected.
22:58:18 INFO  : Hardware design information is loaded from 'D:/Drive_D/ELD2023/Lab8/Lab8.sdk/design_t_wrapper_hw_platform_0/system.hdf'.
22:58:18 INFO  : 'configparams force-mem-access 1' command is executed.
22:58:19 INFO  : Context for 'APU' is selected.
22:58:36 INFO  : 'ps7_init' command is executed.
22:58:37 INFO  : 'ps7_post_config' command is executed.
22:58:37 INFO  : Context for processor 'ps7_cortexa9_0' is selected.
22:58:37 INFO  : The application 'D:/Drive_D/ELD2023/Lab8/Lab8.sdk/Lab_8/Debug/Lab_8.elf' is downloaded to processor 'ps7_cortexa9_0'.
22:58:37 INFO  : 'configparams force-mem-access 0' command is executed.
22:58:37 INFO  : ----------------XSDB Script----------------
connect -path [list tcp::1534 tcp:192.168.226.142:56903]
source D:/Drive_D/ELD2023/Lab8/Lab8.sdk/design_t_wrapper_hw_platform_0/ps7_init.tcl
targets -set -nocase -filter {name =~"APU*" && jtag_cable_name =~ "Digilent Zybo Z7 210351A77B99A"} -index 0
rst -system
after 3000
targets -set -nocase -filter {name =~"APU*" && jtag_cable_name =~ "Digilent Zybo Z7 210351A77B99A"} -index 0
loadhw -hw D:/Drive_D/ELD2023/Lab8/Lab8.sdk/design_t_wrapper_hw_platform_0/system.hdf -mem-ranges [list {0x40000000 0xbfffffff}]
configparams force-mem-access 1
targets -set -nocase -filter {name =~"APU*" && jtag_cable_name =~ "Digilent Zybo Z7 210351A77B99A"} -index 0
ps7_init
ps7_post_config
targets -set -nocase -filter {name =~ "ARM*#0" && jtag_cable_name =~ "Digilent Zybo Z7 210351A77B99A"} -index 0
dow D:/Drive_D/ELD2023/Lab8/Lab8.sdk/Lab_8/Debug/Lab_8.elf
configparams force-mem-access 0
----------------End of Script----------------

22:58:38 INFO  : Context for processor 'ps7_cortexa9_0' is selected.
22:58:39 INFO  : 'con' command is executed.
22:58:39 INFO  : ----------------XSDB Script (After Launch)----------------
targets -set -nocase -filter {name =~ "ARM*#0" && jtag_cable_name =~ "Digilent Zybo Z7 210351A77B99A"} -index 0
con
----------------End of Script----------------

22:58:39 INFO  : Launch script is exported to file 'D:\Drive_D\ELD2023\Lab8\Lab8.sdk\.sdk\launch_scripts\xilinx_c-c++_application_(system_debugger)\system_debugger_on_local.tcl'
23:00:48 WARN  : channel "tcfchan#5" closed
23:01:24 INFO  : Launching XSCT server: xsct.bat -interactive D:\Drive_D\ELD2023\Lab8\Lab8.sdk\temp_xsdb_launch_script.tcl
23:01:24 INFO  : Registering command handlers for SDK TCF services
23:01:26 INFO  : XSCT server has started successfully.
23:01:26 INFO  : Successfully done setting XSCT server connection channel  
23:01:26 INFO  : Successfully done setting SDK workspace  
23:01:26 INFO  : Processing command line option -hwspec D:/Drive_D/ELD2023/Lab8/Lab8.sdk/design_t_wrapper.hdf.
23:01:26 INFO  : Checking for hwspec changes in the project design_t_wrapper_hw_platform_0.
23:07:33 INFO  : Connected through redirection to target on host '192.168.226.142' and port '59880'.
23:07:38 INFO  : Jtag cable 'Digilent Zybo Z7 210351A77B99A' is selected.
23:07:38 INFO  : 'jtag frequency' command is executed.
23:07:38 INFO  : Sourcing of 'D:/Drive_D/ELD2023/Lab8/Lab8.sdk/design_t_wrapper_hw_platform_0/ps7_init.tcl' is done.
23:07:39 INFO  : Context for 'APU' is selected.
23:07:41 INFO  : System reset is completed.
23:07:44 INFO  : 'after 3000' command is executed.
23:07:44 INFO  : Context for 'APU' is selected.
23:07:45 INFO  : Hardware design information is loaded from 'D:/Drive_D/ELD2023/Lab8/Lab8.sdk/design_t_wrapper_hw_platform_0/system.hdf'.
23:07:45 INFO  : 'configparams force-mem-access 1' command is executed.
23:07:45 INFO  : Context for 'APU' is selected.
23:08:17 INFO  : 'ps7_init' command is executed.
23:08:18 INFO  : 'ps7_post_config' command is executed.
23:08:18 INFO  : Context for processor 'ps7_cortexa9_0' is selected.
23:08:20 INFO  : The application 'D:/Drive_D/ELD2023/Lab8/Lab8.sdk/Lab_8/Debug/Lab_8.elf' is downloaded to processor 'ps7_cortexa9_0'.
23:08:20 INFO  : 'configparams force-mem-access 0' command is executed.
23:08:20 INFO  : ----------------XSDB Script----------------
connect -path [list tcp::1534 tcp:192.168.226.142:59880]
source D:/Drive_D/ELD2023/Lab8/Lab8.sdk/design_t_wrapper_hw_platform_0/ps7_init.tcl
targets -set -nocase -filter {name =~"APU*" && jtag_cable_name =~ "Digilent Zybo Z7 210351A77B99A"} -index 0
rst -system
after 3000
targets -set -nocase -filter {name =~"APU*" && jtag_cable_name =~ "Digilent Zybo Z7 210351A77B99A"} -index 0
loadhw -hw D:/Drive_D/ELD2023/Lab8/Lab8.sdk/design_t_wrapper_hw_platform_0/system.hdf -mem-ranges [list {0x40000000 0xbfffffff}]
configparams force-mem-access 1
targets -set -nocase -filter {name =~"APU*" && jtag_cable_name =~ "Digilent Zybo Z7 210351A77B99A"} -index 0
ps7_init
ps7_post_config
targets -set -nocase -filter {name =~ "ARM*#0" && jtag_cable_name =~ "Digilent Zybo Z7 210351A77B99A"} -index 0
dow D:/Drive_D/ELD2023/Lab8/Lab8.sdk/Lab_8/Debug/Lab_8.elf
configparams force-mem-access 0
----------------End of Script----------------

23:08:22 INFO  : Context for processor 'ps7_cortexa9_0' is selected.
23:08:22 INFO  : 'con' command is executed.
23:08:22 INFO  : ----------------XSDB Script (After Launch)----------------
targets -set -nocase -filter {name =~ "ARM*#0" && jtag_cable_name =~ "Digilent Zybo Z7 210351A77B99A"} -index 0
con
----------------End of Script----------------

23:08:22 INFO  : Launch script is exported to file 'D:\Drive_D\ELD2023\Lab8\Lab8.sdk\.sdk\launch_scripts\xilinx_c-c++_application_(system_debugger)\system_debugger_on_local.tcl'
23:10:57 INFO  : Disconnected from the channel tcfchan#1.
23:10:58 INFO  : Connected through redirection to target on host '192.168.226.142' and port '59880'.
23:10:59 INFO  : Jtag cable 'Digilent Zybo Z7 210351A77B99A' is selected.
23:10:59 INFO  : 'jtag frequency' command is executed.
23:10:59 INFO  : Sourcing of 'D:/Drive_D/ELD2023/Lab8/Lab8.sdk/design_t_wrapper_hw_platform_0/ps7_init.tcl' is done.
23:10:59 INFO  : Context for 'APU' is selected.
23:11:01 INFO  : System reset is completed.
23:11:04 INFO  : 'after 3000' command is executed.
23:11:04 INFO  : Context for 'APU' is selected.
23:11:05 INFO  : Hardware design information is loaded from 'D:/Drive_D/ELD2023/Lab8/Lab8.sdk/design_t_wrapper_hw_platform_0/system.hdf'.
23:11:05 INFO  : 'configparams force-mem-access 1' command is executed.
23:11:05 INFO  : Context for 'APU' is selected.
23:11:49 INFO  : 'ps7_init' command is executed.
23:11:49 INFO  : 'ps7_post_config' command is executed.
23:11:49 INFO  : Context for processor 'ps7_cortexa9_0' is selected.
23:11:50 INFO  : The application 'D:/Drive_D/ELD2023/Lab8/Lab8.sdk/Lab_8/Debug/Lab_8.elf' is downloaded to processor 'ps7_cortexa9_0'.
23:11:50 INFO  : 'configparams force-mem-access 0' command is executed.
23:11:50 INFO  : ----------------XSDB Script----------------
connect -path [list tcp::1534 tcp:192.168.226.142:59880]
source D:/Drive_D/ELD2023/Lab8/Lab8.sdk/design_t_wrapper_hw_platform_0/ps7_init.tcl
targets -set -nocase -filter {name =~"APU*" && jtag_cable_name =~ "Digilent Zybo Z7 210351A77B99A"} -index 0
rst -system
after 3000
targets -set -nocase -filter {name =~"APU*" && jtag_cable_name =~ "Digilent Zybo Z7 210351A77B99A"} -index 0
loadhw -hw D:/Drive_D/ELD2023/Lab8/Lab8.sdk/design_t_wrapper_hw_platform_0/system.hdf -mem-ranges [list {0x40000000 0xbfffffff}]
configparams force-mem-access 1
targets -set -nocase -filter {name =~"APU*" && jtag_cable_name =~ "Digilent Zybo Z7 210351A77B99A"} -index 0
ps7_init
ps7_post_config
targets -set -nocase -filter {name =~ "ARM*#0" && jtag_cable_name =~ "Digilent Zybo Z7 210351A77B99A"} -index 0
dow D:/Drive_D/ELD2023/Lab8/Lab8.sdk/Lab_8/Debug/Lab_8.elf
configparams force-mem-access 0
----------------End of Script----------------

23:11:51 INFO  : Context for processor 'ps7_cortexa9_0' is selected.
23:11:51 INFO  : 'con' command is executed.
23:11:51 INFO  : ----------------XSDB Script (After Launch)----------------
targets -set -nocase -filter {name =~ "ARM*#0" && jtag_cable_name =~ "Digilent Zybo Z7 210351A77B99A"} -index 0
con
----------------End of Script----------------

23:11:51 INFO  : Launch script is exported to file 'D:\Drive_D\ELD2023\Lab8\Lab8.sdk\.sdk\launch_scripts\xilinx_c-c++_application_(system_debugger)\system_debugger_on_local.tcl'
23:15:49 WARN  : channel "tcfchan#2" closed
23:16:25 INFO  : Connected through redirection to target on host '192.168.226.142' and port '49153'.
23:16:31 INFO  : Jtag cable 'Digilent Zybo Z7 210351A78191A' is selected.
23:16:31 INFO  : 'jtag frequency' command is executed.
23:16:31 INFO  : Sourcing of 'D:/Drive_D/ELD2023/Lab8/Lab8.sdk/design_t_wrapper_hw_platform_0/ps7_init.tcl' is done.
23:16:37 INFO  : Context for 'APU' is selected.
23:16:38 INFO  : System reset is completed.
23:16:41 INFO  : 'after 3000' command is executed.
23:16:46 INFO  : Context for 'APU' is selected.
23:16:46 INFO  : Hardware design information is loaded from 'D:/Drive_D/ELD2023/Lab8/Lab8.sdk/design_t_wrapper_hw_platform_0/system.hdf'.
23:16:47 INFO  : 'configparams force-mem-access 1' command is executed.
23:16:52 INFO  : Context for 'APU' is selected.
23:17:15 INFO  : 'ps7_init' command is executed.
23:17:15 INFO  : 'ps7_post_config' command is executed.
23:17:16 INFO  : Context for processor 'ps7_cortexa9_0' is selected.
23:17:16 INFO  : The application 'D:/Drive_D/ELD2023/Lab8/Lab8.sdk/Lab_8/Debug/Lab_8.elf' is downloaded to processor 'ps7_cortexa9_0'.
23:17:16 INFO  : 'configparams force-mem-access 0' command is executed.
23:17:16 INFO  : ----------------XSDB Script----------------
connect -path [list tcp::1534 tcp:192.168.226.142:49153]
source D:/Drive_D/ELD2023/Lab8/Lab8.sdk/design_t_wrapper_hw_platform_0/ps7_init.tcl
targets -set -nocase -filter {name =~"APU*" && jtag_cable_name =~ "Digilent Zybo Z7 210351A78191A"} -index 0
rst -system
after 3000
targets -set -nocase -filter {name =~"APU*" && jtag_cable_name =~ "Digilent Zybo Z7 210351A78191A"} -index 0
loadhw -hw D:/Drive_D/ELD2023/Lab8/Lab8.sdk/design_t_wrapper_hw_platform_0/system.hdf -mem-ranges [list {0x40000000 0xbfffffff}]
configparams force-mem-access 1
targets -set -nocase -filter {name =~"APU*" && jtag_cable_name =~ "Digilent Zybo Z7 210351A78191A"} -index 0
ps7_init
ps7_post_config
targets -set -nocase -filter {name =~ "ARM*#0" && jtag_cable_name =~ "Digilent Zybo Z7 210351A78191A"} -index 0
dow D:/Drive_D/ELD2023/Lab8/Lab8.sdk/Lab_8/Debug/Lab_8.elf
configparams force-mem-access 0
----------------End of Script----------------

23:17:18 INFO  : Context for processor 'ps7_cortexa9_0' is selected.
23:17:18 INFO  : 'con' command is executed.
23:17:18 INFO  : ----------------XSDB Script (After Launch)----------------
targets -set -nocase -filter {name =~ "ARM*#0" && jtag_cable_name =~ "Digilent Zybo Z7 210351A78191A"} -index 0
con
----------------End of Script----------------

23:17:18 INFO  : Launch script is exported to file 'D:\Drive_D\ELD2023\Lab8\Lab8.sdk\.sdk\launch_scripts\xilinx_c-c++_application_(system_debugger)\system_debugger_on_local.tcl'
23:21:20 INFO  : Disconnected from the channel tcfchan#3.
23:21:21 INFO  : Connected through redirection to target on host '192.168.226.142' and port '59464'.
23:21:36 INFO  : ----------------XSDB Script----------------
connect -path [list tcp::1534 tcp:192.168.226.142:59464]
----------------End of Script----------------

23:23:40 INFO  : Connected to target on host '192.168.226.142' and port '51424'.
23:24:10 INFO  : Connected through redirection to target on host '192.168.226.142' and port '51424'.
23:24:19 INFO  : ----------------XSDB Script----------------
connect -path [list tcp::1534 tcp:192.168.226.142:51424]
----------------End of Script----------------

23:25:50 ERROR : (XSDB Server)Invalid context

23:25:57 ERROR : (XSDB Server)Invalid context

23:26:14 INFO  : No changes in MSS file content so not generating sources.
23:26:52 INFO  : Connected through redirection to target on host '192.168.226.142' and port '51424'.
23:26:53 INFO  : Jtag cable 'Digilent Zybo Z7 210351A78190A' is selected.
23:26:53 INFO  : 'jtag frequency' command is executed.
23:26:53 INFO  : Sourcing of 'D:/Drive_D/ELD2023/Lab8/Lab8.sdk/design_t_wrapper_hw_platform_0/ps7_init.tcl' is done.
23:26:53 INFO  : Context for 'APU' is selected.
23:26:55 INFO  : System reset is completed.
23:26:58 INFO  : 'after 3000' command is executed.
23:26:58 INFO  : Context for 'APU' is selected.
23:26:58 INFO  : Hardware design information is loaded from 'D:/Drive_D/ELD2023/Lab8/Lab8.sdk/design_t_wrapper_hw_platform_0/system.hdf'.
23:26:58 INFO  : 'configparams force-mem-access 1' command is executed.
23:26:58 INFO  : Context for 'APU' is selected.
23:27:04 INFO  : 'ps7_init' command is executed.
23:27:05 INFO  : 'ps7_post_config' command is executed.
23:27:05 INFO  : Context for processor 'ps7_cortexa9_0' is selected.
23:27:05 INFO  : The application 'D:/Drive_D/ELD2023/Lab8/Lab8.sdk/Lab_8/Debug/Lab_8.elf' is downloaded to processor 'ps7_cortexa9_0'.
23:27:05 INFO  : 'configparams force-mem-access 0' command is executed.
23:27:05 INFO  : ----------------XSDB Script----------------
connect -path [list tcp::1534 tcp:192.168.226.142:51424]
source D:/Drive_D/ELD2023/Lab8/Lab8.sdk/design_t_wrapper_hw_platform_0/ps7_init.tcl
targets -set -nocase -filter {name =~"APU*" && jtag_cable_name =~ "Digilent Zybo Z7 210351A78190A"} -index 0
rst -system
after 3000
targets -set -nocase -filter {name =~"APU*" && jtag_cable_name =~ "Digilent Zybo Z7 210351A78190A"} -index 0
loadhw -hw D:/Drive_D/ELD2023/Lab8/Lab8.sdk/design_t_wrapper_hw_platform_0/system.hdf -mem-ranges [list {0x40000000 0xbfffffff}]
configparams force-mem-access 1
targets -set -nocase -filter {name =~"APU*" && jtag_cable_name =~ "Digilent Zybo Z7 210351A78190A"} -index 0
ps7_init
ps7_post_config
targets -set -nocase -filter {name =~ "ARM*#0" && jtag_cable_name =~ "Digilent Zybo Z7 210351A78190A"} -index 0
dow D:/Drive_D/ELD2023/Lab8/Lab8.sdk/Lab_8/Debug/Lab_8.elf
configparams force-mem-access 0
----------------End of Script----------------

23:27:06 INFO  : Context for processor 'ps7_cortexa9_0' is selected.
23:27:06 INFO  : 'con' command is executed.
23:27:06 INFO  : ----------------XSDB Script (After Launch)----------------
targets -set -nocase -filter {name =~ "ARM*#0" && jtag_cable_name =~ "Digilent Zybo Z7 210351A78190A"} -index 0
con
----------------End of Script----------------

23:27:06 INFO  : Launch script is exported to file 'D:\Drive_D\ELD2023\Lab8\Lab8.sdk\.sdk\launch_scripts\xilinx_c-c++_application_(system_debugger)\system_debugger_on_local.tcl'
23:30:30 WARN  : channel "tcfchan#6" closed
23:33:23 INFO  : Connected through redirection to target on host '192.168.226.142' and port '55134'.
23:33:26 INFO  : Jtag cable 'Digilent Zybo Z7 210351A78181A' is selected.
23:33:26 INFO  : 'jtag frequency' command is executed.
23:33:26 INFO  : Sourcing of 'D:/Drive_D/ELD2023/Lab8/Lab8.sdk/design_t_wrapper_hw_platform_0/ps7_init.tcl' is done.
23:33:28 INFO  : Context for 'APU' is selected.
23:33:29 INFO  : Hardware design information is loaded from 'D:/Drive_D/ELD2023/Lab8/Lab8.sdk/design_t_wrapper_hw_platform_0/system.hdf'.
23:33:29 INFO  : 'configparams force-mem-access 1' command is executed.
23:33:37 INFO  : Context for 'APU' is selected.
23:33:37 INFO  : 'stop' command is executed.
23:33:46 INFO  : 'ps7_init' command is executed.
23:33:46 INFO  : 'ps7_post_config' command is executed.
23:33:46 INFO  : Context for processor 'ps7_cortexa9_0' is selected.
23:33:46 INFO  : Processor reset is completed for 'ps7_cortexa9_0'.
23:33:46 INFO  : Context for processor 'ps7_cortexa9_0' is selected.
23:33:47 INFO  : The application 'D:/Drive_D/ELD2023/Lab8/Lab8.sdk/Lab_8/Debug/Lab_8.elf' is downloaded to processor 'ps7_cortexa9_0'.
23:33:47 INFO  : 'configparams force-mem-access 0' command is executed.
23:33:47 INFO  : ----------------XSDB Script----------------
connect -path [list tcp::1534 tcp:192.168.226.142:55134]
source D:/Drive_D/ELD2023/Lab8/Lab8.sdk/design_t_wrapper_hw_platform_0/ps7_init.tcl
targets -set -nocase -filter {name =~"APU*" && jtag_cable_name =~ "Digilent Zybo Z7 210351A78181A"} -index 0
loadhw -hw D:/Drive_D/ELD2023/Lab8/Lab8.sdk/design_t_wrapper_hw_platform_0/system.hdf -mem-ranges [list {0x40000000 0xbfffffff}]
configparams force-mem-access 1
targets -set -nocase -filter {name =~"APU*" && jtag_cable_name =~ "Digilent Zybo Z7 210351A78181A"} -index 0
stop
ps7_init
ps7_post_config
targets -set -nocase -filter {name =~ "ARM*#0" && jtag_cable_name =~ "Digilent Zybo Z7 210351A78181A"} -index 0
rst -processor
targets -set -nocase -filter {name =~ "ARM*#0" && jtag_cable_name =~ "Digilent Zybo Z7 210351A78181A"} -index 0
dow D:/Drive_D/ELD2023/Lab8/Lab8.sdk/Lab_8/Debug/Lab_8.elf
configparams force-mem-access 0
----------------End of Script----------------

23:33:47 INFO  : Context for processor 'ps7_cortexa9_0' is selected.
23:33:47 INFO  : 'con' command is executed.
23:33:47 INFO  : ----------------XSDB Script (After Launch)----------------
targets -set -nocase -filter {name =~ "ARM*#0" && jtag_cable_name =~ "Digilent Zybo Z7 210351A78181A"} -index 0
con
----------------End of Script----------------

23:33:47 INFO  : Launch script is exported to file 'D:\Drive_D\ELD2023\Lab8\Lab8.sdk\.sdk\launch_scripts\xilinx_c-c++_application_(system_debugger)\system_debugger_on_local.tcl'
23:37:33 INFO  : Disconnected from the channel tcfchan#7.
23:51:03 INFO  : Launching XSCT server: xsct.bat -interactive D:\Drive_D\ELD2023\Lab8\Lab8.sdk\temp_xsdb_launch_script.tcl
23:51:03 INFO  : Registering command handlers for SDK TCF services
23:51:05 INFO  : XSCT server has started successfully.
23:51:05 INFO  : Successfully done setting XSCT server connection channel  
23:51:05 INFO  : Successfully done setting SDK workspace  
23:51:05 INFO  : Processing command line option -hwspec D:/Drive_D/ELD2023/Lab8/Lab8.sdk/design_t_wrapper.hdf.
23:51:05 INFO  : Checking for hwspec changes in the project design_t_wrapper_hw_platform_0.
23:52:55 ERROR : Failed to redirect connection to hardware server on host '192.168.226.142' and port '55134'.
Reason: A connection attempt failed because the connected party did not properly respond after a period of time, or established connection failed because connected host has failed to respond
23:52:55 INFO  : ----------------XSDB Script----------------
connect -path [list tcp::1534 tcp:192.168.226.142:55134]
----------------End of Script----------------

23:54:21 ERROR : Failed to redirect connection to hardware server on host '192.168.226.142' and port '55134'.
Reason: No connection could be made because the target machine actively refused it
23:54:21 INFO  : ----------------XSDB Script----------------
connect -path [list tcp::1534 tcp:192.168.226.142:55134]
----------------End of Script----------------

23:54:56 INFO  : Connected through redirection to target on host '192.168.226.142' and port '60420'.
23:55:02 INFO  : Jtag cable 'Digilent Zybo Z7 210351A78181A' is selected.
23:55:02 INFO  : 'jtag frequency' command is executed.
23:55:02 INFO  : Sourcing of 'D:/Drive_D/ELD2023/Lab8/Lab8.sdk/design_t_wrapper_hw_platform_0/ps7_init.tcl' is done.
23:55:02 INFO  : Context for 'APU' is selected.
23:55:03 INFO  : Hardware design information is loaded from 'D:/Drive_D/ELD2023/Lab8/Lab8.sdk/design_t_wrapper_hw_platform_0/system.hdf'.
23:55:03 INFO  : 'configparams force-mem-access 1' command is executed.
23:55:03 INFO  : Context for 'APU' is selected.
23:55:03 INFO  : 'stop' command is executed.
23:55:15 INFO  : 'ps7_init' command is executed.
23:55:15 INFO  : 'ps7_post_config' command is executed.
23:55:15 INFO  : Context for processor 'ps7_cortexa9_0' is selected.
23:55:15 INFO  : Processor reset is completed for 'ps7_cortexa9_0'.
23:55:15 INFO  : Context for processor 'ps7_cortexa9_0' is selected.
23:55:16 INFO  : The application 'D:/Drive_D/ELD2023/Lab8/Lab8.sdk/Lab_8/Debug/Lab_8.elf' is downloaded to processor 'ps7_cortexa9_0'.
23:55:16 INFO  : 'configparams force-mem-access 0' command is executed.
23:55:16 INFO  : ----------------XSDB Script----------------
connect -path [list tcp::1534 tcp:192.168.226.142:60420]
source D:/Drive_D/ELD2023/Lab8/Lab8.sdk/design_t_wrapper_hw_platform_0/ps7_init.tcl
targets -set -nocase -filter {name =~"APU*" && jtag_cable_name =~ "Digilent Zybo Z7 210351A78181A"} -index 0
loadhw -hw D:/Drive_D/ELD2023/Lab8/Lab8.sdk/design_t_wrapper_hw_platform_0/system.hdf -mem-ranges [list {0x40000000 0xbfffffff}]
configparams force-mem-access 1
targets -set -nocase -filter {name =~"APU*" && jtag_cable_name =~ "Digilent Zybo Z7 210351A78181A"} -index 0
stop
ps7_init
ps7_post_config
targets -set -nocase -filter {name =~ "ARM*#0" && jtag_cable_name =~ "Digilent Zybo Z7 210351A78181A"} -index 0
rst -processor
targets -set -nocase -filter {name =~ "ARM*#0" && jtag_cable_name =~ "Digilent Zybo Z7 210351A78181A"} -index 0
dow D:/Drive_D/ELD2023/Lab8/Lab8.sdk/Lab_8/Debug/Lab_8.elf
configparams force-mem-access 0
----------------End of Script----------------

23:55:16 INFO  : Context for processor 'ps7_cortexa9_0' is selected.
23:55:16 INFO  : 'con' command is executed.
23:55:16 INFO  : ----------------XSDB Script (After Launch)----------------
targets -set -nocase -filter {name =~ "ARM*#0" && jtag_cable_name =~ "Digilent Zybo Z7 210351A78181A"} -index 0
con
----------------End of Script----------------

23:55:16 INFO  : Launch script is exported to file 'D:\Drive_D\ELD2023\Lab8\Lab8.sdk\.sdk\launch_scripts\xilinx_c-c++_application_(system_debugger)\system_debugger_on_local.tcl'
23:59:03 WARN  : channel "tcfchan#3" closed
15:13:42 INFO  : Launching XSCT server: xsct.bat -interactive D:\Drive_D\ELD2023\Lab8\Lab8.sdk\temp_xsdb_launch_script.tcl
15:13:49 INFO  : XSCT server has started successfully.
15:13:51 INFO  : Successfully done setting XSCT server connection channel  
15:13:51 INFO  : Successfully done setting SDK workspace  
15:13:52 INFO  : Registering command handlers for SDK TCF services
15:13:53 INFO  : Processing command line option -hwspec D:/Drive_D/ELD2023/Lab8/Lab8.sdk/design_t_wrapper.hdf.
15:13:53 INFO  : Checking for hwspec changes in the project design_t_wrapper_hw_platform_0.
15:13:53 INFO  : SDK has detected change in the last modified timestamps for source hardware specification file Source:1699523013813,  Project:1698725692771
15:13:53 INFO  : The hardware specification for project 'design_t_wrapper_hw_platform_0' is different from D:/Drive_D/ELD2023/Lab8/Lab8.sdk/design_t_wrapper.hdf.
15:13:53 INFO  : Copied contents of D:/Drive_D/ELD2023/Lab8/Lab8.sdk/design_t_wrapper.hdf into \design_t_wrapper_hw_platform_0\system.hdf.
15:13:54 INFO  : Synchronizing projects in the workspace with the hardware platform specification changes.
15:13:56 INFO  : 
15:13:57 INFO  : Updating hardware inferred compiler options for Lab_8.
15:13:57 INFO  : Clearing existing target manager status.
15:15:43 INFO  : Connected to target on host '192.168.226.142' and port '63916'.
15:16:15 INFO  : No changes in MSS file content so not generating sources.
15:17:34 ERROR : Failed to redirect connection to hardware server on host '192.168.226.142' and port '63916'.
Reason: No connection could be made because the target machine actively refused it
15:17:34 INFO  : ----------------XSDB Script----------------
connect -path [list tcp::1534 tcp:192.168.226.142:63916]
----------------End of Script----------------

15:17:56 ERROR : Failed to connect to hardware server on host '192.168.226.142' and port '63916'.
Reason: No connection could be made because the target machine actively refused it
15:18:37 ERROR : Failed to connect to hardware server on host '192.168.226.142' and port '63916'.
Reason: No connection could be made because the target machine actively refused it
15:18:42 ERROR : Failed to connect to hardware server on host '192.168.226.142' and port '63916'.
Reason: No connection could be made because the target machine actively refused it
15:21:29 INFO  : Connected through redirection to target on host '192.168.226.142' and port '63574'.
15:21:39 INFO  : Jtag cable 'Digilent Zybo Z7 210351A78191A' is selected.
15:21:39 INFO  : 'jtag frequency' command is executed.
15:21:39 INFO  : Sourcing of 'D:/Drive_D/ELD2023/Lab8/Lab8.sdk/design_t_wrapper_hw_platform_0/ps7_init.tcl' is done.
15:21:39 INFO  : Context for 'APU' is selected.
15:21:39 INFO  : System reset is completed.
15:21:42 INFO  : 'after 3000' command is executed.
15:21:42 INFO  : Context for 'APU' is selected.
15:21:42 INFO  : Hardware design information is loaded from 'D:/Drive_D/ELD2023/Lab8/Lab8.sdk/design_t_wrapper_hw_platform_0/system.hdf'.
15:21:42 INFO  : 'configparams force-mem-access 1' command is executed.
15:21:42 INFO  : Context for 'APU' is selected.
15:21:46 INFO  : 'ps7_init' command is executed.
15:21:46 INFO  : 'ps7_post_config' command is executed.
15:21:46 INFO  : Context for processor 'ps7_cortexa9_0' is selected.
15:21:47 INFO  : The application 'D:/Drive_D/ELD2023/Lab8/Lab8.sdk/Lab_8/Debug/Lab_8.elf' is downloaded to processor 'ps7_cortexa9_0'.
15:21:47 INFO  : 'configparams force-mem-access 0' command is executed.
15:21:47 INFO  : ----------------XSDB Script----------------
connect -path [list tcp::1534 tcp:192.168.226.142:63574]
source D:/Drive_D/ELD2023/Lab8/Lab8.sdk/design_t_wrapper_hw_platform_0/ps7_init.tcl
targets -set -nocase -filter {name =~"APU*" && jtag_cable_name =~ "Digilent Zybo Z7 210351A78191A"} -index 0
rst -system
after 3000
targets -set -nocase -filter {name =~"APU*" && jtag_cable_name =~ "Digilent Zybo Z7 210351A78191A"} -index 0
loadhw -hw D:/Drive_D/ELD2023/Lab8/Lab8.sdk/design_t_wrapper_hw_platform_0/system.hdf -mem-ranges [list {0x40000000 0xbfffffff}]
configparams force-mem-access 1
targets -set -nocase -filter {name =~"APU*" && jtag_cable_name =~ "Digilent Zybo Z7 210351A78191A"} -index 0
ps7_init
ps7_post_config
targets -set -nocase -filter {name =~ "ARM*#0" && jtag_cable_name =~ "Digilent Zybo Z7 210351A78191A"} -index 0
dow D:/Drive_D/ELD2023/Lab8/Lab8.sdk/Lab_8/Debug/Lab_8.elf
configparams force-mem-access 0
----------------End of Script----------------

15:21:47 INFO  : Launch script is exported to file 'D:\Drive_D\ELD2023\Lab8\Lab8.sdk\.sdk\launch_scripts\xilinx_c-c++_application_(system_debugger)\system_debugger_on_local.tcl'
15:30:27 WARN  : channel "tcfchan#3" closed
15:49:48 INFO  : Connected through redirection to target on host '192.168.226.142' and port '56977'.
15:50:04 INFO  : Jtag cable 'Digilent Zybo Z7 210351A78191A' is selected.
15:50:04 INFO  : 'jtag frequency' command is executed.
15:50:04 INFO  : Sourcing of 'D:/Drive_D/ELD2023/Lab8/Lab8.sdk/design_t_wrapper_hw_platform_0/ps7_init.tcl' is done.
15:50:06 INFO  : Context for 'APU' is selected.
15:50:11 INFO  : System reset is completed.
15:50:14 INFO  : 'after 3000' command is executed.
15:50:22 INFO  : Context for 'APU' is selected.
15:50:22 INFO  : Hardware design information is loaded from 'D:/Drive_D/ELD2023/Lab8/Lab8.sdk/design_t_wrapper_hw_platform_0/system.hdf'.
15:50:22 INFO  : 'configparams force-mem-access 1' command is executed.
15:50:27 INFO  : Context for 'APU' is selected.
15:51:14 INFO  : 'ps7_init' command is executed.
15:51:15 INFO  : 'ps7_post_config' command is executed.
15:51:20 INFO  : Context for processor 'ps7_cortexa9_0' is selected.
15:51:20 INFO  : The application 'D:/Drive_D/ELD2023/Lab8/Lab8.sdk/Lab_8/Debug/Lab_8.elf' is downloaded to processor 'ps7_cortexa9_0'.
15:51:20 INFO  : 'configparams force-mem-access 0' command is executed.
15:51:20 INFO  : ----------------XSDB Script----------------
connect -path [list tcp::1534 tcp:192.168.226.142:56977]
source D:/Drive_D/ELD2023/Lab8/Lab8.sdk/design_t_wrapper_hw_platform_0/ps7_init.tcl
targets -set -nocase -filter {name =~"APU*" && jtag_cable_name =~ "Digilent Zybo Z7 210351A78191A"} -index 0
rst -system
after 3000
targets -set -nocase -filter {name =~"APU*" && jtag_cable_name =~ "Digilent Zybo Z7 210351A78191A"} -index 0
loadhw -hw D:/Drive_D/ELD2023/Lab8/Lab8.sdk/design_t_wrapper_hw_platform_0/system.hdf -mem-ranges [list {0x40000000 0xbfffffff}]
configparams force-mem-access 1
targets -set -nocase -filter {name =~"APU*" && jtag_cable_name =~ "Digilent Zybo Z7 210351A78191A"} -index 0
ps7_init
ps7_post_config
targets -set -nocase -filter {name =~ "ARM*#0" && jtag_cable_name =~ "Digilent Zybo Z7 210351A78191A"} -index 0
dow D:/Drive_D/ELD2023/Lab8/Lab8.sdk/Lab_8/Debug/Lab_8.elf
configparams force-mem-access 0
----------------End of Script----------------

15:51:21 INFO  : Launch script is exported to file 'D:\Drive_D\ELD2023\Lab8\Lab8.sdk\.sdk\launch_scripts\xilinx_c-c++_application_(system_debugger)\system_debugger_on_local.tcl'
16:00:27 WARN  : channel "tcfchan#4" closed
