
*** Running vivado
    with args -log Vio_wrappper.vds -m64 -product Vivado -mode batch -messageDb vivado.pb -notrace -source Vio_wrappper.tcl


****** Vivado v2019.1 (64-bit)
  **** SW Build 2552052 on Fri May 24 14:49:42 MDT 2019
  **** IP Build 2548770 on Fri May 24 18:01:18 MDT 2019
    ** Copyright 1986-2019 Xilinx, Inc. All Rights Reserved.

source Vio_wrappper.tcl -notrace
create_project: Time (s): cpu = 00:00:04 ; elapsed = 00:00:23 . Memory (MB): peak = 383.512 ; gain = 86.230
Command: synth_design -top Vio_wrappper -part xc7z020clg484-1
Starting synth_design
Attempting to get a license for feature 'Synthesis' and/or device 'xc7z020'
INFO: [Common 17-349] Got license for feature 'Synthesis' and/or device 'xc7z020'
INFO: [Device 21-403] Loading part xc7z020clg484-1
INFO: Launching helper process for spawning children vivado processes
INFO: Helper process launched with PID 10436 
---------------------------------------------------------------------------------
Starting RTL Elaboration : Time (s): cpu = 00:00:04 ; elapsed = 00:00:05 . Memory (MB): peak = 865.777 ; gain = 178.359
---------------------------------------------------------------------------------
INFO: [Synth 8-6157] synthesizing module 'Vio_wrappper' [F:/ELD2023/Lab5_Hw/Lab5_Hw.srcs/sources_1/imports/new/Vio_wrappper.v:23]
INFO: [Synth 8-6157] synthesizing module 'vio_0' [F:/ELD2023/Lab5_Hw/Lab5_Hw.runs/synth_1/.Xil/Vivado-6432-DESKTOP-JTMDP5L/realtime/vio_0_stub.v:6]
INFO: [Synth 8-6155] done synthesizing module 'vio_0' (1#1) [F:/ELD2023/Lab5_Hw/Lab5_Hw.runs/synth_1/.Xil/Vivado-6432-DESKTOP-JTMDP5L/realtime/vio_0_stub.v:6]
WARNING: [Synth 8-689] width (5) of port connection 'probe_in0' does not match port width (4) of module 'vio_0' [F:/ELD2023/Lab5_Hw/Lab5_Hw.srcs/sources_1/imports/new/Vio_wrappper.v:31]
INFO: [Synth 8-6157] synthesizing module 'top_counter' [F:/ELD2023/Lab5_Hw/Lab5_Hw.srcs/sources_1/imports/new/top_counter.v:23]
INFO: [Synth 8-6157] synthesizing module 'clk_wiz_0' [F:/ELD2023/Lab5_Hw/Lab5_Hw.runs/synth_1/.Xil/Vivado-6432-DESKTOP-JTMDP5L/realtime/clk_wiz_0_stub.v:5]
INFO: [Synth 8-6155] done synthesizing module 'clk_wiz_0' (2#1) [F:/ELD2023/Lab5_Hw/Lab5_Hw.runs/synth_1/.Xil/Vivado-6432-DESKTOP-JTMDP5L/realtime/clk_wiz_0_stub.v:5]
INFO: [Synth 8-6157] synthesizing module 'clk_div_rtl' [F:/ELD2023/Lab5_Hw/Lab5_Hw.srcs/sources_1/imports/new/clk_div_rtl.v:23]
INFO: [Synth 8-6155] done synthesizing module 'clk_div_rtl' (3#1) [F:/ELD2023/Lab5_Hw/Lab5_Hw.srcs/sources_1/imports/new/clk_div_rtl.v:23]
INFO: [Synth 8-6157] synthesizing module 'Counter_8bit' [F:/ELD2023/Lab5_Hw/Lab5_Hw.srcs/sources_1/imports/new/Counter_8bit.v:23]
INFO: [Synth 8-6155] done synthesizing module 'Counter_8bit' (4#1) [F:/ELD2023/Lab5_Hw/Lab5_Hw.srcs/sources_1/imports/new/Counter_8bit.v:23]
INFO: [Synth 8-6155] done synthesizing module 'top_counter' (5#1) [F:/ELD2023/Lab5_Hw/Lab5_Hw.srcs/sources_1/imports/new/top_counter.v:23]
INFO: [Synth 8-6071] Mark debug on the nets applies keep_hierarchy on instance 'v1'. This will prevent further optimization [F:/ELD2023/Lab5_Hw/Lab5_Hw.srcs/sources_1/imports/new/Vio_wrappper.v:29]
INFO: [Synth 8-6071] Mark debug on the nets applies keep_hierarchy on instance 'tc'. This will prevent further optimization [F:/ELD2023/Lab5_Hw/Lab5_Hw.srcs/sources_1/imports/new/Vio_wrappper.v:35]
INFO: [Synth 8-6155] done synthesizing module 'Vio_wrappper' (6#1) [F:/ELD2023/Lab5_Hw/Lab5_Hw.srcs/sources_1/imports/new/Vio_wrappper.v:23]
---------------------------------------------------------------------------------
Finished RTL Elaboration : Time (s): cpu = 00:00:05 ; elapsed = 00:00:06 . Memory (MB): peak = 930.293 ; gain = 242.875
---------------------------------------------------------------------------------

Report Check Netlist: 
+------+------------------+-------+---------+-------+------------------+
|      |Item              |Errors |Warnings |Status |Description       |
+------+------------------+-------+---------+-------+------------------+
|1     |multi_driven_nets |      0|        0|Passed |Multi driven nets |
+------+------------------+-------+---------+-------+------------------+
---------------------------------------------------------------------------------
Start Handling Custom Attributes
---------------------------------------------------------------------------------
---------------------------------------------------------------------------------
Finished Handling Custom Attributes : Time (s): cpu = 00:00:05 ; elapsed = 00:00:07 . Memory (MB): peak = 930.293 ; gain = 242.875
---------------------------------------------------------------------------------
---------------------------------------------------------------------------------
Finished RTL Optimization Phase 1 : Time (s): cpu = 00:00:05 ; elapsed = 00:00:07 . Memory (MB): peak = 930.293 ; gain = 242.875
---------------------------------------------------------------------------------
INFO: [Project 1-570] Preparing netlist for logic optimization

Processing XDC Constraints
Initializing timing engine
Parsing XDC File [f:/ELD2023/Lab5_Hw/Lab5_Hw.srcs/sources_1/ip/clk_wiz_0/clk_wiz_0/clk_wiz_0_in_context.xdc] for cell 'tc/cm1'
Finished Parsing XDC File [f:/ELD2023/Lab5_Hw/Lab5_Hw.srcs/sources_1/ip/clk_wiz_0/clk_wiz_0/clk_wiz_0_in_context.xdc] for cell 'tc/cm1'
Parsing XDC File [f:/ELD2023/Lab5_Hw/Lab5_Hw.srcs/sources_1/ip/vio_0/vio_0/vio_0_in_context.xdc] for cell 'v1'
Finished Parsing XDC File [f:/ELD2023/Lab5_Hw/Lab5_Hw.srcs/sources_1/ip/vio_0/vio_0/vio_0_in_context.xdc] for cell 'v1'
Parsing XDC File [F:/ELD2023/Lab5_Hw/Lab5_Hw.srcs/constrs_1/imports/new/Zedboard.xdc]
WARNING: [Vivado 12-584] No ports matched '[get_ports -of_objects [get_iobanks 33]]'. [F:/ELD2023/Lab5_Hw/Lab5_Hw.srcs/constrs_1/imports/new/Zedboard.xdc:362]
WARNING: [Vivado 12-584] No ports matched '[get_ports -of_objects [get_iobanks 34]]'. [F:/ELD2023/Lab5_Hw/Lab5_Hw.srcs/constrs_1/imports/new/Zedboard.xdc:367]
WARNING: [Vivado 12-584] No ports matched '[get_ports -of_objects [get_iobanks 35]]'. [F:/ELD2023/Lab5_Hw/Lab5_Hw.srcs/constrs_1/imports/new/Zedboard.xdc:372]
WARNING: [Vivado 12-584] No ports matched '[get_ports -of_objects [get_iobanks 13]]'. [F:/ELD2023/Lab5_Hw/Lab5_Hw.srcs/constrs_1/imports/new/Zedboard.xdc:375]
Finished Parsing XDC File [F:/ELD2023/Lab5_Hw/Lab5_Hw.srcs/constrs_1/imports/new/Zedboard.xdc]
INFO: [Project 1-236] Implementation specific constraints were found while reading constraint file [F:/ELD2023/Lab5_Hw/Lab5_Hw.srcs/constrs_1/imports/new/Zedboard.xdc]. These constraints will be ignored for synthesis but will be used in implementation. Impacted constraints are listed in the file [.Xil/Vio_wrappper_propImpl.xdc].
Resolution: To avoid this warning, move constraints listed in [.Xil/Vio_wrappper_propImpl.xdc] to another XDC file and exclude this new file from synthesis with the used_in_synthesis property (File Properties dialog in GUI) and re-run elaboration/synthesis.
Completed Processing XDC Constraints

Netlist sorting complete. Time (s): cpu = 00:00:00 ; elapsed = 00:00:00 . Memory (MB): peak = 1034.340 ; gain = 0.000
INFO: [Project 1-111] Unisim Transformation Summary:
No Unisim elements were transformed.

Constraint Validation Runtime : Time (s): cpu = 00:00:00 ; elapsed = 00:00:00.031 . Memory (MB): peak = 1034.340 ; gain = 0.000
---------------------------------------------------------------------------------
Finished Constraint Validation : Time (s): cpu = 00:00:12 ; elapsed = 00:00:14 . Memory (MB): peak = 1034.340 ; gain = 346.922
---------------------------------------------------------------------------------
---------------------------------------------------------------------------------
Start Loading Part and Timing Information
---------------------------------------------------------------------------------
Loading part: xc7z020clg484-1
---------------------------------------------------------------------------------
Finished Loading Part and Timing Information : Time (s): cpu = 00:00:12 ; elapsed = 00:00:14 . Memory (MB): peak = 1034.340 ; gain = 346.922
---------------------------------------------------------------------------------
---------------------------------------------------------------------------------
Start Applying 'set_property' XDC Constraints
---------------------------------------------------------------------------------
Applied set_property IO_BUFFER_TYPE = NONE for Clk_100M. (constraint file  f:/ELD2023/Lab5_Hw/Lab5_Hw.srcs/sources_1/ip/clk_wiz_0/clk_wiz_0/clk_wiz_0_in_context.xdc, line 3).
Applied set_property CLOCK_BUFFER_TYPE = NONE for Clk_100M. (constraint file  f:/ELD2023/Lab5_Hw/Lab5_Hw.srcs/sources_1/ip/clk_wiz_0/clk_wiz_0/clk_wiz_0_in_context.xdc, line 4).
Applied set_property DONT_TOUCH = true for tc/cm1. (constraint file  auto generated constraint, line ).
Applied set_property DONT_TOUCH = true for v1. (constraint file  auto generated constraint, line ).
---------------------------------------------------------------------------------
Finished applying 'set_property' XDC Constraints : Time (s): cpu = 00:00:12 ; elapsed = 00:00:14 . Memory (MB): peak = 1034.340 ; gain = 346.922
---------------------------------------------------------------------------------
INFO: [Synth 8-802] inferred FSM for state register 'Count_reg_reg' in module 'Counter_8bit'
---------------------------------------------------------------------------------------------------
                   State |                     New Encoding |                Previous Encoding 
---------------------------------------------------------------------------------------------------
                 iSTATE0 |                              001 |                            00100
                 iSTATE1 |                              010 |                            00110
                  iSTATE |                              100 |                            01000
*
---------------------------------------------------------------------------------------------------
INFO: [Synth 8-3354] encoded FSM with state register 'Count_reg_reg' using encoding 'one-hot' in module 'Counter_8bit'
---------------------------------------------------------------------------------
Finished RTL Optimization Phase 2 : Time (s): cpu = 00:00:12 ; elapsed = 00:00:15 . Memory (MB): peak = 1034.340 ; gain = 346.922
---------------------------------------------------------------------------------

Report RTL Partitions: 
+-+--------------+------------+----------+
| |RTL Partition |Replication |Instances |
+-+--------------+------------+----------+
+-+--------------+------------+----------+
---------------------------------------------------------------------------------
Start RTL Component Statistics 
---------------------------------------------------------------------------------
Detailed RTL Component Info : 
+---Muxes : 
	   3 Input      5 Bit        Muxes := 1     
	   3 Input      3 Bit        Muxes := 1     
---------------------------------------------------------------------------------
Finished RTL Component Statistics 
---------------------------------------------------------------------------------
---------------------------------------------------------------------------------
Start RTL Hierarchical Component Statistics 
---------------------------------------------------------------------------------
Hierarchical RTL Component report 
Module Counter_8bit 
Detailed RTL Component Info : 
+---Muxes : 
	   3 Input      5 Bit        Muxes := 1     
	   3 Input      3 Bit        Muxes := 1     
---------------------------------------------------------------------------------
Finished RTL Hierarchical Component Statistics
---------------------------------------------------------------------------------
---------------------------------------------------------------------------------
Start Part Resource Summary
---------------------------------------------------------------------------------
Part Resources:
DSPs: 220 (col length:60)
BRAMs: 280 (col length: RAMB18 60 RAMB36 30)
---------------------------------------------------------------------------------
Finished Part Resource Summary
---------------------------------------------------------------------------------
---------------------------------------------------------------------------------
Start Cross Boundary and Area Optimization
---------------------------------------------------------------------------------
Warning: Parallel synthesis criteria is not met 
---------------------------------------------------------------------------------
Finished Cross Boundary and Area Optimization : Time (s): cpu = 00:00:13 ; elapsed = 00:00:16 . Memory (MB): peak = 1034.340 ; gain = 346.922
---------------------------------------------------------------------------------

Report RTL Partitions: 
+-+--------------+------------+----------+
| |RTL Partition |Replication |Instances |
+-+--------------+------------+----------+
+-+--------------+------------+----------+
---------------------------------------------------------------------------------
Start Applying XDC Timing Constraints
---------------------------------------------------------------------------------
INFO: [Synth 8-5578] Moved timing constraint from pin 'tc/cm1/Clk_8M' to pin 'tc/cm1/bbstub_Clk_8M/O'
INFO: [Synth 8-5819] Moved 1 constraints on hierarchical pins to their respective driving/loading pins
---------------------------------------------------------------------------------
Finished Applying XDC Timing Constraints : Time (s): cpu = 00:00:21 ; elapsed = 00:00:25 . Memory (MB): peak = 1034.340 ; gain = 346.922
---------------------------------------------------------------------------------
---------------------------------------------------------------------------------
Start Timing Optimization
---------------------------------------------------------------------------------
---------------------------------------------------------------------------------
Finished Timing Optimization : Time (s): cpu = 00:00:21 ; elapsed = 00:00:25 . Memory (MB): peak = 1034.340 ; gain = 346.922
---------------------------------------------------------------------------------

Report RTL Partitions: 
+-+--------------+------------+----------+
| |RTL Partition |Replication |Instances |
+-+--------------+------------+----------+
+-+--------------+------------+----------+
---------------------------------------------------------------------------------
Start Technology Mapping
---------------------------------------------------------------------------------
---------------------------------------------------------------------------------
Finished Technology Mapping : Time (s): cpu = 00:00:21 ; elapsed = 00:00:25 . Memory (MB): peak = 1034.340 ; gain = 346.922
---------------------------------------------------------------------------------

Report RTL Partitions: 
+-+--------------+------------+----------+
| |RTL Partition |Replication |Instances |
+-+--------------+------------+----------+
+-+--------------+------------+----------+
---------------------------------------------------------------------------------
Start IO Insertion
---------------------------------------------------------------------------------
---------------------------------------------------------------------------------
Start Flattening Before IO Insertion
---------------------------------------------------------------------------------
---------------------------------------------------------------------------------
Finished Flattening Before IO Insertion
---------------------------------------------------------------------------------
---------------------------------------------------------------------------------
Start Final Netlist Cleanup
---------------------------------------------------------------------------------
---------------------------------------------------------------------------------
Finished Final Netlist Cleanup
---------------------------------------------------------------------------------
---------------------------------------------------------------------------------
Finished IO Insertion : Time (s): cpu = 00:00:23 ; elapsed = 00:00:28 . Memory (MB): peak = 1050.078 ; gain = 362.660
---------------------------------------------------------------------------------

Report Check Netlist: 
+------+------------------+-------+---------+-------+------------------+
|      |Item              |Errors |Warnings |Status |Description       |
+------+------------------+-------+---------+-------+------------------+
|1     |multi_driven_nets |      0|        0|Passed |Multi driven nets |
+------+------------------+-------+---------+-------+------------------+
---------------------------------------------------------------------------------
Start Renaming Generated Instances
---------------------------------------------------------------------------------
---------------------------------------------------------------------------------
Finished Renaming Generated Instances : Time (s): cpu = 00:00:23 ; elapsed = 00:00:28 . Memory (MB): peak = 1050.078 ; gain = 362.660
---------------------------------------------------------------------------------

Report RTL Partitions: 
+-+--------------+------------+----------+
| |RTL Partition |Replication |Instances |
+-+--------------+------------+----------+
+-+--------------+------------+----------+
---------------------------------------------------------------------------------
Start Rebuilding User Hierarchy
---------------------------------------------------------------------------------
---------------------------------------------------------------------------------
Finished Rebuilding User Hierarchy : Time (s): cpu = 00:00:23 ; elapsed = 00:00:28 . Memory (MB): peak = 1050.078 ; gain = 362.660
---------------------------------------------------------------------------------
---------------------------------------------------------------------------------
Start Renaming Generated Ports
---------------------------------------------------------------------------------
---------------------------------------------------------------------------------
Finished Renaming Generated Ports : Time (s): cpu = 00:00:23 ; elapsed = 00:00:28 . Memory (MB): peak = 1050.078 ; gain = 362.660
---------------------------------------------------------------------------------
---------------------------------------------------------------------------------
Start Handling Custom Attributes
---------------------------------------------------------------------------------
---------------------------------------------------------------------------------
Finished Handling Custom Attributes : Time (s): cpu = 00:00:23 ; elapsed = 00:00:28 . Memory (MB): peak = 1050.078 ; gain = 362.660
---------------------------------------------------------------------------------
---------------------------------------------------------------------------------
Start Renaming Generated Nets
---------------------------------------------------------------------------------
---------------------------------------------------------------------------------
Finished Renaming Generated Nets : Time (s): cpu = 00:00:23 ; elapsed = 00:00:28 . Memory (MB): peak = 1050.078 ; gain = 362.660
---------------------------------------------------------------------------------
---------------------------------------------------------------------------------
Start Writing Synthesis Report
---------------------------------------------------------------------------------

Report BlackBoxes: 
+------+--------------+----------+
|      |BlackBox name |Instances |
+------+--------------+----------+
|1     |clk_wiz_0     |         1|
|2     |vio_0         |         1|
+------+--------------+----------+

Report Cell Usage: 
+------+----------+------+
|      |Cell      |Count |
+------+----------+------+
|1     |clk_wiz_0 |     1|
|2     |vio_0     |     1|
|3     |CARRY4    |     6|
|4     |LUT1      |     1|
|5     |LUT2      |     2|
|6     |FDCE      |     2|
|7     |FDPE      |     1|
|8     |FDRE      |    23|
+------+----------+------+

Report Instance Areas: 
+------+---------+-------------+------+
|      |Instance |Module       |Cells |
+------+---------+-------------+------+
|1     |top      |             |    37|
|2     |  tc     |top_counter  |    36|
|3     |    cd1  |clk_div_rtl  |    30|
|4     |    cn   |Counter_8bit |     5|
+------+---------+-------------+------+
---------------------------------------------------------------------------------
Finished Writing Synthesis Report : Time (s): cpu = 00:00:23 ; elapsed = 00:00:28 . Memory (MB): peak = 1050.078 ; gain = 362.660
---------------------------------------------------------------------------------
Synthesis finished with 0 errors, 0 critical warnings and 0 warnings.
Synthesis Optimization Runtime : Time (s): cpu = 00:00:15 ; elapsed = 00:00:24 . Memory (MB): peak = 1050.078 ; gain = 258.613
Synthesis Optimization Complete : Time (s): cpu = 00:00:23 ; elapsed = 00:00:28 . Memory (MB): peak = 1050.078 ; gain = 362.660
INFO: [Project 1-571] Translating synthesized netlist
INFO: [Netlist 29-17] Analyzing 6 Unisim elements for replacement
INFO: [Netlist 29-28] Unisim Transformation completed in 0 CPU seconds
INFO: [Project 1-570] Preparing netlist for logic optimization
INFO: [Opt 31-138] Pushed 0 inverter(s) to 0 load pin(s).
Netlist sorting complete. Time (s): cpu = 00:00:00 ; elapsed = 00:00:00 . Memory (MB): peak = 1073.738 ; gain = 0.000
INFO: [Project 1-111] Unisim Transformation Summary:
No Unisim elements were transformed.

INFO: [Common 17-83] Releasing license: Synthesis
30 Infos, 5 Warnings, 0 Critical Warnings and 0 Errors encountered.
synth_design completed successfully
synth_design: Time (s): cpu = 00:00:29 ; elapsed = 00:00:43 . Memory (MB): peak = 1073.738 ; gain = 658.375
Netlist sorting complete. Time (s): cpu = 00:00:00 ; elapsed = 00:00:00 . Memory (MB): peak = 1073.738 ; gain = 0.000
WARNING: [Constraints 18-5210] No constraints selected for write.
Resolution: This message can indicate that there are no constraints for the design, or it can indicate that the used_in flags are set such that the constraints are ignored. This later case is used when running synth_design to not write synthesis constraints to the resulting checkpoint. Instead, project constraints are read when the synthesized design is opened.
INFO: [Common 17-1381] The checkpoint 'F:/ELD2023/Lab5_Hw/Lab5_Hw.runs/synth_1/Vio_wrappper.dcp' has been generated.
INFO: [runtcl-4] Executing : report_utilization -file Vio_wrappper_utilization_synth.rpt -pb Vio_wrappper_utilization_synth.pb
INFO: [Common 17-206] Exiting Vivado at Tue Sep 19 10:10:27 2023...
