13:26:19 INFO  : Registering command handlers for SDK TCF services
13:26:19 INFO  : Launching XSCT server: xsct.bat -interactive D:\Drive_D\ELD2023\Lab9_HW_8pointfft\Lab9_HW_8pointfft.sdk\temp_xsdb_launch_script.tcl
13:26:22 INFO  : XSCT server has started successfully.
13:26:22 INFO  : Successfully done setting XSCT server connection channel  
13:26:22 INFO  : Successfully done setting SDK workspace  
13:26:22 INFO  : Processing command line option -hwspec D:/Drive_D/ELD2023/Lab9_HW_8pointfft/Lab9_HW_8pointfft.sdk/design_1_wrapper.hdf.
13:27:22 ERROR : Failed to closesw "D:/Drive_D/ELD2023/Lab9_HW_8pointfft/Lab9_HW_8pointfft.sdk/8pointfft_bsp/system.mss"
Reason: Cannot close sw design 'D:/Drive_D/ELD2023/Lab9_HW_8pointfft/Lab9_HW_8pointfft.sdk/8pointfft_bsp/system.mss'.
Design is not opened in the current session.


13:28:02 INFO  : No changes in MSS file content so not generating sources.
14:19:48 ERROR : Failed to connect to hardware server on host '192.168.226.142' and port '65403'.
Reason: A connection attempt failed because the connected party did not properly respond after a period of time, or established connection failed because connected host has failed to respond
14:20:19 INFO  : Connected to target on host '192.168.226.142' and port '65403'.
14:31:30 INFO  : Connected through redirection to target on host '192.168.226.142' and port '59587'.
14:31:37 INFO  : Jtag cable 'Digilent Zed 210248722230' is selected.
14:31:37 INFO  : 'jtag frequency' command is executed.
14:31:37 INFO  : Sourcing of 'D:/Drive_D/ELD2023/Lab9_HW_8pointfft/Lab9_HW_8pointfft.sdk/design_1_wrapper_hw_platform_0/ps7_init.tcl' is done.
14:31:43 INFO  : Context for 'APU' is selected.
14:31:44 INFO  : System reset is completed.
14:31:47 INFO  : 'after 3000' command is executed.
14:31:54 INFO  : Context for 'APU' is selected.
14:31:54 INFO  : Hardware design information is loaded from 'D:/Drive_D/ELD2023/Lab9_HW_8pointfft/Lab9_HW_8pointfft.sdk/design_1_wrapper_hw_platform_0/system.hdf'.
14:31:54 INFO  : 'configparams force-mem-access 1' command is executed.
14:31:58 INFO  : Context for 'APU' is selected.
14:32:21 INFO  : 'ps7_init' command is executed.
14:32:21 INFO  : 'ps7_post_config' command is executed.
14:32:21 INFO  : Context for processor 'ps7_cortexa9_0' is selected.
14:32:21 INFO  : The application 'D:/Drive_D/ELD2023/Lab9_HW_8pointfft/Lab9_HW_8pointfft.sdk/8pointfft/Debug/8pointfft.elf' is downloaded to processor 'ps7_cortexa9_0'.
14:32:21 INFO  : 'configparams force-mem-access 0' command is executed.
14:32:21 INFO  : ----------------XSDB Script----------------
connect -path [list tcp::1534 tcp:192.168.226.142:59587]
source D:/Drive_D/ELD2023/Lab9_HW_8pointfft/Lab9_HW_8pointfft.sdk/design_1_wrapper_hw_platform_0/ps7_init.tcl
targets -set -nocase -filter {name =~"APU*" && jtag_cable_name =~ "Digilent Zed 210248722230"} -index 0
rst -system
after 3000
targets -set -nocase -filter {name =~"APU*" && jtag_cable_name =~ "Digilent Zed 210248722230"} -index 0
loadhw -hw D:/Drive_D/ELD2023/Lab9_HW_8pointfft/Lab9_HW_8pointfft.sdk/design_1_wrapper_hw_platform_0/system.hdf -mem-ranges [list {0x40000000 0xbfffffff}]
configparams force-mem-access 1
targets -set -nocase -filter {name =~"APU*" && jtag_cable_name =~ "Digilent Zed 210248722230"} -index 0
ps7_init
ps7_post_config
targets -set -nocase -filter {name =~ "ARM*#0" && jtag_cable_name =~ "Digilent Zed 210248722230"} -index 0
dow D:/Drive_D/ELD2023/Lab9_HW_8pointfft/Lab9_HW_8pointfft.sdk/8pointfft/Debug/8pointfft.elf
configparams force-mem-access 0
----------------End of Script----------------

14:32:22 INFO  : Launch script is exported to file 'D:\Drive_D\ELD2023\Lab9_HW_8pointfft\Lab9_HW_8pointfft.sdk\.sdk\launch_scripts\xilinx_c-c++_application_(system_debugger)\system_debugger_using_debug_8pointfft.elf_on_zed.tcl'
14:40:13 INFO  : Disconnected from the channel tcfchan#2.
14:40:14 INFO  : Connected through redirection to target on host '192.168.226.142' and port '59587'.
14:40:14 INFO  : Jtag cable 'Digilent Zed 210248722230' is selected.
14:40:14 INFO  : 'jtag frequency' command is executed.
14:40:14 INFO  : Sourcing of 'D:/Drive_D/ELD2023/Lab9_HW_8pointfft/Lab9_HW_8pointfft.sdk/design_1_wrapper_hw_platform_0/ps7_init.tcl' is done.
14:40:15 INFO  : Context for 'APU' is selected.
14:40:16 INFO  : System reset is completed.
14:40:19 INFO  : 'after 3000' command is executed.
14:40:19 INFO  : Context for 'APU' is selected.
14:40:23 INFO  : Hardware design information is loaded from 'D:/Drive_D/ELD2023/Lab9_HW_8pointfft/Lab9_HW_8pointfft.sdk/design_1_wrapper_hw_platform_0/system.hdf'.
14:40:23 INFO  : 'configparams force-mem-access 1' command is executed.
14:40:23 INFO  : Context for 'APU' is selected.
14:40:32 INFO  : 'ps7_init' command is executed.
14:40:32 INFO  : 'ps7_post_config' command is executed.
14:40:32 INFO  : Context for processor 'ps7_cortexa9_0' is selected.
14:40:32 INFO  : The application 'D:/Drive_D/ELD2023/Lab9_HW_8pointfft/Lab9_HW_8pointfft.sdk/8pointfft/Debug/8pointfft.elf' is downloaded to processor 'ps7_cortexa9_0'.
14:40:32 INFO  : 'configparams force-mem-access 0' command is executed.
14:40:32 INFO  : ----------------XSDB Script----------------
connect -path [list tcp::1534 tcp:192.168.226.142:59587]
source D:/Drive_D/ELD2023/Lab9_HW_8pointfft/Lab9_HW_8pointfft.sdk/design_1_wrapper_hw_platform_0/ps7_init.tcl
targets -set -nocase -filter {name =~"APU*" && jtag_cable_name =~ "Digilent Zed 210248722230"} -index 0
rst -system
after 3000
targets -set -nocase -filter {name =~"APU*" && jtag_cable_name =~ "Digilent Zed 210248722230"} -index 0
loadhw -hw D:/Drive_D/ELD2023/Lab9_HW_8pointfft/Lab9_HW_8pointfft.sdk/design_1_wrapper_hw_platform_0/system.hdf -mem-ranges [list {0x40000000 0xbfffffff}]
configparams force-mem-access 1
targets -set -nocase -filter {name =~"APU*" && jtag_cable_name =~ "Digilent Zed 210248722230"} -index 0
ps7_init
ps7_post_config
targets -set -nocase -filter {name =~ "ARM*#0" && jtag_cable_name =~ "Digilent Zed 210248722230"} -index 0
dow D:/Drive_D/ELD2023/Lab9_HW_8pointfft/Lab9_HW_8pointfft.sdk/8pointfft/Debug/8pointfft.elf
configparams force-mem-access 0
----------------End of Script----------------

14:40:33 INFO  : Launch script is exported to file 'D:\Drive_D\ELD2023\Lab9_HW_8pointfft\Lab9_HW_8pointfft.sdk\.sdk\launch_scripts\xilinx_c-c++_application_(system_debugger)\system_debugger_using_debug_8pointfft.elf_on_zed.tcl'
14:41:39 INFO  : Disconnected from the channel tcfchan#3.
22:49:55 INFO  : Launching XSCT server: xsct.bat -interactive D:\Drive_D\ELD2023\Lab9_HW_8pointfft\Lab9_HW_8pointfft.sdk\temp_xsdb_launch_script.tcl
22:49:56 INFO  : Registering command handlers for SDK TCF services
22:49:58 INFO  : XSCT server has started successfully.
22:49:58 INFO  : Successfully done setting XSCT server connection channel  
22:49:58 INFO  : Successfully done setting SDK workspace  
22:49:58 INFO  : Processing command line option -hwspec D:/Drive_D/ELD2023/Lab9_HW_8pointfft/Lab9_HW_8pointfft.sdk/design_1_wrapper.hdf.
22:49:58 INFO  : Checking for hwspec changes in the project design_1_wrapper_hw_platform_0.
22:50:01 INFO  : SDK has detected change in the last modified timestamps for source hardware specification file Source:1699723182982,  Project:1699689368681
22:50:01 INFO  : The hardware specification for project 'design_1_wrapper_hw_platform_0' is different from D:/Drive_D/ELD2023/Lab9_HW_8pointfft/Lab9_HW_8pointfft.sdk/design_1_wrapper.hdf.
22:50:01 INFO  : Copied contents of D:/Drive_D/ELD2023/Lab9_HW_8pointfft/Lab9_HW_8pointfft.sdk/design_1_wrapper.hdf into \design_1_wrapper_hw_platform_0\system.hdf.
22:50:03 INFO  : Synchronizing projects in the workspace with the hardware platform specification changes.
22:50:05 INFO  : 
22:50:06 INFO  : Updating hardware inferred compiler options for 8pointfft.
22:50:06 INFO  : Clearing existing target manager status.
23:15:39 INFO  : Connected through redirection to target on host '192.168.226.142' and port '54901'.
23:15:43 INFO  : Jtag cable 'Digilent Zed 210248722230' is selected.
23:15:43 INFO  : 'jtag frequency' command is executed.
23:15:43 INFO  : Sourcing of 'D:/Drive_D/ELD2023/Lab9_HW_8pointfft/Lab9_HW_8pointfft.sdk/design_1_wrapper_hw_platform_0/ps7_init.tcl' is done.
23:15:45 INFO  : Context for 'APU' is selected.
23:15:46 INFO  : System reset is completed.
23:15:49 INFO  : 'after 3000' command is executed.
23:15:53 INFO  : Context for 'APU' is selected.
23:15:53 INFO  : Hardware design information is loaded from 'D:/Drive_D/ELD2023/Lab9_HW_8pointfft/Lab9_HW_8pointfft.sdk/design_1_wrapper_hw_platform_0/system.hdf'.
23:15:53 INFO  : 'configparams force-mem-access 1' command is executed.
23:15:56 INFO  : Context for 'APU' is selected.
23:16:08 INFO  : 'ps7_init' command is executed.
23:16:08 INFO  : 'ps7_post_config' command is executed.
23:16:10 INFO  : Context for processor 'ps7_cortexa9_0' is selected.
23:16:11 INFO  : The application 'D:/Drive_D/ELD2023/Lab9_HW_8pointfft/Lab9_HW_8pointfft.sdk/8pointfft/Debug/8pointfft.elf' is downloaded to processor 'ps7_cortexa9_0'.
23:16:11 INFO  : 'configparams force-mem-access 0' command is executed.
23:16:11 INFO  : ----------------XSDB Script----------------
connect -path [list tcp::1534 tcp:192.168.226.142:54901]
source D:/Drive_D/ELD2023/Lab9_HW_8pointfft/Lab9_HW_8pointfft.sdk/design_1_wrapper_hw_platform_0/ps7_init.tcl
targets -set -nocase -filter {name =~"APU*" && jtag_cable_name =~ "Digilent Zed 210248722230"} -index 0
rst -system
after 3000
targets -set -nocase -filter {name =~"APU*" && jtag_cable_name =~ "Digilent Zed 210248722230"} -index 0
loadhw -hw D:/Drive_D/ELD2023/Lab9_HW_8pointfft/Lab9_HW_8pointfft.sdk/design_1_wrapper_hw_platform_0/system.hdf -mem-ranges [list {0x40000000 0xbfffffff}]
configparams force-mem-access 1
targets -set -nocase -filter {name =~"APU*" && jtag_cable_name =~ "Digilent Zed 210248722230"} -index 0
ps7_init
ps7_post_config
targets -set -nocase -filter {name =~ "ARM*#0" && jtag_cable_name =~ "Digilent Zed 210248722230"} -index 0
dow D:/Drive_D/ELD2023/Lab9_HW_8pointfft/Lab9_HW_8pointfft.sdk/8pointfft/Debug/8pointfft.elf
configparams force-mem-access 0
----------------End of Script----------------

23:16:11 INFO  : Launch script is exported to file 'D:\Drive_D\ELD2023\Lab9_HW_8pointfft\Lab9_HW_8pointfft.sdk\.sdk\launch_scripts\xilinx_c-c++_application_(system_debugger)\system_debugger_using_debug_8pointfft.elf_on_zed.tcl'
23:20:09 INFO  : Disconnected from the channel tcfchan#1.
23:22:08 INFO  : Registering command handlers for SDK TCF services
23:22:08 INFO  : Launching XSCT server: xsct.bat -interactive D:\Drive_D\ELD2023\Lab9_HW_8pointfft\Lab9_HW_8pointfft.sdk\temp_xsdb_launch_script.tcl
23:22:09 INFO  : XSCT server has started successfully.
23:22:09 INFO  : Successfully done setting XSCT server connection channel  
23:22:09 INFO  : Successfully done setting SDK workspace  
23:22:09 INFO  : Processing command line option -hwspec D:/Drive_D/ELD2023/Lab9_HW_8pointfft/Lab9_HW_8pointfft.sdk/design_1_wrapper.hdf.
23:22:09 INFO  : Checking for hwspec changes in the project design_1_wrapper_hw_platform_0.
23:22:11 INFO  : SDK has detected change in the last modified timestamps for source hardware specification file Source:1699725119017,  Project:1699723182982
23:22:11 INFO  : The hardware specification for project 'design_1_wrapper_hw_platform_0' is different from D:/Drive_D/ELD2023/Lab9_HW_8pointfft/Lab9_HW_8pointfft.sdk/design_1_wrapper.hdf.
23:22:11 INFO  : Copied contents of D:/Drive_D/ELD2023/Lab9_HW_8pointfft/Lab9_HW_8pointfft.sdk/design_1_wrapper.hdf into \design_1_wrapper_hw_platform_0\system.hdf.
23:22:34 INFO  : Synchronizing projects in the workspace with the hardware platform specification changes.
23:22:35 INFO  : 
23:22:36 INFO  : Updating hardware inferred compiler options for 8pointfft.
23:22:36 INFO  : Clearing existing target manager status.
