10:01:56 INFO  : Registering command handlers for SDK TCF services
10:01:56 INFO  : Launching XSCT server: xsct.bat -interactive D:\Drive_D\ELD2023\Lab10\Lab10.sdk\temp_xsdb_launch_script.tcl
10:01:58 INFO  : XSCT server has started successfully.
10:01:58 INFO  : Successfully done setting XSCT server connection channel  
10:01:59 INFO  : Successfully done setting SDK workspace  
10:01:59 INFO  : Processing command line option -hwspec D:/Drive_D/ELD2023/Lab10/Lab10.sdk/design_1_wrapper.hdf.
16:44:27 INFO  : Launching XSCT server: xsct.bat -interactive D:\Drive_D\ELD2023\Lab10\Lab10.sdk\temp_xsdb_launch_script.tcl
16:44:30 INFO  : XSCT server has started successfully.
16:44:32 INFO  : Successfully done setting XSCT server connection channel  
16:44:32 INFO  : Successfully done setting SDK workspace  
16:44:33 INFO  : Registering command handlers for SDK TCF services
16:44:33 INFO  : Processing command line option -hwspec D:/Drive_D/ELD2023/Lab10/Lab10.sdk/design_1_wrapper.hdf.
16:44:34 INFO  : Checking for hwspec changes in the project design_1_wrapper_hw_platform_0.
16:44:34 INFO  : SDK has detected change in the last modified timestamps for source hardware specification file Source:1699960401138,  Project:1699935983237
16:44:34 INFO  : The hardware specification for project 'design_1_wrapper_hw_platform_0' is different from D:/Drive_D/ELD2023/Lab10/Lab10.sdk/design_1_wrapper.hdf.
16:44:34 INFO  : Copied contents of D:/Drive_D/ELD2023/Lab10/Lab10.sdk/design_1_wrapper.hdf into \design_1_wrapper_hw_platform_0\system.hdf.
16:44:35 INFO  : Synchronizing projects in the workspace with the hardware platform specification changes.
16:44:35 INFO  : Clearing existing target manager status.
16:44:35 INFO  : Workspace synchronized with the new hardware specification file. Cleaning dependent projects...
16:44:35 WARN  : Linker script will not be updated automatically. Users need to update it manually.
17:00:56 ERROR : Failed to connect to hardware server on host '192.168.226.142' and port '62027'.
Reason: A connection attempt failed because the connected party did not properly respond after a period of time, or established connection failed because connected host has failed to respond
17:01:38 INFO  : Connected to target on host '192.168.226.142' and port '62027'.
17:02:15 INFO  : Refreshed build settings on project Lab10fft
17:03:26 INFO  : Connected through redirection to target on host '192.168.226.142' and port '62027'.
17:03:27 INFO  : Jtag cable 'Digilent Zed 210248722230' is selected.
17:03:27 INFO  : 'jtag frequency' command is executed.
17:03:27 INFO  : Sourcing of 'D:/Drive_D/ELD2023/Lab10/Lab10.sdk/design_1_wrapper_hw_platform_0/ps7_init.tcl' is done.
17:03:27 INFO  : Context for 'APU' is selected.
17:03:27 INFO  : System reset is completed.
17:03:30 INFO  : 'after 3000' command is executed.
17:03:31 INFO  : 'targets -set -filter {jtag_cable_name =~ "Digilent Zed 210248722230" && level==0} -index 1' command is executed.
17:03:33 INFO  : FPGA configured successfully with bitstream "D:/Drive_D/ELD2023/Lab10/Lab10.sdk/design_1_wrapper_hw_platform_0/design_1_wrapper.bit"
17:03:33 INFO  : Context for 'APU' is selected.
17:03:33 INFO  : Hardware design information is loaded from 'D:/Drive_D/ELD2023/Lab10/Lab10.sdk/design_1_wrapper_hw_platform_0/system.hdf'.
17:03:33 INFO  : 'configparams force-mem-access 1' command is executed.
17:03:33 INFO  : Context for 'APU' is selected.
17:03:40 INFO  : 'ps7_init' command is executed.
17:03:40 INFO  : 'ps7_post_config' command is executed.
17:03:40 INFO  : Context for processor 'ps7_cortexa9_0' is selected.
17:03:40 INFO  : The application 'D:/Drive_D/ELD2023/Lab10/Lab10.sdk/Lab10fft/Debug/Lab10fft.elf' is downloaded to processor 'ps7_cortexa9_0'.
17:03:40 INFO  : 'configparams force-mem-access 0' command is executed.
17:03:40 INFO  : ----------------XSDB Script----------------
connect -path [list tcp::1534 tcp:192.168.226.142:62027]
source D:/Drive_D/ELD2023/Lab10/Lab10.sdk/design_1_wrapper_hw_platform_0/ps7_init.tcl
targets -set -nocase -filter {name =~"APU*" && jtag_cable_name =~ "Digilent Zed 210248722230"} -index 0
rst -system
after 3000
targets -set -filter {jtag_cable_name =~ "Digilent Zed 210248722230" && level==0} -index 1
fpga -file D:/Drive_D/ELD2023/Lab10/Lab10.sdk/design_1_wrapper_hw_platform_0/design_1_wrapper.bit
targets -set -nocase -filter {name =~"APU*" && jtag_cable_name =~ "Digilent Zed 210248722230"} -index 0
loadhw -hw D:/Drive_D/ELD2023/Lab10/Lab10.sdk/design_1_wrapper_hw_platform_0/system.hdf -mem-ranges [list {0x40000000 0xbfffffff}]
configparams force-mem-access 1
targets -set -nocase -filter {name =~"APU*" && jtag_cable_name =~ "Digilent Zed 210248722230"} -index 0
ps7_init
ps7_post_config
targets -set -nocase -filter {name =~ "ARM*#0" && jtag_cable_name =~ "Digilent Zed 210248722230"} -index 0
dow D:/Drive_D/ELD2023/Lab10/Lab10.sdk/Lab10fft/Debug/Lab10fft.elf
configparams force-mem-access 0
----------------End of Script----------------

17:03:40 INFO  : Memory regions updated for context APU
17:03:41 INFO  : Launch script is exported to file 'D:\Drive_D\ELD2023\Lab10\Lab10.sdk\.sdk\launch_scripts\xilinx_c-c++_application_(system_debugger)\system_debugger_using_debug_lab10fft.elf_on_zed.tcl'
17:05:14 INFO  : Disconnected from the channel tcfchan#2.
15:12:09 INFO  : Launching XSCT server: xsct.bat -interactive D:\Drive_D\ELD2023\Lab10\Lab10.sdk\temp_xsdb_launch_script.tcl
15:12:09 INFO  : Registering command handlers for SDK TCF services
15:12:11 INFO  : XSCT server has started successfully.
15:12:12 INFO  : Successfully done setting XSCT server connection channel  
15:12:12 INFO  : Successfully done setting SDK workspace  
15:12:12 INFO  : Processing command line option -hwspec D:/Drive_D/ELD2023/Lab10/Lab10.sdk/design_1_wrapper.hdf.
15:12:12 INFO  : Checking for hwspec changes in the project design_1_wrapper_hw_platform_0.
