20:43:36 INFO  : Registering command handlers for SDK TCF services
20:43:37 INFO  : Launching XSCT server: xsct.bat -interactive D:\Drive_D\ELD2023\Endsem2021\Endsem2021.sdk\temp_xsdb_launch_script.tcl
20:43:38 INFO  : XSCT server has started successfully.
20:43:38 INFO  : Successfully done setting XSCT server connection channel  
20:43:38 INFO  : Successfully done setting SDK workspace  
20:43:38 INFO  : Processing command line option -hwspec D:/Drive_D/ELD2023/Endsem2021/Endsem2021.sdk/design_1_wrapper.hdf.
21:25:19 INFO  : Connected to target on host '192.168.226.142' and port '57728'.
21:25:53 INFO  : Connected through redirection to target on host '192.168.226.142' and port '57728'.
21:25:54 INFO  : Jtag cable 'Digilent Zybo Z7 210351A78191A' is selected.
21:25:54 INFO  : 'jtag frequency' command is executed.
21:25:54 INFO  : Sourcing of 'D:/Drive_D/ELD2023/Endsem2021/Endsem2021.sdk/design_1_wrapper_hw_platform_0/ps7_init.tcl' is done.
21:25:57 ERROR : no targets found with "name =~"APU*" && jtag_cable_name =~ "Digilent Zybo Z7 210351A78191A"". available targets:
  1  DAP (JTAG port open error. AP transaction error, DAP status 30000021)
  2  xc7z010
21:25:57 INFO  : ----------------XSDB Script----------------
connect -path [list tcp::1534 tcp:192.168.226.142:57728]
source D:/Drive_D/ELD2023/Endsem2021/Endsem2021.sdk/design_1_wrapper_hw_platform_0/ps7_init.tcl
targets -set -nocase -filter {name =~"APU*" && jtag_cable_name =~ "Digilent Zybo Z7 210351A78191A"} -index 0
----------------End of Script----------------

21:26:17 INFO  : Refreshed build settings on project endsem2021
21:28:14 INFO  : Connected through redirection to target on host '192.168.226.142' and port '57728'.
21:28:14 INFO  : Jtag cable 'Digilent Zybo Z7 210351A78191A' is selected.
21:28:14 INFO  : 'jtag frequency' command is executed.
21:28:14 INFO  : Sourcing of 'D:/Drive_D/ELD2023/Endsem2021/Endsem2021.sdk/design_1_wrapper_hw_platform_0/ps7_init.tcl' is done.
21:28:17 ERROR : no targets found with "name =~"APU*" && jtag_cable_name =~ "Digilent Zybo Z7 210351A78191A"". available targets:
  1  DAP (JTAG port open error. AP transaction error, DAP status 30000021)
  2  xc7z010
21:28:17 INFO  : ----------------XSDB Script----------------
connect -path [list tcp::1534 tcp:192.168.226.142:57728]
source D:/Drive_D/ELD2023/Endsem2021/Endsem2021.sdk/design_1_wrapper_hw_platform_0/ps7_init.tcl
targets -set -nocase -filter {name =~"APU*" && jtag_cable_name =~ "Digilent Zybo Z7 210351A78191A"} -index 0
----------------End of Script----------------

21:30:30 INFO  : Connected to target on host '192.168.226.142' and port '49578'.
21:30:55 INFO  : Connected through redirection to target on host '192.168.226.142' and port '49578'.
21:30:55 INFO  : Jtag cable 'Digilent Zybo Z7 210351A78190A' is selected.
21:30:55 INFO  : 'jtag frequency' command is executed.
21:30:55 INFO  : Sourcing of 'D:/Drive_D/ELD2023/Endsem2021/Endsem2021.sdk/design_1_wrapper_hw_platform_0/ps7_init.tcl' is done.
21:31:01 INFO  : Context for 'APU' is selected.
21:31:02 INFO  : System reset is completed.
21:31:05 INFO  : 'after 3000' command is executed.
21:31:05 INFO  : 'targets -set -filter {jtag_cable_name =~ "Digilent Zybo Z7 210351A78190A" && level==0} -index 1' command is executed.
21:31:07 INFO  : FPGA configured successfully with bitstream "D:/Drive_D/ELD2023/Endsem2021/Endsem2021.sdk/design_1_wrapper_hw_platform_0/design_1_wrapper.bit"
21:31:07 INFO  : Context for 'APU' is selected.
21:31:07 INFO  : Hardware design information is loaded from 'D:/Drive_D/ELD2023/Endsem2021/Endsem2021.sdk/design_1_wrapper_hw_platform_0/system.hdf'.
21:31:07 INFO  : 'configparams force-mem-access 1' command is executed.
21:31:07 INFO  : Context for 'APU' is selected.
21:31:18 INFO  : 'ps7_init' command is executed.
21:31:18 INFO  : 'ps7_post_config' command is executed.
21:31:18 INFO  : Context for processor 'ps7_cortexa9_0' is selected.
21:31:19 INFO  : The application 'D:/Drive_D/ELD2023/Endsem2021/Endsem2021.sdk/endsem2021/Debug/endsem2021.elf' is downloaded to processor 'ps7_cortexa9_0'.
21:31:19 INFO  : 'configparams force-mem-access 0' command is executed.
21:31:19 INFO  : ----------------XSDB Script----------------
connect -path [list tcp::1534 tcp:192.168.226.142:49578]
source D:/Drive_D/ELD2023/Endsem2021/Endsem2021.sdk/design_1_wrapper_hw_platform_0/ps7_init.tcl
targets -set -nocase -filter {name =~"APU*" && jtag_cable_name =~ "Digilent Zybo Z7 210351A78190A"} -index 0
rst -system
after 3000
targets -set -filter {jtag_cable_name =~ "Digilent Zybo Z7 210351A78190A" && level==0} -index 1
fpga -file D:/Drive_D/ELD2023/Endsem2021/Endsem2021.sdk/design_1_wrapper_hw_platform_0/design_1_wrapper.bit
targets -set -nocase -filter {name =~"APU*" && jtag_cable_name =~ "Digilent Zybo Z7 210351A78190A"} -index 0
loadhw -hw D:/Drive_D/ELD2023/Endsem2021/Endsem2021.sdk/design_1_wrapper_hw_platform_0/system.hdf -mem-ranges [list {0x40000000 0xbfffffff}]
configparams force-mem-access 1
targets -set -nocase -filter {name =~"APU*" && jtag_cable_name =~ "Digilent Zybo Z7 210351A78190A"} -index 0
ps7_init
ps7_post_config
targets -set -nocase -filter {name =~ "ARM*#0" && jtag_cable_name =~ "Digilent Zybo Z7 210351A78190A"} -index 0
dow D:/Drive_D/ELD2023/Endsem2021/Endsem2021.sdk/endsem2021/Debug/endsem2021.elf
configparams force-mem-access 0
----------------End of Script----------------

21:31:20 INFO  : Memory regions updated for context APU
21:31:20 INFO  : Launch script is exported to file 'D:\Drive_D\ELD2023\Endsem2021\Endsem2021.sdk\.sdk\launch_scripts\xilinx_c-c++_application_(system_debugger)\system_debugger_using_debug_endsem2021.elf_on_locallllllll.tcl'
21:32:44 INFO  : Disconnected from the channel tcfchan#4.
21:32:45 INFO  : Connected through redirection to target on host '192.168.226.142' and port '49578'.
21:32:45 INFO  : Jtag cable 'Digilent Zybo Z7 210351A78190A' is selected.
21:32:45 INFO  : 'jtag frequency' command is executed.
21:32:45 INFO  : Sourcing of 'D:/Drive_D/ELD2023/Endsem2021/Endsem2021.sdk/design_1_wrapper_hw_platform_0/ps7_init.tcl' is done.
21:32:45 INFO  : Context for 'APU' is selected.
21:32:46 INFO  : System reset is completed.
21:32:49 INFO  : 'after 3000' command is executed.
21:32:49 INFO  : 'targets -set -filter {jtag_cable_name =~ "Digilent Zybo Z7 210351A78190A" && level==0} -index 1' command is executed.
21:32:52 INFO  : FPGA configured successfully with bitstream "D:/Drive_D/ELD2023/Endsem2021/Endsem2021.sdk/design_1_wrapper_hw_platform_0/design_1_wrapper.bit"
21:32:52 INFO  : Context for 'APU' is selected.
21:32:53 INFO  : Hardware design information is loaded from 'D:/Drive_D/ELD2023/Endsem2021/Endsem2021.sdk/design_1_wrapper_hw_platform_0/system.hdf'.
21:32:53 INFO  : 'configparams force-mem-access 1' command is executed.
21:32:54 INFO  : Context for 'APU' is selected.
21:33:04 INFO  : 'ps7_init' command is executed.
21:33:04 INFO  : 'ps7_post_config' command is executed.
21:33:04 INFO  : Context for processor 'ps7_cortexa9_0' is selected.
21:33:05 INFO  : The application 'D:/Drive_D/ELD2023/Endsem2021/Endsem2021.sdk/endsem2021/Debug/endsem2021.elf' is downloaded to processor 'ps7_cortexa9_0'.
21:33:05 INFO  : 'configparams force-mem-access 0' command is executed.
21:33:05 INFO  : ----------------XSDB Script----------------
connect -path [list tcp::1534 tcp:192.168.226.142:49578]
source D:/Drive_D/ELD2023/Endsem2021/Endsem2021.sdk/design_1_wrapper_hw_platform_0/ps7_init.tcl
targets -set -nocase -filter {name =~"APU*" && jtag_cable_name =~ "Digilent Zybo Z7 210351A78190A"} -index 0
rst -system
after 3000
targets -set -filter {jtag_cable_name =~ "Digilent Zybo Z7 210351A78190A" && level==0} -index 1
fpga -file D:/Drive_D/ELD2023/Endsem2021/Endsem2021.sdk/design_1_wrapper_hw_platform_0/design_1_wrapper.bit
targets -set -nocase -filter {name =~"APU*" && jtag_cable_name =~ "Digilent Zybo Z7 210351A78190A"} -index 0
loadhw -hw D:/Drive_D/ELD2023/Endsem2021/Endsem2021.sdk/design_1_wrapper_hw_platform_0/system.hdf -mem-ranges [list {0x40000000 0xbfffffff}]
configparams force-mem-access 1
targets -set -nocase -filter {name =~"APU*" && jtag_cable_name =~ "Digilent Zybo Z7 210351A78190A"} -index 0
ps7_init
ps7_post_config
targets -set -nocase -filter {name =~ "ARM*#0" && jtag_cable_name =~ "Digilent Zybo Z7 210351A78190A"} -index 0
dow D:/Drive_D/ELD2023/Endsem2021/Endsem2021.sdk/endsem2021/Debug/endsem2021.elf
configparams force-mem-access 0
----------------End of Script----------------

21:33:05 INFO  : Memory regions updated for context APU
21:33:05 INFO  : Launch script is exported to file 'D:\Drive_D\ELD2023\Endsem2021\Endsem2021.sdk\.sdk\launch_scripts\xilinx_c-c++_application_(system_debugger)\system_debugger_using_debug_endsem2021.elf_on_locallllllll.tcl'
21:37:12 INFO  : Disconnected from the channel tcfchan#5.
21:42:30 ERROR : (XSDB Server)Invalid target. Use "connect" command to connect to hw_server/TCF agent

21:54:28 INFO  : Connected through redirection to target on host '192.168.226.142' and port '61682'.
21:54:32 INFO  : Jtag cable 'Digilent Zybo Z7 210351A77B99A' is selected.
21:54:32 INFO  : 'jtag frequency' command is executed.
21:54:32 INFO  : Sourcing of 'D:/Drive_D/ELD2023/Endsem2021/Endsem2021.sdk/design_1_wrapper_hw_platform_0/ps7_init.tcl' is done.
21:54:40 ERROR : no targets found with "name =~"APU*" && jtag_cable_name =~ "Digilent Zybo Z7 210351A77B99A"". available targets:
  1  DAP (JTAG port open error. AP transaction error, DAP status 30000021)
  2  xc7z010
     3  Legacy Debug Hub
21:54:40 INFO  : ----------------XSDB Script----------------
connect -path [list tcp::1534 tcp:192.168.226.142:61682]
source D:/Drive_D/ELD2023/Endsem2021/Endsem2021.sdk/design_1_wrapper_hw_platform_0/ps7_init.tcl
targets -set -nocase -filter {name =~"APU*" && jtag_cable_name =~ "Digilent Zybo Z7 210351A77B99A"} -index 0
----------------End of Script----------------

21:55:39 INFO  : Connected through redirection to target on host '192.168.226.142' and port '61682'.
21:55:39 INFO  : Jtag cable 'Digilent Zybo Z7 210351A77B99A' is selected.
21:55:39 INFO  : 'jtag frequency' command is executed.
21:55:39 INFO  : Sourcing of 'D:/Drive_D/ELD2023/Endsem2021/Endsem2021.sdk/design_1_wrapper_hw_platform_0/ps7_init.tcl' is done.
21:55:42 ERROR : no targets found with "name =~"APU*" && jtag_cable_name =~ "Digilent Zybo Z7 210351A77B99A"". available targets:
  1  DAP (JTAG port open error. AP transaction error, DAP status 30000021)
  2  xc7z010
     3  Legacy Debug Hub
21:55:42 INFO  : ----------------XSDB Script----------------
connect -path [list tcp::1534 tcp:192.168.226.142:61682]
source D:/Drive_D/ELD2023/Endsem2021/Endsem2021.sdk/design_1_wrapper_hw_platform_0/ps7_init.tcl
targets -set -nocase -filter {name =~"APU*" && jtag_cable_name =~ "Digilent Zybo Z7 210351A77B99A"} -index 0
----------------End of Script----------------

21:57:41 INFO  : Connected through redirection to target on host '192.168.226.142' and port '65524'.
21:57:47 INFO  : Jtag cable 'Digilent Zybo Z7 210351A78181A' is selected.
21:57:47 INFO  : 'jtag frequency' command is executed.
21:57:47 INFO  : Sourcing of 'D:/Drive_D/ELD2023/Endsem2021/Endsem2021.sdk/design_1_wrapper_hw_platform_0/ps7_init.tcl' is done.
21:57:47 INFO  : Context for 'APU' is selected.
21:57:47 INFO  : System reset is completed.
21:57:50 INFO  : 'after 3000' command is executed.
21:57:50 INFO  : 'targets -set -filter {jtag_cable_name =~ "Digilent Zybo Z7 210351A78181A" && level==0} -index 1' command is executed.
21:57:52 INFO  : FPGA configured successfully with bitstream "D:/Drive_D/ELD2023/Endsem2021/Endsem2021.sdk/design_1_wrapper_hw_platform_0/design_1_wrapper.bit"
21:57:52 INFO  : Context for 'APU' is selected.
21:57:52 INFO  : Hardware design information is loaded from 'D:/Drive_D/ELD2023/Endsem2021/Endsem2021.sdk/design_1_wrapper_hw_platform_0/system.hdf'.
21:57:52 INFO  : 'configparams force-mem-access 1' command is executed.
21:57:53 INFO  : Context for 'APU' is selected.
21:58:22 INFO  : 'ps7_init' command is executed.
21:58:22 ERROR : (XSDB Server)Target doesn't support Jtag Uart

21:58:23 INFO  : 'ps7_post_config' command is executed.
21:58:23 INFO  : Context for processor 'ps7_cortexa9_0' is selected.
21:58:23 INFO  : The application 'D:/Drive_D/ELD2023/Endsem2021/Endsem2021.sdk/endsem2021/Debug/endsem2021.elf' is downloaded to processor 'ps7_cortexa9_0'.
21:58:24 INFO  : 'configparams force-mem-access 0' command is executed.
21:58:24 INFO  : ----------------XSDB Script----------------
connect -path [list tcp::1534 tcp:192.168.226.142:65524]
source D:/Drive_D/ELD2023/Endsem2021/Endsem2021.sdk/design_1_wrapper_hw_platform_0/ps7_init.tcl
targets -set -nocase -filter {name =~"APU*" && jtag_cable_name =~ "Digilent Zybo Z7 210351A78181A"} -index 0
rst -system
after 3000
targets -set -filter {jtag_cable_name =~ "Digilent Zybo Z7 210351A78181A" && level==0} -index 1
fpga -file D:/Drive_D/ELD2023/Endsem2021/Endsem2021.sdk/design_1_wrapper_hw_platform_0/design_1_wrapper.bit
targets -set -nocase -filter {name =~"APU*" && jtag_cable_name =~ "Digilent Zybo Z7 210351A78181A"} -index 0
loadhw -hw D:/Drive_D/ELD2023/Endsem2021/Endsem2021.sdk/design_1_wrapper_hw_platform_0/system.hdf -mem-ranges [list {0x40000000 0xbfffffff}]
configparams force-mem-access 1
targets -set -nocase -filter {name =~"APU*" && jtag_cable_name =~ "Digilent Zybo Z7 210351A78181A"} -index 0
ps7_init
ps7_post_config
targets -set -nocase -filter {name =~ "ARM*#0" && jtag_cable_name =~ "Digilent Zybo Z7 210351A78181A"} -index 0
dow D:/Drive_D/ELD2023/Endsem2021/Endsem2021.sdk/endsem2021/Debug/endsem2021.elf
configparams force-mem-access 0
----------------End of Script----------------

21:58:24 INFO  : Memory regions updated for context APU
21:58:24 INFO  : Launch script is exported to file 'D:\Drive_D\ELD2023\Endsem2021\Endsem2021.sdk\.sdk\launch_scripts\xilinx_c-c++_application_(system_debugger)\system_debugger_using_debug_endsem2021.elf_on_locallllllll.tcl'
22:00:01 ERROR : (XSDB Server)Invalid context

22:00:02 WARN  : channel "tcfchan#7" closed
22:00:06 ERROR : (XSDB Server)Invalid target. Use "connect" command to connect to hw_server/TCF agent

22:02:01 INFO  : Connected through redirection to target on host '192.168.226.142' and port '57647'.
22:02:20 INFO  : Jtag cable 'Digilent Zybo Z7 210351A78181A' is selected.
22:02:20 INFO  : 'jtag frequency' command is executed.
22:02:20 INFO  : Sourcing of 'D:/Drive_D/ELD2023/Endsem2021/Endsem2021.sdk/design_1_wrapper_hw_platform_0/ps7_init.tcl' is done.
22:02:20 INFO  : Context for 'APU' is selected.
22:02:21 INFO  : System reset is completed.
22:02:24 INFO  : 'after 3000' command is executed.
22:02:24 INFO  : 'targets -set -filter {jtag_cable_name =~ "Digilent Zybo Z7 210351A78181A" && level==0} -index 1' command is executed.
22:02:25 INFO  : FPGA configured successfully with bitstream "D:/Drive_D/ELD2023/Endsem2021/Endsem2021.sdk/design_1_wrapper_hw_platform_0/design_1_wrapper.bit"
22:02:25 INFO  : Context for 'APU' is selected.
22:02:25 INFO  : Hardware design information is loaded from 'D:/Drive_D/ELD2023/Endsem2021/Endsem2021.sdk/design_1_wrapper_hw_platform_0/system.hdf'.
22:02:25 INFO  : 'configparams force-mem-access 1' command is executed.
22:02:25 INFO  : Context for 'APU' is selected.
22:02:29 INFO  : 'ps7_init' command is executed.
22:02:29 INFO  : 'ps7_post_config' command is executed.
22:02:29 INFO  : Context for processor 'ps7_cortexa9_0' is selected.
22:02:29 INFO  : The application 'D:/Drive_D/ELD2023/Endsem2021/Endsem2021.sdk/endsem2021/Debug/endsem2021.elf' is downloaded to processor 'ps7_cortexa9_0'.
22:02:29 INFO  : 'configparams force-mem-access 0' command is executed.
22:02:29 INFO  : ----------------XSDB Script----------------
connect -path [list tcp::1534 tcp:192.168.226.142:57647]
source D:/Drive_D/ELD2023/Endsem2021/Endsem2021.sdk/design_1_wrapper_hw_platform_0/ps7_init.tcl
targets -set -nocase -filter {name =~"APU*" && jtag_cable_name =~ "Digilent Zybo Z7 210351A78181A"} -index 0
rst -system
after 3000
targets -set -filter {jtag_cable_name =~ "Digilent Zybo Z7 210351A78181A" && level==0} -index 1
fpga -file D:/Drive_D/ELD2023/Endsem2021/Endsem2021.sdk/design_1_wrapper_hw_platform_0/design_1_wrapper.bit
targets -set -nocase -filter {name =~"APU*" && jtag_cable_name =~ "Digilent Zybo Z7 210351A78181A"} -index 0
loadhw -hw D:/Drive_D/ELD2023/Endsem2021/Endsem2021.sdk/design_1_wrapper_hw_platform_0/system.hdf -mem-ranges [list {0x40000000 0xbfffffff}]
configparams force-mem-access 1
targets -set -nocase -filter {name =~"APU*" && jtag_cable_name =~ "Digilent Zybo Z7 210351A78181A"} -index 0
ps7_init
ps7_post_config
targets -set -nocase -filter {name =~ "ARM*#0" && jtag_cable_name =~ "Digilent Zybo Z7 210351A78181A"} -index 0
dow D:/Drive_D/ELD2023/Endsem2021/Endsem2021.sdk/endsem2021/Debug/endsem2021.elf
configparams force-mem-access 0
----------------End of Script----------------

22:02:29 INFO  : Memory regions updated for context APU
22:02:29 INFO  : Launch script is exported to file 'D:\Drive_D\ELD2023\Endsem2021\Endsem2021.sdk\.sdk\launch_scripts\xilinx_c-c++_application_(system_debugger)\system_debugger_using_debug_endsem2021.elf_on_locallllllll.tcl'
22:15:07 WARN  : channel "tcfchan#8" closed
22:19:32 INFO  : SDK has detected change in the last modified timestamps for source hardware specification file Source:1701449313333,  Project:1701443573683
22:19:32 INFO  : Project design_1_wrapper_hw_platform_0's source hardware specification located at D:/Drive_D/ELD2023/Endsem2021/Endsem2021.sdk/design_1_wrapper.hdf is now different from the local copy.
		 The local copy will be replaced with the source specification and your workspace will be updated.
22:20:02 INFO  : Project design_1_wrapper_hw_platform_0's source hardware specification location will not be monitored anymore.
22:20:30 INFO  : Registering command handlers for SDK TCF services
22:20:30 INFO  : Launching XSCT server: xsct.bat -interactive D:\Drive_D\ELD2023\Endsem2021\Endsem2021.sdk\temp_xsdb_launch_script.tcl
22:20:32 INFO  : XSCT server has started successfully.
22:20:32 INFO  : Successfully done setting XSCT server connection channel  
22:20:32 INFO  : Successfully done setting SDK workspace  
22:20:32 INFO  : Processing command line option -hwspec D:/Drive_D/ELD2023/Endsem2021/Endsem2021.sdk/design_1_wrapper.hdf.
22:22:24 INFO  : Connected through redirection to target on host '192.168.226.142' and port '60385'.
22:22:30 INFO  : Jtag cable 'Digilent Zybo Z7 210351A78181A' is selected.
22:22:30 INFO  : 'jtag frequency' command is executed.
22:22:30 INFO  : Sourcing of 'D:/Drive_D/ELD2023/Endsem2021/Endsem2021.sdk/design_1_wrapper_hw_platform_0/ps7_init.tcl' is done.
22:22:30 INFO  : Context for 'APU' is selected.
22:22:30 INFO  : System reset is completed.
22:22:33 INFO  : 'after 3000' command is executed.
22:22:33 INFO  : 'targets -set -filter {jtag_cable_name =~ "Digilent Zybo Z7 210351A78181A" && level==0} -index 1' command is executed.
22:22:35 INFO  : FPGA configured successfully with bitstream "D:/Drive_D/ELD2023/Endsem2021/Endsem2021.sdk/design_1_wrapper_hw_platform_0/design_1_wrapper.bit"
22:22:35 INFO  : Context for 'APU' is selected.
22:22:35 INFO  : Hardware design information is loaded from 'D:/Drive_D/ELD2023/Endsem2021/Endsem2021.sdk/design_1_wrapper_hw_platform_0/system.hdf'.
22:22:35 INFO  : 'configparams force-mem-access 1' command is executed.
22:22:35 INFO  : Context for 'APU' is selected.
22:22:39 INFO  : 'ps7_init' command is executed.
22:22:39 INFO  : 'ps7_post_config' command is executed.
22:22:39 INFO  : Context for processor 'ps7_cortexa9_0' is selected.
22:22:39 INFO  : The application 'D:/Drive_D/ELD2023/Endsem2021/Endsem2021.sdk/endsem2021/Debug/endsem2021.elf' is downloaded to processor 'ps7_cortexa9_0'.
22:22:39 INFO  : 'configparams force-mem-access 0' command is executed.
22:22:39 INFO  : ----------------XSDB Script----------------
connect -path [list tcp::1534 tcp:192.168.226.142:60385]
source D:/Drive_D/ELD2023/Endsem2021/Endsem2021.sdk/design_1_wrapper_hw_platform_0/ps7_init.tcl
targets -set -nocase -filter {name =~"APU*" && jtag_cable_name =~ "Digilent Zybo Z7 210351A78181A"} -index 0
rst -system
after 3000
targets -set -filter {jtag_cable_name =~ "Digilent Zybo Z7 210351A78181A" && level==0} -index 1
fpga -file D:/Drive_D/ELD2023/Endsem2021/Endsem2021.sdk/design_1_wrapper_hw_platform_0/design_1_wrapper.bit
targets -set -nocase -filter {name =~"APU*" && jtag_cable_name =~ "Digilent Zybo Z7 210351A78181A"} -index 0
loadhw -hw D:/Drive_D/ELD2023/Endsem2021/Endsem2021.sdk/design_1_wrapper_hw_platform_0/system.hdf -mem-ranges [list {0x40000000 0xbfffffff}]
configparams force-mem-access 1
targets -set -nocase -filter {name =~"APU*" && jtag_cable_name =~ "Digilent Zybo Z7 210351A78181A"} -index 0
ps7_init
ps7_post_config
targets -set -nocase -filter {name =~ "ARM*#0" && jtag_cable_name =~ "Digilent Zybo Z7 210351A78181A"} -index 0
dow D:/Drive_D/ELD2023/Endsem2021/Endsem2021.sdk/endsem2021/Debug/endsem2021.elf
configparams force-mem-access 0
----------------End of Script----------------

22:22:40 INFO  : Memory regions updated for context APU
22:22:40 INFO  : Launch script is exported to file 'D:\Drive_D\ELD2023\Endsem2021\Endsem2021.sdk\.sdk\launch_scripts\xilinx_c-c++_application_(system_debugger)\system_debugger_using_debug_endsem2021.elf_on_locallllllll.tcl'
22:23:56 INFO  : Disconnected from the channel tcfchan#1.
22:24:01 ERROR : (XSDB Server)Invalid target. Use "connect" command to connect to hw_server/TCF agent

