15:31:16 INFO  : Registering command handlers for SDK TCF services
15:31:17 INFO  : Launching XSCT server: xsct.bat -interactive D:\Drive_D\ELD2023\Lab9_16fft\Lab9_16fft.sdk\temp_xsdb_launch_script.tcl
15:31:19 INFO  : XSCT server has started successfully.
15:31:19 INFO  : Successfully done setting XSCT server connection channel  
15:31:20 INFO  : Successfully done setting SDK workspace  
15:31:20 INFO  : Processing command line option -hwspec D:/Drive_D/ELD2023/Lab9_16fft/Lab9_16fft.sdk/design_1_wrapper.hdf.
15:35:18 INFO  : Refreshed build settings on project Lab9_16fft
15:50:48 ERROR : Failed to connect to hardware server on host '192.168.226.142' and port '3121'.
Reason: A connection attempt failed because the connected party did not properly respond after a period of time, or established connection failed because connected host has failed to respond
15:50:57 ERROR : Failed to connect to hardware server on host '192.168.226.142' and port '55684'.
Reason: No connection could be made because the target machine actively refused it
15:51:49 ERROR : Failed to connect to hardware server on host '192.168.226.142' and port '55684'.
Reason: No connection could be made because the target machine actively refused it
15:52:04 ERROR : Failed to connect to hardware server on host '192.168.226.142' and port '55684'.
Reason: No connection could be made because the target machine actively refused it
17:26:13 INFO  : Connected through redirection to target on host '192.168.226.142' and port '62921'.
17:26:19 INFO  : Jtag cable 'Digilent Zed 210248722230' is selected.
17:26:19 INFO  : 'jtag frequency' command is executed.
17:26:19 INFO  : Sourcing of 'D:/Drive_D/ELD2023/Lab9_16fft/Lab9_16fft.sdk/design_1_wrapper_hw_platform_0/ps7_init.tcl' is done.
17:26:19 INFO  : Context for 'APU' is selected.
17:26:20 INFO  : System reset is completed.
17:26:23 INFO  : 'after 3000' command is executed.
17:26:23 INFO  : Context for 'APU' is selected.
17:26:23 INFO  : Hardware design information is loaded from 'D:/Drive_D/ELD2023/Lab9_16fft/Lab9_16fft.sdk/design_1_wrapper_hw_platform_0/system.hdf'.
17:26:23 INFO  : 'configparams force-mem-access 1' command is executed.
17:26:23 INFO  : Context for 'APU' is selected.
17:26:37 INFO  : 'ps7_init' command is executed.
17:26:37 INFO  : 'ps7_post_config' command is executed.
17:26:38 INFO  : Context for processor 'ps7_cortexa9_0' is selected.
17:26:38 INFO  : The application 'D:/Drive_D/ELD2023/Lab9_16fft/Lab9_16fft.sdk/Lab9_16fft/Debug/Lab9_16fft.elf' is downloaded to processor 'ps7_cortexa9_0'.
17:26:38 INFO  : 'configparams force-mem-access 0' command is executed.
17:26:38 INFO  : ----------------XSDB Script----------------
connect -path [list tcp::1534 tcp:192.168.226.142:62921]
source D:/Drive_D/ELD2023/Lab9_16fft/Lab9_16fft.sdk/design_1_wrapper_hw_platform_0/ps7_init.tcl
targets -set -nocase -filter {name =~"APU*" && jtag_cable_name =~ "Digilent Zed 210248722230"} -index 0
rst -system
after 3000
targets -set -nocase -filter {name =~"APU*" && jtag_cable_name =~ "Digilent Zed 210248722230"} -index 0
loadhw -hw D:/Drive_D/ELD2023/Lab9_16fft/Lab9_16fft.sdk/design_1_wrapper_hw_platform_0/system.hdf -mem-ranges [list {0x40000000 0xbfffffff}]
configparams force-mem-access 1
targets -set -nocase -filter {name =~"APU*" && jtag_cable_name =~ "Digilent Zed 210248722230"} -index 0
ps7_init
ps7_post_config
targets -set -nocase -filter {name =~ "ARM*#0" && jtag_cable_name =~ "Digilent Zed 210248722230"} -index 0
dow D:/Drive_D/ELD2023/Lab9_16fft/Lab9_16fft.sdk/Lab9_16fft/Debug/Lab9_16fft.elf
configparams force-mem-access 0
----------------End of Script----------------

17:26:38 INFO  : Launch script is exported to file 'D:\Drive_D\ELD2023\Lab9_16fft\Lab9_16fft.sdk\.sdk\launch_scripts\xilinx_c-c++_application_(system_debugger)\system_debugger_using_debug_lab9_16fft.elf_on_zedb.tcl'
17:30:10 WARN  : channel "tcfchan#1" closed
17:35:41 INFO  : Connected through redirection to target on host '192.168.226.142' and port '60839'.
17:35:47 INFO  : Jtag cable 'Digilent Zed 210248722230' is selected.
17:35:47 INFO  : 'jtag frequency' command is executed.
17:35:47 INFO  : Sourcing of 'D:/Drive_D/ELD2023/Lab9_16fft/Lab9_16fft.sdk/design_1_wrapper_hw_platform_0/ps7_init.tcl' is done.
17:35:47 INFO  : Context for 'APU' is selected.
17:35:47 INFO  : System reset is completed.
17:35:50 INFO  : 'after 3000' command is executed.
17:35:50 INFO  : Context for 'APU' is selected.
17:35:50 INFO  : Hardware design information is loaded from 'D:/Drive_D/ELD2023/Lab9_16fft/Lab9_16fft.sdk/design_1_wrapper_hw_platform_0/system.hdf'.
17:35:50 INFO  : 'configparams force-mem-access 1' command is executed.
17:35:50 INFO  : Context for 'APU' is selected.
17:35:53 INFO  : 'ps7_init' command is executed.
17:35:53 INFO  : 'ps7_post_config' command is executed.
17:35:53 INFO  : Context for processor 'ps7_cortexa9_0' is selected.
17:35:53 INFO  : The application 'D:/Drive_D/ELD2023/Lab9_16fft/Lab9_16fft.sdk/Lab9_16fft/Debug/Lab9_16fft.elf' is downloaded to processor 'ps7_cortexa9_0'.
17:35:53 INFO  : 'configparams force-mem-access 0' command is executed.
17:35:53 INFO  : ----------------XSDB Script----------------
connect -path [list tcp::1534 tcp:192.168.226.142:60839]
source D:/Drive_D/ELD2023/Lab9_16fft/Lab9_16fft.sdk/design_1_wrapper_hw_platform_0/ps7_init.tcl
targets -set -nocase -filter {name =~"APU*" && jtag_cable_name =~ "Digilent Zed 210248722230"} -index 0
rst -system
after 3000
targets -set -nocase -filter {name =~"APU*" && jtag_cable_name =~ "Digilent Zed 210248722230"} -index 0
loadhw -hw D:/Drive_D/ELD2023/Lab9_16fft/Lab9_16fft.sdk/design_1_wrapper_hw_platform_0/system.hdf -mem-ranges [list {0x40000000 0xbfffffff}]
configparams force-mem-access 1
targets -set -nocase -filter {name =~"APU*" && jtag_cable_name =~ "Digilent Zed 210248722230"} -index 0
ps7_init
ps7_post_config
targets -set -nocase -filter {name =~ "ARM*#0" && jtag_cable_name =~ "Digilent Zed 210248722230"} -index 0
dow D:/Drive_D/ELD2023/Lab9_16fft/Lab9_16fft.sdk/Lab9_16fft/Debug/Lab9_16fft.elf
configparams force-mem-access 0
----------------End of Script----------------

17:35:53 INFO  : Launch script is exported to file 'D:\Drive_D\ELD2023\Lab9_16fft\Lab9_16fft.sdk\.sdk\launch_scripts\xilinx_c-c++_application_(system_debugger)\system_debugger_using_debug_lab9_16fft.elf_on_zedb.tcl'
17:42:04 INFO  : Disconnected from the channel tcfchan#2.
14:04:36 INFO  : Registering command handlers for SDK TCF services
14:04:37 INFO  : Launching XSCT server: xsct.bat -interactive D:\Drive_D\ELD2023\Lab9_16fft\Lab9_16fft.sdk\temp_xsdb_launch_script.tcl
14:04:38 INFO  : XSCT server has started successfully.
14:04:38 INFO  : Successfully done setting XSCT server connection channel  
14:04:38 INFO  : Successfully done setting SDK workspace  
14:04:38 INFO  : Processing command line option -hwspec D:/Drive_D/ELD2023/Lab9_16fft/Lab9_16fft.sdk/design_1_wrapper.hdf.
14:04:38 INFO  : Checking for hwspec changes in the project design_1_wrapper_hw_platform_0.
14:18:10 INFO  : Connected to target on host '192.168.226.142' and port '60386'.
14:18:16 INFO  : Jtag cable 'Digilent Zed 210248722395' is selected.
14:18:16 INFO  : 'jtag frequency' command is executed.
14:18:16 INFO  : Sourcing of 'D:/Drive_D/ELD2023/Lab9_16fft/Lab9_16fft.sdk/design_1_wrapper_hw_platform_0/ps7_init.tcl' is done.
14:18:19 ERROR : no targets found with "name =~"APU*" && jtag_cable_name =~ "Digilent Zed 210248722395"". available targets:
  1  DAP (JTAG port open error. AP transaction error, DAP status 30000021)
  2  xc7z020
14:18:19 INFO  : ----------------XSDB Script----------------
connect -url tcp:192.168.226.142:60386
source D:/Drive_D/ELD2023/Lab9_16fft/Lab9_16fft.sdk/design_1_wrapper_hw_platform_0/ps7_init.tcl
targets -set -nocase -filter {name =~"APU*" && jtag_cable_name =~ "Digilent Zed 210248722395"} -index 0
----------------End of Script----------------

14:18:54 INFO  : No changes in MSS file content so not generating sources.
14:20:17 INFO  : Connected to target on host '192.168.226.142' and port '60386'.
14:20:17 INFO  : Jtag cable 'Digilent Zed 210248722395' is selected.
14:20:17 INFO  : 'jtag frequency' command is executed.
14:20:17 INFO  : Sourcing of 'D:/Drive_D/ELD2023/Lab9_16fft/Lab9_16fft.sdk/design_1_wrapper_hw_platform_0/ps7_init.tcl' is done.
14:20:25 ERROR : no targets found with "name =~"APU*" && jtag_cable_name =~ "Digilent Zed 210248722395"". available targets:
  1  DAP (JTAG port open error. AP transaction error, DAP status 30000021)
  2  xc7z020
14:20:25 INFO  : ----------------XSDB Script----------------
connect -url tcp:192.168.226.142:60386
source D:/Drive_D/ELD2023/Lab9_16fft/Lab9_16fft.sdk/design_1_wrapper_hw_platform_0/ps7_init.tcl
targets -set -nocase -filter {name =~"APU*" && jtag_cable_name =~ "Digilent Zed 210248722395"} -index 0
----------------End of Script----------------

14:20:59 INFO  : Connected to target on host '192.168.226.142' and port '60386'.
14:20:59 INFO  : Jtag cable 'Digilent Zed 210248722395' is selected.
14:20:59 INFO  : 'jtag frequency' command is executed.
14:20:59 INFO  : Sourcing of 'D:/Drive_D/ELD2023/Lab9_16fft/Lab9_16fft.sdk/design_1_wrapper_hw_platform_0/ps7_init.tcl' is done.
14:21:02 ERROR : no targets found with "name =~"APU*" && jtag_cable_name =~ "Digilent Zed 210248722395"". available targets:
  1  DAP (JTAG port open error. AP transaction error, DAP status 30000021)
  2  xc7z020
14:21:02 INFO  : ----------------XSDB Script----------------
connect -url tcp:192.168.226.142:60386
source D:/Drive_D/ELD2023/Lab9_16fft/Lab9_16fft.sdk/design_1_wrapper_hw_platform_0/ps7_init.tcl
targets -set -nocase -filter {name =~"APU*" && jtag_cable_name =~ "Digilent Zed 210248722395"} -index 0
----------------End of Script----------------

14:22:42 INFO  : Connected through redirection to target on host '192.168.226.142' and port '62975'.
14:22:48 INFO  : Jtag cable 'Digilent Zed 210248A39C89' is selected.
14:22:48 INFO  : 'jtag frequency' command is executed.
14:22:48 INFO  : Sourcing of 'D:/Drive_D/ELD2023/Lab9_16fft/Lab9_16fft.sdk/design_1_wrapper_hw_platform_0/ps7_init.tcl' is done.
14:22:53 INFO  : Context for 'APU' is selected.
14:22:53 INFO  : System reset is completed.
14:22:56 INFO  : 'after 3000' command is executed.
14:23:00 INFO  : Context for 'APU' is selected.
14:23:00 INFO  : Hardware design information is loaded from 'D:/Drive_D/ELD2023/Lab9_16fft/Lab9_16fft.sdk/design_1_wrapper_hw_platform_0/system.hdf'.
14:23:00 INFO  : 'configparams force-mem-access 1' command is executed.
14:23:00 INFO  : Context for 'APU' is selected.
14:23:02 INFO  : 'ps7_init' command is executed.
14:23:02 INFO  : 'ps7_post_config' command is executed.
14:23:03 INFO  : Context for processor 'ps7_cortexa9_0' is selected.
14:23:03 INFO  : The application 'D:/Drive_D/ELD2023/Lab9_16fft/Lab9_16fft.sdk/Lab9_16fft/Debug/Lab9_16fft.elf' is downloaded to processor 'ps7_cortexa9_0'.
14:23:03 INFO  : 'configparams force-mem-access 0' command is executed.
14:23:03 INFO  : ----------------XSDB Script----------------
connect -path [list tcp::1534 tcp:192.168.226.142:62975]
source D:/Drive_D/ELD2023/Lab9_16fft/Lab9_16fft.sdk/design_1_wrapper_hw_platform_0/ps7_init.tcl
targets -set -nocase -filter {name =~"APU*" && jtag_cable_name =~ "Digilent Zed 210248A39C89"} -index 0
rst -system
after 3000
targets -set -nocase -filter {name =~"APU*" && jtag_cable_name =~ "Digilent Zed 210248A39C89"} -index 0
loadhw -hw D:/Drive_D/ELD2023/Lab9_16fft/Lab9_16fft.sdk/design_1_wrapper_hw_platform_0/system.hdf -mem-ranges [list {0x40000000 0xbfffffff}]
configparams force-mem-access 1
targets -set -nocase -filter {name =~"APU*" && jtag_cable_name =~ "Digilent Zed 210248A39C89"} -index 0
ps7_init
ps7_post_config
targets -set -nocase -filter {name =~ "ARM*#0" && jtag_cable_name =~ "Digilent Zed 210248A39C89"} -index 0
dow D:/Drive_D/ELD2023/Lab9_16fft/Lab9_16fft.sdk/Lab9_16fft/Debug/Lab9_16fft.elf
configparams force-mem-access 0
----------------End of Script----------------

14:23:03 INFO  : Launch script is exported to file 'D:\Drive_D\ELD2023\Lab9_16fft\Lab9_16fft.sdk\.sdk\launch_scripts\xilinx_c-c++_application_(system_debugger)\system_debugger_using_debug_lab9_16fft.elf_on_zedb.tcl'
14:30:10 WARN  : channel "tcfchan#2" closed
14:31:26 INFO  : Connected through redirection to target on host '192.168.226.142' and port '59202'.
14:31:26 INFO  : Jtag cable 'Digilent Zed 210248A39C89' is selected.
14:31:26 INFO  : 'jtag frequency' command is executed.
14:31:26 INFO  : Sourcing of 'D:/Drive_D/ELD2023/Lab9_16fft/Lab9_16fft.sdk/design_1_wrapper_hw_platform_0/ps7_init.tcl' is done.
14:31:32 INFO  : Context for 'APU' is selected.
14:31:33 INFO  : System reset is completed.
14:31:36 INFO  : 'after 3000' command is executed.
14:31:41 INFO  : Context for 'APU' is selected.
14:31:41 INFO  : Hardware design information is loaded from 'D:/Drive_D/ELD2023/Lab9_16fft/Lab9_16fft.sdk/design_1_wrapper_hw_platform_0/system.hdf'.
14:31:41 INFO  : 'configparams force-mem-access 1' command is executed.
14:31:41 INFO  : Context for 'APU' is selected.
14:31:43 INFO  : 'ps7_init' command is executed.
14:31:43 INFO  : 'ps7_post_config' command is executed.
14:31:43 INFO  : Context for processor 'ps7_cortexa9_0' is selected.
14:31:43 INFO  : The application 'D:/Drive_D/ELD2023/Lab9_16fft/Lab9_16fft.sdk/Lab9_16fft/Debug/Lab9_16fft.elf' is downloaded to processor 'ps7_cortexa9_0'.
14:31:43 INFO  : 'configparams force-mem-access 0' command is executed.
14:31:43 INFO  : ----------------XSDB Script----------------
connect -path [list tcp::1534 tcp:192.168.226.142:59202]
source D:/Drive_D/ELD2023/Lab9_16fft/Lab9_16fft.sdk/design_1_wrapper_hw_platform_0/ps7_init.tcl
targets -set -nocase -filter {name =~"APU*" && jtag_cable_name =~ "Digilent Zed 210248A39C89"} -index 0
rst -system
after 3000
targets -set -nocase -filter {name =~"APU*" && jtag_cable_name =~ "Digilent Zed 210248A39C89"} -index 0
loadhw -hw D:/Drive_D/ELD2023/Lab9_16fft/Lab9_16fft.sdk/design_1_wrapper_hw_platform_0/system.hdf -mem-ranges [list {0x40000000 0xbfffffff}]
configparams force-mem-access 1
targets -set -nocase -filter {name =~"APU*" && jtag_cable_name =~ "Digilent Zed 210248A39C89"} -index 0
ps7_init
ps7_post_config
targets -set -nocase -filter {name =~ "ARM*#0" && jtag_cable_name =~ "Digilent Zed 210248A39C89"} -index 0
dow D:/Drive_D/ELD2023/Lab9_16fft/Lab9_16fft.sdk/Lab9_16fft/Debug/Lab9_16fft.elf
configparams force-mem-access 0
----------------End of Script----------------

14:31:43 INFO  : Launch script is exported to file 'D:\Drive_D\ELD2023\Lab9_16fft\Lab9_16fft.sdk\.sdk\launch_scripts\xilinx_c-c++_application_(system_debugger)\system_debugger_using_debug_lab9_16fft.elf_on_zedb.tcl'
14:32:05 ERROR : (XSDB Server)invalid command name "jagterminal"

14:34:16 INFO  : Disconnected from the channel tcfchan#3.
14:34:17 INFO  : Connected through redirection to target on host '192.168.226.142' and port '59202'.
14:34:17 INFO  : Jtag cable 'Digilent Zed 210248A39C89' is selected.
14:34:17 INFO  : 'jtag frequency' command is executed.
14:34:17 INFO  : Sourcing of 'D:/Drive_D/ELD2023/Lab9_16fft/Lab9_16fft.sdk/design_1_wrapper_hw_platform_0/ps7_init.tcl' is done.
14:34:17 INFO  : Context for 'APU' is selected.
14:34:18 INFO  : System reset is completed.
14:34:21 INFO  : 'after 3000' command is executed.
14:34:21 INFO  : Context for 'APU' is selected.
14:34:22 INFO  : Hardware design information is loaded from 'D:/Drive_D/ELD2023/Lab9_16fft/Lab9_16fft.sdk/design_1_wrapper_hw_platform_0/system.hdf'.
14:34:22 INFO  : 'configparams force-mem-access 1' command is executed.
14:34:22 INFO  : Context for 'APU' is selected.
14:34:24 INFO  : 'ps7_init' command is executed.
14:34:24 INFO  : 'ps7_post_config' command is executed.
14:34:24 INFO  : Context for processor 'ps7_cortexa9_0' is selected.
14:34:24 INFO  : The application 'D:/Drive_D/ELD2023/Lab9_16fft/Lab9_16fft.sdk/Lab9_16fft/Debug/Lab9_16fft.elf' is downloaded to processor 'ps7_cortexa9_0'.
14:34:24 INFO  : 'configparams force-mem-access 0' command is executed.
14:34:24 INFO  : ----------------XSDB Script----------------
connect -path [list tcp::1534 tcp:192.168.226.142:59202]
source D:/Drive_D/ELD2023/Lab9_16fft/Lab9_16fft.sdk/design_1_wrapper_hw_platform_0/ps7_init.tcl
targets -set -nocase -filter {name =~"APU*" && jtag_cable_name =~ "Digilent Zed 210248A39C89"} -index 0
rst -system
after 3000
targets -set -nocase -filter {name =~"APU*" && jtag_cable_name =~ "Digilent Zed 210248A39C89"} -index 0
loadhw -hw D:/Drive_D/ELD2023/Lab9_16fft/Lab9_16fft.sdk/design_1_wrapper_hw_platform_0/system.hdf -mem-ranges [list {0x40000000 0xbfffffff}]
configparams force-mem-access 1
targets -set -nocase -filter {name =~"APU*" && jtag_cable_name =~ "Digilent Zed 210248A39C89"} -index 0
ps7_init
ps7_post_config
targets -set -nocase -filter {name =~ "ARM*#0" && jtag_cable_name =~ "Digilent Zed 210248A39C89"} -index 0
dow D:/Drive_D/ELD2023/Lab9_16fft/Lab9_16fft.sdk/Lab9_16fft/Debug/Lab9_16fft.elf
configparams force-mem-access 0
----------------End of Script----------------

14:34:24 INFO  : Launch script is exported to file 'D:\Drive_D\ELD2023\Lab9_16fft\Lab9_16fft.sdk\.sdk\launch_scripts\xilinx_c-c++_application_(system_debugger)\system_debugger_using_debug_lab9_16fft.elf_on_zedb.tcl'
14:41:01 WARN  : channel "tcfchan#4" closed
11:35:16 INFO  : Launching XSCT server: xsct.bat -interactive D:\Drive_D\ELD2023\Lab9_16fft\Lab9_16fft.sdk\temp_xsdb_launch_script.tcl
11:35:16 INFO  : Registering command handlers for SDK TCF services
11:35:19 INFO  : XSCT server has started successfully.
11:35:19 INFO  : Successfully done setting XSCT server connection channel  
11:35:19 INFO  : Processing command line option -hwspec D:/Drive_D/ELD2023/Lab9_16fft/Lab9_16fft.sdk/design_1_wrapper.hdf.
11:35:19 INFO  : Successfully done setting SDK workspace  
11:35:19 INFO  : Checking for hwspec changes in the project design_1_wrapper_hw_platform_0.
11:35:50 INFO  : Connected through redirection to target on host '192.168.226.142' and port '54542'.
11:35:51 INFO  : Jtag cable 'Digilent Zed 210248722230' is selected.
11:35:51 INFO  : 'jtag frequency' command is executed.
11:35:51 INFO  : Sourcing of 'D:/Drive_D/ELD2023/Lab9_16fft/Lab9_16fft.sdk/design_1_wrapper_hw_platform_0/ps7_init.tcl' is done.
11:35:51 INFO  : Context for 'APU' is selected.
11:35:51 INFO  : System reset is completed.
11:35:54 INFO  : 'after 3000' command is executed.
11:35:54 INFO  : Context for 'APU' is selected.
11:35:54 INFO  : Hardware design information is loaded from 'D:/Drive_D/ELD2023/Lab9_16fft/Lab9_16fft.sdk/design_1_wrapper_hw_platform_0/system.hdf'.
11:35:54 INFO  : 'configparams force-mem-access 1' command is executed.
11:35:54 INFO  : Context for 'APU' is selected.
11:35:56 INFO  : 'ps7_init' command is executed.
11:35:57 INFO  : 'ps7_post_config' command is executed.
11:35:57 INFO  : Context for processor 'ps7_cortexa9_0' is selected.
11:35:57 INFO  : The application 'D:/Drive_D/ELD2023/Lab9_16fft/Lab9_16fft.sdk/Lab9_16fft/Debug/Lab9_16fft.elf' is downloaded to processor 'ps7_cortexa9_0'.
11:35:57 INFO  : 'configparams force-mem-access 0' command is executed.
11:35:57 INFO  : ----------------XSDB Script----------------
connect -path [list tcp::1541 tcp:192.168.226.142:54542]
source D:/Drive_D/ELD2023/Lab9_16fft/Lab9_16fft.sdk/design_1_wrapper_hw_platform_0/ps7_init.tcl
targets -set -nocase -filter {name =~"APU*" && jtag_cable_name =~ "Digilent Zed 210248722230"} -index 0
rst -system
after 3000
targets -set -nocase -filter {name =~"APU*" && jtag_cable_name =~ "Digilent Zed 210248722230"} -index 0
loadhw -hw D:/Drive_D/ELD2023/Lab9_16fft/Lab9_16fft.sdk/design_1_wrapper_hw_platform_0/system.hdf -mem-ranges [list {0x40000000 0xbfffffff}]
configparams force-mem-access 1
targets -set -nocase -filter {name =~"APU*" && jtag_cable_name =~ "Digilent Zed 210248722230"} -index 0
ps7_init
ps7_post_config
targets -set -nocase -filter {name =~ "ARM*#0" && jtag_cable_name =~ "Digilent Zed 210248722230"} -index 0
dow D:/Drive_D/ELD2023/Lab9_16fft/Lab9_16fft.sdk/Lab9_16fft/Debug/Lab9_16fft.elf
configparams force-mem-access 0
----------------End of Script----------------

11:35:57 INFO  : Launch script is exported to file 'D:\Drive_D\ELD2023\Lab9_16fft\Lab9_16fft.sdk\.sdk\launch_scripts\xilinx_c-c++_application_(system_debugger)\system_debugger_using_debug_lab9_16fft.elf_on_zedb.tcl'
11:37:02 INFO  : Disconnected from the channel tcfchan#1.
01:20:01 INFO  : Launching XSCT server: xsct.bat -interactive D:\Drive_D\ELD2023\Lab9_16fft\Lab9_16fft.sdk\temp_xsdb_launch_script.tcl
01:20:02 INFO  : Registering command handlers for SDK TCF services
01:20:05 INFO  : XSCT server has started successfully.
01:20:06 INFO  : Successfully done setting XSCT server connection channel  
01:20:06 INFO  : Successfully done setting SDK workspace  
01:20:06 INFO  : Processing command line option -hwspec D:/Drive_D/ELD2023/Lab9_16fft/Lab9_16fft.sdk/design_1_wrapper.hdf.
01:20:06 INFO  : Checking for hwspec changes in the project design_1_wrapper_hw_platform_0.
13:05:01 INFO  : Launching XSCT server: xsct.bat -interactive D:\Drive_D\ELD2023\Lab9_16fft\Lab9_16fft.sdk\temp_xsdb_launch_script.tcl
13:05:01 INFO  : Registering command handlers for SDK TCF services
13:05:02 INFO  : XSCT server has started successfully.
13:05:02 INFO  : Successfully done setting XSCT server connection channel  
13:05:02 INFO  : Successfully done setting SDK workspace  
13:05:02 INFO  : Processing command line option -hwspec D:/Drive_D/ELD2023/Lab9_16fft/Lab9_16fft.sdk/design_1_wrapper.hdf.
13:05:02 INFO  : Checking for hwspec changes in the project design_1_wrapper_hw_platform_0.
